2024-12-03 01:02:59,695 - DEBUG - url: https://www.xdomain.ne.jp/
2024-12-03 01:03:01,582 - DEBUG - url: https://www.conoha.jp/wing/domain/
2024-12-03 01:03:03,530 - DEBUG - url: https://www.onamae.com/service/domainregist/
2024-12-03 01:04:37,081 - DEBUG - url: https://www.xdomain.ne.jp/
2024-12-03 01:04:38,588 - DEBUG - url: https://www.conoha.jp/wing/domain/
2024-12-03 01:04:41,101 - DEBUG - url: https://www.onamae.com/service/domainregist/
2024-12-03 01:05:08,705 - DEBUG - url: https://www.xdomain.ne.jp/
2024-12-03 01:05:15,069 - DEBUG - url: https://www.conoha.jp/wing/domain/
2024-12-03 01:05:17,958 - DEBUG - url: https://www.onamae.com/service/domainregist/
2024-12-03 01:05:42,848 - DEBUG - url: https://www.xdomain.ne.jp/
2024-12-03 01:07:43,763 - DEBUG - url: https://www.conoha.jp/wing/domain/
2024-12-03 01:08:10,869 - DEBUG - url: https://www.onamae.com/service/domainregist/
2024-12-03 01:09:13,174 - DEBUG - url: https://www.xdomain.ne.jp/
2024-12-03 01:09:28,539 - DEBUG - url: https://www.conoha.jp/wing/domain/
2024-12-03 01:09:31,232 - DEBUG - url: https://www.onamae.com/service/domainregist/
2024-12-03 01:10:03,750 - DEBUG - url: https://www.xdomain.ne.jp/
2024-12-03 01:10:53,686 - DEBUG - url: https://www.conoha.jp/wing/domain/
2024-12-03 01:10:56,233 - DEBUG - url: https://www.onamae.com/service/domainregist/
2024-12-03 01:15:02,242 - DEBUG - url: https://www.xdomain.ne.jp/
2024-12-03 01:18:43,246 - DEBUG - full_path: /Users/nyanyacyan/Desktop/project_file/domain_search/installer/resultOutput/screenshot/Xserver_netz-okhotsk.jp241203_011501.png
2024-12-03 01:18:53,366 - INFO - 【存在確認済】テキストファイル書き込み完了: /Users/nyanyacyan/Desktop/project_file/domain_search/installer/resultOutput/screenshot/Xserver_netz-okhotsk.jp241203_011501.png
2024-12-03 01:24:23,304 - DEBUG - url: https://www.xdomain.ne.jp/
2024-12-03 01:24:46,159 - DEBUG - full_path: /Users/nyanyacyan/Desktop/project_file/domain_search/installer/resultOutput/screenshot/Xserver_netz-okhotsk241203_012422.png
2024-12-03 01:31:56,404 - INFO - 【存在確認済】テキストファイル書き込み完了: /Users/nyanyacyan/Desktop/project_file/domain_search/installer/resultOutput/screenshot/Xserver_netz-okhotsk241203_012422.png
2024-12-03 01:38:07,514 - DEBUG - url: https://www.xdomain.ne.jp/
2024-12-03 01:38:23,542 - DEBUG - full_path: /Users/nyanyacyan/Desktop/project_file/domain_search/installer/resultOutput/screenshot/Xserver_netz-okhotsk241203_013806.png
2024-12-03 01:38:33,118 - INFO - 【存在確認済】テキストファイル書き込み完了: /Users/nyanyacyan/Desktop/project_file/domain_search/installer/resultOutput/screenshot/Xserver_netz-okhotsk241203_013806.png
2024-12-03 01:38:43,254 - DEBUG - url: https://www.conoha.jp/wing/domain/
2024-12-03 01:38:45,914 - DEBUG - url: https://www.onamae.com/service/domainregist/
2024-12-03 01:38:51,017 - DEBUG - full_path: /Users/nyanyacyan/Desktop/project_file/domain_search/installer/resultOutput/screenshot/お名前.com_netz-okhotsk241203_013806.png
2024-12-03 01:38:51,017 - INFO - 【存在確認済】テキストファイル書き込み完了: /Users/nyanyacyan/Desktop/project_file/domain_search/installer/resultOutput/screenshot/お名前.com_netz-okhotsk241203_013806.png
2024-12-03 01:38:51,018 - INFO - 3つ以上のファイルを検知: /Users/nyanyacyan/Desktop/project_file/domain_search/installer/resultOutput/screenshot/Xserver_netz-okhotsk.jp241203_011501.png を削除
2024-12-03 01:39:12,563 - DEBUG - url: https://www.xdomain.ne.jp/
2024-12-03 01:39:19,607 - DEBUG - full_path: /Users/nyanyacyan/Desktop/project_file/domain_search/installer/resultOutput/screenshot/Xserver_netz-okhotsk241203_013911.png
2024-12-03 01:39:19,608 - INFO - 【存在確認済】テキストファイル書き込み完了: /Users/nyanyacyan/Desktop/project_file/domain_search/installer/resultOutput/screenshot/Xserver_netz-okhotsk241203_013911.png
2024-12-03 01:39:19,609 - INFO - 3つ以上のファイルを検知: /Users/nyanyacyan/Desktop/project_file/domain_search/installer/resultOutput/screenshot/Xserver_netz-okhotsk241203_012422.png を削除
2024-12-03 01:39:19,610 - DEBUG - url: https://www.conoha.jp/wing/domain/
2024-12-03 01:39:22,528 - DEBUG - url: https://www.onamae.com/service/domainregist/
2024-12-03 01:39:26,496 - DEBUG - full_path: /Users/nyanyacyan/Desktop/project_file/domain_search/installer/resultOutput/screenshot/お名前.com_netz-okhotsk241203_013911.png
2024-12-03 01:39:26,496 - INFO - 【存在確認済】テキストファイル書き込み完了: /Users/nyanyacyan/Desktop/project_file/domain_search/installer/resultOutput/screenshot/お名前.com_netz-okhotsk241203_013911.png
2024-12-03 01:39:26,496 - INFO - 3つ以上のファイルを検知: /Users/nyanyacyan/Desktop/project_file/domain_search/installer/resultOutput/screenshot/Xserver_netz-okhotsk241203_013806.png を削除
2024-12-03 01:40:06,301 - DEBUG - url: https://www.xdomain.ne.jp/
2024-12-03 01:40:12,937 - DEBUG - full_path: /Users/nyanyacyan/Desktop/project_file/domain_search/installer/resultOutput/screenshot/Xserver_netz-okhotsk241203_014005.png
2024-12-03 01:40:12,937 - INFO - 【存在確認済】テキストファイル書き込み完了: /Users/nyanyacyan/Desktop/project_file/domain_search/installer/resultOutput/screenshot/Xserver_netz-okhotsk241203_014005.png
2024-12-03 01:40:12,938 - INFO - 3つ以上のファイルを検知: /Users/nyanyacyan/Desktop/project_file/domain_search/installer/resultOutput/screenshot/お名前.com_netz-okhotsk241203_013806.png を削除
2024-12-03 01:40:12,939 - DEBUG - url: https://www.conoha.jp/wing/domain/
2024-12-03 01:40:15,714 - DEBUG - url: https://www.onamae.com/service/domainregist/
2024-12-03 01:40:21,549 - DEBUG - full_path: /Users/nyanyacyan/Desktop/project_file/domain_search/installer/resultOutput/screenshot/お名前.com_netz-okhotsk241203_014005.png
2024-12-03 01:40:21,549 - INFO - 【存在確認済】テキストファイル書き込み完了: /Users/nyanyacyan/Desktop/project_file/domain_search/installer/resultOutput/screenshot/お名前.com_netz-okhotsk241203_014005.png
2024-12-03 01:40:21,549 - INFO - 3つ以上のファイルを検知: /Users/nyanyacyan/Desktop/project_file/domain_search/installer/resultOutput/screenshot/Xserver_netz-okhotsk241203_013911.png を削除
2024-12-03 01:41:37,182 - DEBUG - url: https://www.xdomain.ne.jp/
2024-12-03 01:41:43,847 - DEBUG - full_path: /Users/nyanyacyan/Desktop/project_file/domain_search/installer/resultOutput/screenshot/Xserver_netz-okhotsk241203_014136.png
2024-12-03 01:41:43,847 - INFO - 【存在確認済】テキストファイル書き込み完了: /Users/nyanyacyan/Desktop/project_file/domain_search/installer/resultOutput/screenshot/Xserver_netz-okhotsk241203_014136.png
2024-12-03 01:41:43,852 - INFO - 3つ以上のファイルを検知: /Users/nyanyacyan/Desktop/project_file/domain_search/installer/resultOutput/screenshot/お名前.com_netz-okhotsk241203_013911.png を削除
2024-12-03 01:43:30,784 - DEBUG - url: https://www.xdomain.ne.jp/
2024-12-03 01:43:37,942 - DEBUG - full_path: /Users/nyanyacyan/Desktop/project_file/domain_search/installer/resultOutput/screenshot/Xserver_netz-okhotsk241203_014330.png
2024-12-03 01:43:37,942 - INFO - 【存在確認済】テキストファイル書き込み完了: /Users/nyanyacyan/Desktop/project_file/domain_search/installer/resultOutput/screenshot/Xserver_netz-okhotsk241203_014330.png
2024-12-03 01:43:37,943 - INFO - 3つ以上のファイルを検知: /Users/nyanyacyan/Desktop/project_file/domain_search/installer/resultOutput/screenshot/Xserver_netz-okhotsk241203_014005.png を削除
2024-12-03 01:51:38,670 - DEBUG - url: https://www.xdomain.ne.jp/
2024-12-03 01:51:46,802 - DEBUG - full_path: /Users/nyanyacyan/Desktop/project_file/domain_search/installer/resultOutput/screenshot/Xserver_netz-okhotsk241203_015137.png
2024-12-03 01:51:46,803 - INFO - 【存在確認済】テキストファイル書き込み完了: /Users/nyanyacyan/Desktop/project_file/domain_search/installer/resultOutput/screenshot/Xserver_netz-okhotsk241203_015137.png
2024-12-03 01:51:46,804 - INFO - 3つ以上のファイルを検知: /Users/nyanyacyan/Desktop/project_file/domain_search/installer/resultOutput/screenshot/お名前.com_netz-okhotsk241203_014005.png を削除
2024-12-03 01:54:35,405 - DEBUG - url: https://www.xdomain.ne.jp/
2024-12-03 01:54:42,931 - DEBUG - full_path: /Users/nyanyacyan/Desktop/project_file/domain_search/installer/resultOutput/screenshot/Xserver_netz-okhotsk241203_015434.png
2024-12-03 01:54:42,931 - INFO - 【存在確認済】テキストファイル書き込み完了: /Users/nyanyacyan/Desktop/project_file/domain_search/installer/resultOutput/screenshot/Xserver_netz-okhotsk241203_015434.png
2024-12-03 01:54:42,932 - INFO - 3つ以上のファイルを検知: /Users/nyanyacyan/Desktop/project_file/domain_search/installer/resultOutput/screenshot/Xserver_netz-okhotsk241203_014136.png を削除
2024-12-03 02:02:35,065 - DEBUG - url: https://www.xdomain.ne.jp/
2024-12-03 02:02:42,349 - DEBUG - full_path: /Users/nyanyacyan/Desktop/project_file/domain_search/installer/resultOutput/screenshot/Xserver_netz-okhotsk241203_020234.png
2024-12-03 02:02:42,349 - INFO - 【存在確認済】テキストファイル書き込み完了: /Users/nyanyacyan/Desktop/project_file/domain_search/installer/resultOutput/screenshot/Xserver_netz-okhotsk241203_020234.png
2024-12-03 02:02:42,350 - INFO - 3つ以上のファイルを検知: /Users/nyanyacyan/Desktop/project_file/domain_search/installer/resultOutput/screenshot/Xserver_netz-okhotsk241203_014330.png を削除
2024-12-03 02:08:00,392 - DEBUG - url: https://www.xdomain.ne.jp/
2024-12-03 02:08:07,496 - DEBUG - full_path: /Users/nyanyacyan/Desktop/project_file/domain_search/installer/resultOutput/screenshot/Xserver_netz-okhotsk241203_020759.png
2024-12-03 02:08:07,497 - INFO - 【存在確認済】テキストファイル書き込み完了: /Users/nyanyacyan/Desktop/project_file/domain_search/installer/resultOutput/screenshot/Xserver_netz-okhotsk241203_020759.png
2024-12-03 02:08:07,498 - INFO - 3つ以上のファイルを検知: /Users/nyanyacyan/Desktop/project_file/domain_search/installer/resultOutput/screenshot/Xserver_netz-okhotsk241203_015137.png を削除
2024-12-03 02:08:32,591 - DEBUG - url: https://www.xdomain.ne.jp/
2024-12-03 02:08:40,657 - DEBUG - full_path: /Users/nyanyacyan/Desktop/project_file/domain_search/installer/resultOutput/screenshot/Xserver_netz-okhotsk241203_020831.png
2024-12-03 02:08:40,657 - INFO - 【存在確認済】テキストファイル書き込み完了: /Users/nyanyacyan/Desktop/project_file/domain_search/installer/resultOutput/screenshot/Xserver_netz-okhotsk241203_020831.png
2024-12-03 02:08:40,658 - INFO - 3つ以上のファイルを検知: /Users/nyanyacyan/Desktop/project_file/domain_search/installer/resultOutput/screenshot/Xserver_netz-okhotsk241203_015434.png を削除
2024-12-03 02:09:54,140 - DEBUG - url: https://www.conoha.jp/wing/domain/
2024-12-03 02:09:56,826 - DEBUG - url: https://www.onamae.com/service/domainregist/
2024-12-03 02:10:03,812 - DEBUG - full_path: /Users/nyanyacyan/Desktop/project_file/domain_search/installer/resultOutput/screenshot/お名前.com_netz-okhotsk241203_020831.png
2024-12-03 02:10:03,813 - INFO - 【存在確認済】テキストファイル書き込み完了: /Users/nyanyacyan/Desktop/project_file/domain_search/installer/resultOutput/screenshot/お名前.com_netz-okhotsk241203_020831.png
2024-12-03 02:10:03,814 - INFO - 3つ以上のファイルを検知: /Users/nyanyacyan/Desktop/project_file/domain_search/installer/resultOutput/screenshot/Xserver_netz-okhotsk241203_020234.png を削除
2024-12-03 02:15:10,157 - DEBUG - url: https://www.xdomain.ne.jp/
2024-12-03 02:15:17,781 - DEBUG - full_path: /Users/nyanyacyan/Desktop/project_file/domain_search/installer/resultOutput/screenshot/Xserver_netz-okhotsk241203_021509.png
2024-12-03 02:15:17,781 - INFO - 【存在確認済】テキストファイル書き込み完了: /Users/nyanyacyan/Desktop/project_file/domain_search/installer/resultOutput/screenshot/Xserver_netz-okhotsk241203_021509.png
2024-12-03 02:15:17,782 - INFO - 3つ以上のファイルを検知: /Users/nyanyacyan/Desktop/project_file/domain_search/installer/resultOutput/screenshot/Xserver_netz-okhotsk241203_020759.png を削除
2024-12-03 04:20:31,613 - DEBUG - url: https://www.xdomain.ne.jp/
2024-12-03 04:21:32,004 - DEBUG - url: https://www.conoha.jp/wing/domain/
2024-12-03 04:21:41,721 - DEBUG - url: https://www.onamae.com/service/domainregist/
2024-12-03 04:30:29,671 - DEBUG - url: https://www.xdomain.ne.jp/
2024-12-03 04:30:43,917 - DEBUG - url: https://www.conoha.jp/wing/domain/
2024-12-03 04:30:46,792 - DEBUG - url: https://www.onamae.com/service/domainregist/
2024-12-03 04:47:00,828 - DEBUG - url: https://www.xdomain.ne.jp/
2024-12-03 04:51:23,785 - DEBUG - url: https://www.xdomain.ne.jp/
2024-12-03 04:53:20,276 - DEBUG - url: https://www.xdomain.ne.jp/
2024-12-03 04:53:34,751 - DEBUG - url: https://www.xdomain.ne.jp/
2024-12-03 04:53:53,721 - DEBUG - url: https://www.xdomain.ne.jp/
2024-12-03 04:54:05,935 - DEBUG - full_path: /Users/nyanyacyan/Desktop/project_file/domain_search/installer/resultOutput/screenshot/Xserver_jihnu241203_045123.png
2024-12-03 04:54:05,935 - INFO - 【存在確認済】テキストファイル書き込み完了: /Users/nyanyacyan/Desktop/project_file/domain_search/installer/resultOutput/screenshot/Xserver_jihnu241203_045123.png
2024-12-03 04:54:05,937 - INFO - 3つ以上のファイルを検知: /Users/nyanyacyan/Desktop/project_file/domain_search/installer/resultOutput/screenshot/Xserver_netz-okhotsk241203_020831.png を削除
2024-12-03 04:54:28,398 - DEBUG - url: https://www.conoha.jp/wing/domain/
2024-12-03 04:54:31,026 - DEBUG - url: https://www.onamae.com/service/domainregist/
2024-12-03 04:54:37,757 - DEBUG - full_path: /Users/nyanyacyan/Desktop/project_file/domain_search/installer/resultOutput/screenshot/お名前.com_netz-okhotsk241203_045123.png
2024-12-03 04:54:37,757 - INFO - 【存在確認済】テキストファイル書き込み完了: /Users/nyanyacyan/Desktop/project_file/domain_search/installer/resultOutput/screenshot/お名前.com_netz-okhotsk241203_045123.png
2024-12-03 04:54:37,758 - INFO - 3つ以上のファイルを検知: /Users/nyanyacyan/Desktop/project_file/domain_search/installer/resultOutput/screenshot/お名前.com_netz-okhotsk241203_020831.png を削除
2024-12-03 04:55:46,858 - DEBUG - url: https://www.xdomain.ne.jp/
2024-12-03 04:55:53,461 - DEBUG - url: https://www.xdomain.ne.jp/
2024-12-03 04:55:58,976 - DEBUG - url: https://www.xdomain.ne.jp/
2024-12-03 04:56:05,556 - DEBUG - url: https://www.xdomain.ne.jp/
2024-12-03 04:56:12,080 - DEBUG - full_path: /Users/nyanyacyan/Desktop/project_file/domain_search/installer/resultOutput/screenshot/Xserver_jihnu241203_045546.png
2024-12-03 04:56:12,080 - INFO - 【存在確認済】テキストファイル書き込み完了: /Users/nyanyacyan/Desktop/project_file/domain_search/installer/resultOutput/screenshot/Xserver_jihnu241203_045546.png
2024-12-03 04:56:12,083 - INFO - 3つ以上のファイルを検知: /Users/nyanyacyan/Desktop/project_file/domain_search/installer/resultOutput/screenshot/Xserver_netz-okhotsk241203_021509.png を削除
2024-12-03 04:57:34,790 - DEBUG - url: https://www.xdomain.ne.jp/
2024-12-03 04:57:40,629 - DEBUG - url: https://www.conoha.jp/wing/domain/
2024-12-03 04:57:43,576 - DEBUG - url: https://www.onamae.com/service/domainregist/
2024-12-03 04:57:47,955 - DEBUG - full_path: /Users/nyanyacyan/Desktop/project_file/domain_search/installer/resultOutput/screenshot/お名前.com_netz-okhotsk241203_045546.png
2024-12-03 04:57:47,955 - INFO - 【存在確認済】テキストファイル書き込み完了: /Users/nyanyacyan/Desktop/project_file/domain_search/installer/resultOutput/screenshot/お名前.com_netz-okhotsk241203_045546.png
2024-12-03 04:57:47,956 - INFO - 3つ以上のファイルを検知: /Users/nyanyacyan/Desktop/project_file/domain_search/installer/resultOutput/screenshot/Xserver_jihnu241203_045123.png を削除
2024-12-03 04:57:57,820 - DEBUG - url: https://www.onamae.com/service/domainregist/
2024-12-03 04:58:01,668 - DEBUG - full_path: /Users/nyanyacyan/Desktop/project_file/domain_search/installer/resultOutput/screenshot/お名前.com_chuou-niimura241203_045546.png
2024-12-03 04:58:01,668 - INFO - 【存在確認済】テキストファイル書き込み完了: /Users/nyanyacyan/Desktop/project_file/domain_search/installer/resultOutput/screenshot/お名前.com_chuou-niimura241203_045546.png
2024-12-03 04:58:01,669 - INFO - 3つ以上のファイルを検知: /Users/nyanyacyan/Desktop/project_file/domain_search/installer/resultOutput/screenshot/お名前.com_netz-okhotsk241203_045123.png を削除
2024-12-03 04:58:02,103 - DEBUG - url: https://www.onamae.com/service/domainregist/
2024-12-03 04:59:19,738 - DEBUG - full_path: /Users/nyanyacyan/Desktop/project_file/domain_search/installer/resultOutput/screenshot/お名前.com_kk-seh241203_045546.png
2024-12-03 04:59:19,738 - INFO - 【存在確認済】テキストファイル書き込み完了: /Users/nyanyacyan/Desktop/project_file/domain_search/installer/resultOutput/screenshot/お名前.com_kk-seh241203_045546.png
2024-12-03 04:59:19,739 - INFO - 3つ以上のファイルを検知: /Users/nyanyacyan/Desktop/project_file/domain_search/installer/resultOutput/screenshot/Xserver_jihnu241203_045546.png を削除
2024-12-03 04:59:20,229 - DEBUG - url: https://www.onamae.com/service/domainregist/
2024-12-03 04:59:23,308 - DEBUG - full_path: /Users/nyanyacyan/Desktop/project_file/domain_search/installer/resultOutput/screenshot/お名前.com_jihnu241203_045546.png
2024-12-03 04:59:23,308 - INFO - 【存在確認済】テキストファイル書き込み完了: /Users/nyanyacyan/Desktop/project_file/domain_search/installer/resultOutput/screenshot/お名前.com_jihnu241203_045546.png
2024-12-03 04:59:23,308 - INFO - 3つ以上のファイルを検知: /Users/nyanyacyan/Desktop/project_file/domain_search/installer/resultOutput/screenshot/お名前.com_netz-okhotsk241203_045546.png を削除
2024-12-03 04:59:24,023 - DEBUG - url: https://www.onamae.com/service/domainregist/
2024-12-03 04:59:27,447 - DEBUG - full_path: /Users/nyanyacyan/Desktop/project_file/domain_search/installer/resultOutput/screenshot/お名前.com_blog241203_045546.png
2024-12-03 04:59:27,447 - INFO - 【存在確認済】テキストファイル書き込み完了: /Users/nyanyacyan/Desktop/project_file/domain_search/installer/resultOutput/screenshot/お名前.com_blog241203_045546.png
2024-12-03 04:59:27,448 - INFO - 3つ以上のファイルを検知: /Users/nyanyacyan/Desktop/project_file/domain_search/installer/resultOutput/screenshot/お名前.com_chuou-niimura241203_045546.png を削除
2024-12-03 05:01:16,904 - DEBUG - url: https://www.xdomain.ne.jp/
2024-12-03 05:01:23,955 - DEBUG - url: https://www.xdomain.ne.jp/
2024-12-03 05:01:29,513 - DEBUG - url: https://www.xdomain.ne.jp/
2024-12-03 05:01:35,894 - DEBUG - url: https://www.xdomain.ne.jp/
2024-12-03 05:01:42,322 - DEBUG - full_path: /Users/nyanyacyan/Desktop/project_file/domain_search/installer/resultOutput/screenshot/Xserver_jihnu241203_050116.png
2024-12-03 05:01:42,322 - INFO - 【存在確認済】テキストファイル書き込み完了: /Users/nyanyacyan/Desktop/project_file/domain_search/installer/resultOutput/screenshot/Xserver_jihnu241203_050116.png
2024-12-03 05:01:42,323 - INFO - 3つ以上のファイルを検知: /Users/nyanyacyan/Desktop/project_file/domain_search/installer/resultOutput/screenshot/お名前.com_kk-seh241203_045546.png を削除
2024-12-03 05:01:43,120 - DEBUG - url: https://www.xdomain.ne.jp/
2024-12-03 05:01:48,533 - DEBUG - url: https://www.conoha.jp/wing/domain/
2024-12-03 05:01:51,427 - DEBUG - url: https://www.onamae.com/service/domainregist/
2024-12-03 05:01:55,757 - DEBUG - full_path: /Users/nyanyacyan/Desktop/project_file/domain_search/installer/resultOutput/screenshot/お名前.com_netz-okhotsk241203_050116.png
2024-12-03 05:01:55,757 - INFO - 【存在確認済】テキストファイル書き込み完了: /Users/nyanyacyan/Desktop/project_file/domain_search/installer/resultOutput/screenshot/お名前.com_netz-okhotsk241203_050116.png
2024-12-03 05:01:55,758 - INFO - 3つ以上のファイルを検知: /Users/nyanyacyan/Desktop/project_file/domain_search/installer/resultOutput/screenshot/お名前.com_jihnu241203_045546.png を削除
2024-12-03 05:01:56,073 - DEBUG - url: https://www.onamae.com/service/domainregist/
2024-12-03 05:01:59,990 - DEBUG - full_path: /Users/nyanyacyan/Desktop/project_file/domain_search/installer/resultOutput/screenshot/お名前.com_chuou-niimura241203_050116.png
2024-12-03 05:01:59,990 - INFO - 【存在確認済】テキストファイル書き込み完了: /Users/nyanyacyan/Desktop/project_file/domain_search/installer/resultOutput/screenshot/お名前.com_chuou-niimura241203_050116.png
2024-12-03 05:01:59,992 - INFO - 3つ以上のファイルを検知: /Users/nyanyacyan/Desktop/project_file/domain_search/installer/resultOutput/screenshot/お名前.com_blog241203_045546.png を削除
2024-12-03 05:02:00,331 - DEBUG - url: https://www.onamae.com/service/domainregist/
2024-12-03 05:02:03,253 - DEBUG - full_path: /Users/nyanyacyan/Desktop/project_file/domain_search/installer/resultOutput/screenshot/お名前.com_kk-seh241203_050116.png
2024-12-03 05:02:03,253 - INFO - 【存在確認済】テキストファイル書き込み完了: /Users/nyanyacyan/Desktop/project_file/domain_search/installer/resultOutput/screenshot/お名前.com_kk-seh241203_050116.png
2024-12-03 05:02:03,254 - INFO - 3つ以上のファイルを検知: /Users/nyanyacyan/Desktop/project_file/domain_search/installer/resultOutput/screenshot/Xserver_jihnu241203_050116.png を削除
2024-12-03 05:02:03,692 - DEBUG - url: https://www.onamae.com/service/domainregist/
2024-12-03 05:02:06,895 - DEBUG - full_path: /Users/nyanyacyan/Desktop/project_file/domain_search/installer/resultOutput/screenshot/お名前.com_jihnu241203_050116.png
2024-12-03 05:02:06,895 - INFO - 【存在確認済】テキストファイル書き込み完了: /Users/nyanyacyan/Desktop/project_file/domain_search/installer/resultOutput/screenshot/お名前.com_jihnu241203_050116.png
2024-12-03 05:02:06,895 - INFO - 3つ以上のファイルを検知: /Users/nyanyacyan/Desktop/project_file/domain_search/installer/resultOutput/screenshot/お名前.com_netz-okhotsk241203_050116.png を削除
2024-12-03 05:02:07,219 - DEBUG - url: https://www.onamae.com/service/domainregist/
2024-12-03 05:02:10,107 - DEBUG - full_path: /Users/nyanyacyan/Desktop/project_file/domain_search/installer/resultOutput/screenshot/お名前.com_blog241203_050116.png
2024-12-03 05:02:10,107 - INFO - 【存在確認済】テキストファイル書き込み完了: /Users/nyanyacyan/Desktop/project_file/domain_search/installer/resultOutput/screenshot/お名前.com_blog241203_050116.png
2024-12-03 05:02:10,108 - INFO - 3つ以上のファイルを検知: /Users/nyanyacyan/Desktop/project_file/domain_search/installer/resultOutput/screenshot/お名前.com_chuou-niimura241203_050116.png を削除
2024-12-03 05:12:59,566 - DEBUG - url: https://www.xdomain.ne.jp/
2024-12-03 05:13:06,060 - DEBUG - url: https://www.xdomain.ne.jp/
2024-12-03 05:13:11,702 - DEBUG - url: https://www.xdomain.ne.jp/
2024-12-03 05:13:17,867 - DEBUG - url: https://www.xdomain.ne.jp/
2024-12-03 05:13:24,127 - DEBUG - full_path: /Users/nyanyacyan/Desktop/project_file/domain_search/installer/resultOutput/screenshot/Xserver_jihnu241203_051258.png
2024-12-03 05:13:24,127 - INFO - 【存在確認済】テキストファイル書き込み完了: /Users/nyanyacyan/Desktop/project_file/domain_search/installer/resultOutput/screenshot/Xserver_jihnu241203_051258.png
2024-12-03 05:13:24,128 - INFO - 3つ以上のファイルを検知: /Users/nyanyacyan/Desktop/project_file/domain_search/installer/resultOutput/screenshot/お名前.com_kk-seh241203_050116.png を削除
2024-12-03 05:13:24,840 - DEBUG - url: https://www.xdomain.ne.jp/
2024-12-03 05:13:30,252 - DEBUG - url: https://www.conoha.jp/wing/domain/
2024-12-03 05:13:37,990 - DEBUG - full_path: /Users/nyanyacyan/Desktop/project_file/domain_search/installer/resultOutput/screenshot/Conoha Wing_netz-okhotsk241203_051258.png
2024-12-03 05:13:37,990 - INFO - 【存在確認済】テキストファイル書き込み完了: /Users/nyanyacyan/Desktop/project_file/domain_search/installer/resultOutput/screenshot/Conoha Wing_netz-okhotsk241203_051258.png
2024-12-03 05:13:37,990 - INFO - 3つ以上のファイルを検知: /Users/nyanyacyan/Desktop/project_file/domain_search/installer/resultOutput/screenshot/お名前.com_jihnu241203_050116.png を削除
2024-12-03 05:13:38,333 - DEBUG - url: https://www.conoha.jp/wing/domain/
2024-12-03 05:13:41,052 - DEBUG - url: https://www.onamae.com/service/domainregist/
2024-12-03 05:13:50,464 - DEBUG - full_path: /Users/nyanyacyan/Desktop/project_file/domain_search/installer/resultOutput/screenshot/お名前.com_netz-okhotsk241203_051258.png
2024-12-03 05:13:50,464 - INFO - 【存在確認済】テキストファイル書き込み完了: /Users/nyanyacyan/Desktop/project_file/domain_search/installer/resultOutput/screenshot/お名前.com_netz-okhotsk241203_051258.png
2024-12-03 05:13:50,465 - INFO - 3つ以上のファイルを検知: /Users/nyanyacyan/Desktop/project_file/domain_search/installer/resultOutput/screenshot/お名前.com_blog241203_050116.png を削除
2024-12-03 05:13:50,843 - DEBUG - url: https://www.onamae.com/service/domainregist/
2024-12-03 05:13:54,990 - DEBUG - full_path: /Users/nyanyacyan/Desktop/project_file/domain_search/installer/resultOutput/screenshot/お名前.com_chuou-niimura241203_051258.png
2024-12-03 05:13:54,990 - INFO - 【存在確認済】テキストファイル書き込み完了: /Users/nyanyacyan/Desktop/project_file/domain_search/installer/resultOutput/screenshot/お名前.com_chuou-niimura241203_051258.png
2024-12-03 05:13:54,990 - INFO - 3つ以上のファイルを検知: /Users/nyanyacyan/Desktop/project_file/domain_search/installer/resultOutput/screenshot/Xserver_jihnu241203_051258.png を削除
2024-12-03 05:13:55,441 - DEBUG - url: https://www.onamae.com/service/domainregist/
2024-12-03 05:13:58,275 - DEBUG - full_path: /Users/nyanyacyan/Desktop/project_file/domain_search/installer/resultOutput/screenshot/お名前.com_kk-seh241203_051258.png
2024-12-03 05:13:58,275 - INFO - 【存在確認済】テキストファイル書き込み完了: /Users/nyanyacyan/Desktop/project_file/domain_search/installer/resultOutput/screenshot/お名前.com_kk-seh241203_051258.png
2024-12-03 05:13:58,276 - INFO - 3つ以上のファイルを検知: /Users/nyanyacyan/Desktop/project_file/domain_search/installer/resultOutput/screenshot/Conoha Wing_netz-okhotsk241203_051258.png を削除
2024-12-03 05:13:58,662 - DEBUG - url: https://www.onamae.com/service/domainregist/
2024-12-03 05:14:02,424 - DEBUG - full_path: /Users/nyanyacyan/Desktop/project_file/domain_search/installer/resultOutput/screenshot/お名前.com_jihnu241203_051258.png
2024-12-03 05:14:02,424 - INFO - 【存在確認済】テキストファイル書き込み完了: /Users/nyanyacyan/Desktop/project_file/domain_search/installer/resultOutput/screenshot/お名前.com_jihnu241203_051258.png
2024-12-03 05:14:02,425 - INFO - 3つ以上のファイルを検知: /Users/nyanyacyan/Desktop/project_file/domain_search/installer/resultOutput/screenshot/お名前.com_netz-okhotsk241203_051258.png を削除
2024-12-03 05:14:02,820 - DEBUG - url: https://www.onamae.com/service/domainregist/
2024-12-03 05:14:05,965 - DEBUG - full_path: /Users/nyanyacyan/Desktop/project_file/domain_search/installer/resultOutput/screenshot/お名前.com_blog241203_051258.png
2024-12-03 05:14:05,965 - INFO - 【存在確認済】テキストファイル書き込み完了: /Users/nyanyacyan/Desktop/project_file/domain_search/installer/resultOutput/screenshot/お名前.com_blog241203_051258.png
2024-12-03 05:14:05,965 - INFO - 3つ以上のファイルを検知: /Users/nyanyacyan/Desktop/project_file/domain_search/installer/resultOutput/screenshot/お名前.com_chuou-niimura241203_051258.png を削除
2024-12-03 05:15:01,189 - DEBUG - url: https://www.xdomain.ne.jp/
2024-12-03 05:15:07,586 - DEBUG - url: https://www.xdomain.ne.jp/
2024-12-03 05:15:13,390 - DEBUG - url: https://www.xdomain.ne.jp/
2024-12-03 05:15:19,634 - DEBUG - url: https://www.xdomain.ne.jp/
2024-12-03 05:15:26,339 - DEBUG - full_path: /Users/nyanyacyan/Desktop/project_file/domain_search/installer/resultOutput/screenshot/Xserver_jihnu241203_051500.png
2024-12-03 05:15:26,339 - INFO - 【存在確認済】テキストファイル書き込み完了: /Users/nyanyacyan/Desktop/project_file/domain_search/installer/resultOutput/screenshot/Xserver_jihnu241203_051500.png
2024-12-03 05:15:26,340 - INFO - 3つ以上のファイルを検知: /Users/nyanyacyan/Desktop/project_file/domain_search/installer/resultOutput/screenshot/お名前.com_kk-seh241203_051258.png を削除
2024-12-03 05:15:27,186 - DEBUG - url: https://www.xdomain.ne.jp/
2024-12-03 05:15:32,332 - DEBUG - url: https://www.conoha.jp/wing/domain/
2024-12-03 05:15:38,927 - DEBUG - full_path: /Users/nyanyacyan/Desktop/project_file/domain_search/installer/resultOutput/screenshot/Conoha Wing_netz-okhotsk241203_051500.png
2024-12-03 05:15:38,927 - INFO - 【存在確認済】テキストファイル書き込み完了: /Users/nyanyacyan/Desktop/project_file/domain_search/installer/resultOutput/screenshot/Conoha Wing_netz-okhotsk241203_051500.png
2024-12-03 05:15:38,928 - INFO - 3つ以上のファイルを検知: /Users/nyanyacyan/Desktop/project_file/domain_search/installer/resultOutput/screenshot/お名前.com_jihnu241203_051258.png を削除
2024-12-03 05:15:39,307 - DEBUG - url: https://www.conoha.jp/wing/domain/
2024-12-03 05:15:43,473 - DEBUG - full_path: /Users/nyanyacyan/Desktop/project_file/domain_search/installer/resultOutput/screenshot/Conoha Wing_chuou-niimura241203_051500.png
2024-12-03 05:15:43,474 - INFO - 【存在確認済】テキストファイル書き込み完了: /Users/nyanyacyan/Desktop/project_file/domain_search/installer/resultOutput/screenshot/Conoha Wing_chuou-niimura241203_051500.png
2024-12-03 05:15:43,474 - INFO - 3つ以上のファイルを検知: /Users/nyanyacyan/Desktop/project_file/domain_search/installer/resultOutput/screenshot/お名前.com_blog241203_051258.png を削除
2024-12-03 05:15:43,898 - DEBUG - url: https://www.conoha.jp/wing/domain/
2024-12-03 05:15:47,797 - DEBUG - full_path: /Users/nyanyacyan/Desktop/project_file/domain_search/installer/resultOutput/screenshot/Conoha Wing_kk-seh241203_051500.png
2024-12-03 05:15:47,797 - INFO - 【存在確認済】テキストファイル書き込み完了: /Users/nyanyacyan/Desktop/project_file/domain_search/installer/resultOutput/screenshot/Conoha Wing_kk-seh241203_051500.png
2024-12-03 05:15:47,798 - INFO - 3つ以上のファイルを検知: /Users/nyanyacyan/Desktop/project_file/domain_search/installer/resultOutput/screenshot/Xserver_jihnu241203_051500.png を削除
2024-12-03 05:15:48,254 - DEBUG - url: https://www.conoha.jp/wing/domain/
2024-12-03 05:15:53,226 - DEBUG - full_path: /Users/nyanyacyan/Desktop/project_file/domain_search/installer/resultOutput/screenshot/Conoha Wing_jihnu241203_051500.png
2024-12-03 05:15:53,226 - INFO - 【存在確認済】テキストファイル書き込み完了: /Users/nyanyacyan/Desktop/project_file/domain_search/installer/resultOutput/screenshot/Conoha Wing_jihnu241203_051500.png
2024-12-03 05:15:53,232 - INFO - 3つ以上のファイルを検知: /Users/nyanyacyan/Desktop/project_file/domain_search/installer/resultOutput/screenshot/Conoha Wing_netz-okhotsk241203_051500.png を削除
2024-12-03 05:15:53,696 - DEBUG - url: https://www.conoha.jp/wing/domain/
2024-12-03 05:15:58,497 - DEBUG - full_path: /Users/nyanyacyan/Desktop/project_file/domain_search/installer/resultOutput/screenshot/Conoha Wing_blog241203_051500.png
2024-12-03 05:15:58,497 - INFO - 【存在確認済】テキストファイル書き込み完了: /Users/nyanyacyan/Desktop/project_file/domain_search/installer/resultOutput/screenshot/Conoha Wing_blog241203_051500.png
2024-12-03 05:15:58,497 - INFO - 3つ以上のファイルを検知: /Users/nyanyacyan/Desktop/project_file/domain_search/installer/resultOutput/screenshot/Conoha Wing_chuou-niimura241203_051500.png を削除
2024-12-03 05:15:58,810 - DEBUG - url: https://www.onamae.com/service/domainregist/
2024-12-03 05:16:03,675 - DEBUG - full_path: /Users/nyanyacyan/Desktop/project_file/domain_search/installer/resultOutput/screenshot/お名前.com_netz-okhotsk241203_051500.png
2024-12-03 05:16:03,676 - INFO - 【存在確認済】テキストファイル書き込み完了: /Users/nyanyacyan/Desktop/project_file/domain_search/installer/resultOutput/screenshot/お名前.com_netz-okhotsk241203_051500.png
2024-12-03 05:16:03,676 - INFO - 3つ以上のファイルを検知: /Users/nyanyacyan/Desktop/project_file/domain_search/installer/resultOutput/screenshot/Conoha Wing_kk-seh241203_051500.png を削除
2024-12-03 05:16:04,520 - DEBUG - url: https://www.onamae.com/service/domainregist/
2024-12-03 05:16:08,730 - DEBUG - full_path: /Users/nyanyacyan/Desktop/project_file/domain_search/installer/resultOutput/screenshot/お名前.com_chuou-niimura241203_051500.png
2024-12-03 05:16:08,730 - INFO - 【存在確認済】テキストファイル書き込み完了: /Users/nyanyacyan/Desktop/project_file/domain_search/installer/resultOutput/screenshot/お名前.com_chuou-niimura241203_051500.png
2024-12-03 05:16:08,731 - INFO - 3つ以上のファイルを検知: /Users/nyanyacyan/Desktop/project_file/domain_search/installer/resultOutput/screenshot/Conoha Wing_jihnu241203_051500.png を削除
2024-12-03 05:16:09,138 - DEBUG - url: https://www.onamae.com/service/domainregist/
2024-12-03 05:16:13,044 - DEBUG - full_path: /Users/nyanyacyan/Desktop/project_file/domain_search/installer/resultOutput/screenshot/お名前.com_kk-seh241203_051500.png
2024-12-03 05:16:13,044 - INFO - 【存在確認済】テキストファイル書き込み完了: /Users/nyanyacyan/Desktop/project_file/domain_search/installer/resultOutput/screenshot/お名前.com_kk-seh241203_051500.png
2024-12-03 05:16:13,044 - INFO - 3つ以上のファイルを検知: /Users/nyanyacyan/Desktop/project_file/domain_search/installer/resultOutput/screenshot/Conoha Wing_blog241203_051500.png を削除
2024-12-03 05:16:13,446 - DEBUG - url: https://www.onamae.com/service/domainregist/
2024-12-03 05:16:16,887 - DEBUG - full_path: /Users/nyanyacyan/Desktop/project_file/domain_search/installer/resultOutput/screenshot/お名前.com_jihnu241203_051500.png
2024-12-03 05:16:16,887 - INFO - 【存在確認済】テキストファイル書き込み完了: /Users/nyanyacyan/Desktop/project_file/domain_search/installer/resultOutput/screenshot/お名前.com_jihnu241203_051500.png
2024-12-03 05:16:16,888 - INFO - 3つ以上のファイルを検知: /Users/nyanyacyan/Desktop/project_file/domain_search/installer/resultOutput/screenshot/お名前.com_netz-okhotsk241203_051500.png を削除
2024-12-03 05:16:17,373 - DEBUG - url: https://www.onamae.com/service/domainregist/
2024-12-03 05:16:20,641 - DEBUG - full_path: /Users/nyanyacyan/Desktop/project_file/domain_search/installer/resultOutput/screenshot/お名前.com_blog241203_051500.png
2024-12-03 05:16:20,641 - INFO - 【存在確認済】テキストファイル書き込み完了: /Users/nyanyacyan/Desktop/project_file/domain_search/installer/resultOutput/screenshot/お名前.com_blog241203_051500.png
2024-12-03 05:16:20,641 - INFO - 3つ以上のファイルを検知: /Users/nyanyacyan/Desktop/project_file/domain_search/installer/resultOutput/screenshot/お名前.com_chuou-niimura241203_051500.png を削除
2024-12-03 05:23:25,920 - DEBUG - url: https://www.xdomain.ne.jp/
2024-12-03 05:23:36,338 - DEBUG - url: https://www.xdomain.ne.jp/
2024-12-03 05:23:39,821 - DEBUG - full_path: /Users/nyanyacyan/Desktop/project_file/domain_search/installer/resultOutput/screenshot/Xserver_chuou-niimura241203_052310.png
2024-12-03 05:23:39,821 - INFO - 【存在確認済】テキストファイル書き込み完了: /Users/nyanyacyan/Desktop/project_file/domain_search/installer/resultOutput/screenshot/Xserver_chuou-niimura241203_052310.png
2024-12-03 05:23:39,823 - INFO - 3つ以上のファイルを検知: /Users/nyanyacyan/Desktop/project_file/domain_search/installer/resultOutput/screenshot/お名前.com_kk-seh241203_051500.png を削除
2024-12-03 05:23:43,423 - DEBUG - url: https://www.xdomain.ne.jp/
2024-12-03 05:23:45,261 - DEBUG - full_path: /Users/nyanyacyan/Desktop/project_file/domain_search/installer/resultOutput/screenshot/Xserver_kk-seh241203_052310.png
2024-12-03 05:23:45,261 - INFO - 【存在確認済】テキストファイル書き込み完了: /Users/nyanyacyan/Desktop/project_file/domain_search/installer/resultOutput/screenshot/Xserver_kk-seh241203_052310.png
2024-12-03 05:23:45,262 - INFO - 3つ以上のファイルを検知: /Users/nyanyacyan/Desktop/project_file/domain_search/installer/resultOutput/screenshot/お名前.com_jihnu241203_051500.png を削除
2024-12-03 05:23:48,221 - DEBUG - url: https://www.xdomain.ne.jp/
2024-12-03 05:23:50,186 - DEBUG - full_path: /Users/nyanyacyan/Desktop/project_file/domain_search/installer/resultOutput/screenshot/Xserver_jihnu241203_052310.png
2024-12-03 05:23:50,187 - INFO - 【存在確認済】テキストファイル書き込み完了: /Users/nyanyacyan/Desktop/project_file/domain_search/installer/resultOutput/screenshot/Xserver_jihnu241203_052310.png
2024-12-03 05:23:50,187 - INFO - 3つ以上のファイルを検知: /Users/nyanyacyan/Desktop/project_file/domain_search/installer/resultOutput/screenshot/お名前.com_blog241203_051500.png を削除
2024-12-03 05:23:51,971 - DEBUG - url: https://www.xdomain.ne.jp/
2024-12-03 05:23:53,771 - DEBUG - full_path: /Users/nyanyacyan/Desktop/project_file/domain_search/installer/resultOutput/screenshot/Xserver_blog241203_052310.png
2024-12-03 05:23:53,771 - INFO - 【存在確認済】テキストファイル書き込み完了: /Users/nyanyacyan/Desktop/project_file/domain_search/installer/resultOutput/screenshot/Xserver_blog241203_052310.png
2024-12-03 05:23:53,771 - INFO - 3つ以上のファイルを検知: /Users/nyanyacyan/Desktop/project_file/domain_search/installer/resultOutput/screenshot/Xserver_chuou-niimura241203_052310.png を削除
2024-12-03 05:23:57,171 - DEBUG - url: https://www.conoha.jp/wing/domain/
2024-12-03 05:24:04,278 - DEBUG - full_path: /Users/nyanyacyan/Desktop/project_file/domain_search/installer/resultOutput/screenshot/Conoha Wing_netz-okhotsk241203_052310.png
2024-12-03 05:24:04,278 - INFO - 【存在確認済】テキストファイル書き込み完了: /Users/nyanyacyan/Desktop/project_file/domain_search/installer/resultOutput/screenshot/Conoha Wing_netz-okhotsk241203_052310.png
2024-12-03 05:24:04,278 - INFO - 3つ以上のファイルを検知: /Users/nyanyacyan/Desktop/project_file/domain_search/installer/resultOutput/screenshot/Xserver_kk-seh241203_052310.png を削除
2024-12-03 05:26:46,921 - DEBUG - url: https://www.xdomain.ne.jp/
2024-12-03 05:26:50,466 - DEBUG - full_path: /Users/nyanyacyan/Desktop/project_file/domain_search/installer/resultOutput/screenshot/Xserver_netz-okhotsk241203_052639.png
2024-12-03 05:26:50,466 - INFO - 【存在確認済】テキストファイル書き込み完了: /Users/nyanyacyan/Desktop/project_file/domain_search/installer/resultOutput/screenshot/Xserver_netz-okhotsk241203_052639.png
2024-12-03 05:26:50,467 - INFO - 3つ以上のファイルを検知: /Users/nyanyacyan/Desktop/project_file/domain_search/installer/resultOutput/screenshot/Xserver_jihnu241203_052310.png を削除
2024-12-03 05:26:52,438 - DEBUG - url: https://www.xdomain.ne.jp/
2024-12-03 05:26:54,361 - DEBUG - full_path: /Users/nyanyacyan/Desktop/project_file/domain_search/installer/resultOutput/screenshot/Xserver_chuou-niimura241203_052639.png
2024-12-03 05:26:54,362 - INFO - 【存在確認済】テキストファイル書き込み完了: /Users/nyanyacyan/Desktop/project_file/domain_search/installer/resultOutput/screenshot/Xserver_chuou-niimura241203_052639.png
2024-12-03 05:26:54,362 - INFO - 3つ以上のファイルを検知: /Users/nyanyacyan/Desktop/project_file/domain_search/installer/resultOutput/screenshot/Xserver_blog241203_052310.png を削除
2024-12-03 05:27:05,839 - DEBUG - url: https://www.xdomain.ne.jp/
2024-12-03 05:27:07,659 - DEBUG - full_path: /Users/nyanyacyan/Desktop/project_file/domain_search/installer/resultOutput/screenshot/Xserver_kk-seh241203_052639.png
2024-12-03 05:27:07,659 - INFO - 【存在確認済】テキストファイル書き込み完了: /Users/nyanyacyan/Desktop/project_file/domain_search/installer/resultOutput/screenshot/Xserver_kk-seh241203_052639.png
2024-12-03 05:27:07,660 - INFO - 3つ以上のファイルを検知: /Users/nyanyacyan/Desktop/project_file/domain_search/installer/resultOutput/screenshot/Conoha Wing_netz-okhotsk241203_052310.png を削除
2024-12-03 05:27:11,572 - DEBUG - url: https://www.xdomain.ne.jp/
2024-12-03 05:27:13,436 - DEBUG - full_path: /Users/nyanyacyan/Desktop/project_file/domain_search/installer/resultOutput/screenshot/Xserver_jihnu241203_052639.png
2024-12-03 05:27:13,436 - INFO - 【存在確認済】テキストファイル書き込み完了: /Users/nyanyacyan/Desktop/project_file/domain_search/installer/resultOutput/screenshot/Xserver_jihnu241203_052639.png
2024-12-03 05:27:13,436 - INFO - 3つ以上のファイルを検知: /Users/nyanyacyan/Desktop/project_file/domain_search/installer/resultOutput/screenshot/Xserver_netz-okhotsk241203_052639.png を削除
2024-12-03 05:27:23,989 - DEBUG - url: https://www.xdomain.ne.jp/
2024-12-03 05:27:26,096 - DEBUG - full_path: /Users/nyanyacyan/Desktop/project_file/domain_search/installer/resultOutput/screenshot/Xserver_blog241203_052639.png
2024-12-03 05:27:26,096 - INFO - 【存在確認済】テキストファイル書き込み完了: /Users/nyanyacyan/Desktop/project_file/domain_search/installer/resultOutput/screenshot/Xserver_blog241203_052639.png
2024-12-03 05:27:26,096 - INFO - 3つ以上のファイルを検知: /Users/nyanyacyan/Desktop/project_file/domain_search/installer/resultOutput/screenshot/Xserver_chuou-niimura241203_052639.png を削除
2024-12-03 05:28:25,576 - DEBUG - url: https://www.conoha.jp/wing/domain/
2024-12-03 05:28:32,595 - DEBUG - full_path: /Users/nyanyacyan/Desktop/project_file/domain_search/installer/resultOutput/screenshot/Conoha Wing_netz-okhotsk241203_052639.png
2024-12-03 05:28:32,595 - INFO - 【存在確認済】テキストファイル書き込み完了: /Users/nyanyacyan/Desktop/project_file/domain_search/installer/resultOutput/screenshot/Conoha Wing_netz-okhotsk241203_052639.png
2024-12-03 05:28:32,595 - INFO - 3つ以上のファイルを検知: /Users/nyanyacyan/Desktop/project_file/domain_search/installer/resultOutput/screenshot/Xserver_kk-seh241203_052639.png を削除
2024-12-03 05:28:37,057 - DEBUG - url: https://www.conoha.jp/wing/domain/
2024-12-03 05:28:41,990 - DEBUG - full_path: /Users/nyanyacyan/Desktop/project_file/domain_search/installer/resultOutput/screenshot/Conoha Wing_chuou-niimura241203_052639.png
2024-12-03 05:28:41,990 - INFO - 【存在確認済】テキストファイル書き込み完了: /Users/nyanyacyan/Desktop/project_file/domain_search/installer/resultOutput/screenshot/Conoha Wing_chuou-niimura241203_052639.png
2024-12-03 05:28:41,991 - INFO - 3つ以上のファイルを検知: /Users/nyanyacyan/Desktop/project_file/domain_search/installer/resultOutput/screenshot/Xserver_jihnu241203_052639.png を削除
2024-12-03 05:28:45,980 - DEBUG - url: https://www.conoha.jp/wing/domain/
2024-12-03 05:28:50,903 - DEBUG - full_path: /Users/nyanyacyan/Desktop/project_file/domain_search/installer/resultOutput/screenshot/Conoha Wing_kk-seh241203_052639.png
2024-12-03 05:28:50,904 - INFO - 【存在確認済】テキストファイル書き込み完了: /Users/nyanyacyan/Desktop/project_file/domain_search/installer/resultOutput/screenshot/Conoha Wing_kk-seh241203_052639.png
2024-12-03 05:28:50,904 - INFO - 3つ以上のファイルを検知: /Users/nyanyacyan/Desktop/project_file/domain_search/installer/resultOutput/screenshot/Xserver_blog241203_052639.png を削除
2024-12-03 05:28:54,139 - DEBUG - url: https://www.conoha.jp/wing/domain/
2024-12-03 05:28:59,977 - DEBUG - full_path: /Users/nyanyacyan/Desktop/project_file/domain_search/installer/resultOutput/screenshot/Conoha Wing_jihnu241203_052639.png
2024-12-03 05:28:59,978 - INFO - 【存在確認済】テキストファイル書き込み完了: /Users/nyanyacyan/Desktop/project_file/domain_search/installer/resultOutput/screenshot/Conoha Wing_jihnu241203_052639.png
2024-12-03 05:28:59,978 - INFO - 3つ以上のファイルを検知: /Users/nyanyacyan/Desktop/project_file/domain_search/installer/resultOutput/screenshot/Conoha Wing_netz-okhotsk241203_052639.png を削除
2024-12-03 05:29:03,208 - DEBUG - url: https://www.conoha.jp/wing/domain/
2024-12-03 05:29:08,118 - DEBUG - full_path: /Users/nyanyacyan/Desktop/project_file/domain_search/installer/resultOutput/screenshot/Conoha Wing_blog241203_052639.png
2024-12-03 05:29:08,118 - INFO - 【存在確認済】テキストファイル書き込み完了: /Users/nyanyacyan/Desktop/project_file/domain_search/installer/resultOutput/screenshot/Conoha Wing_blog241203_052639.png
2024-12-03 05:29:08,118 - INFO - 3つ以上のファイルを検知: /Users/nyanyacyan/Desktop/project_file/domain_search/installer/resultOutput/screenshot/Conoha Wing_chuou-niimura241203_052639.png を削除
2024-12-03 05:29:24,788 - DEBUG - url: https://www.onamae.com/service/domainregist/
2024-12-03 05:29:28,860 - DEBUG - full_path: /Users/nyanyacyan/Desktop/project_file/domain_search/installer/resultOutput/screenshot/お名前.com_netz-okhotsk241203_052639.png
2024-12-03 05:29:28,860 - INFO - 【存在確認済】テキストファイル書き込み完了: /Users/nyanyacyan/Desktop/project_file/domain_search/installer/resultOutput/screenshot/お名前.com_netz-okhotsk241203_052639.png
2024-12-03 05:29:28,860 - INFO - 3つ以上のファイルを検知: /Users/nyanyacyan/Desktop/project_file/domain_search/installer/resultOutput/screenshot/Conoha Wing_kk-seh241203_052639.png を削除
2024-12-03 05:29:38,740 - DEBUG - url: https://www.onamae.com/service/domainregist/
2024-12-03 05:29:42,954 - DEBUG - full_path: /Users/nyanyacyan/Desktop/project_file/domain_search/installer/resultOutput/screenshot/お名前.com_chuou-niimura241203_052639.png
2024-12-03 05:29:42,954 - INFO - 【存在確認済】テキストファイル書き込み完了: /Users/nyanyacyan/Desktop/project_file/domain_search/installer/resultOutput/screenshot/お名前.com_chuou-niimura241203_052639.png
2024-12-03 05:29:42,954 - INFO - 3つ以上のファイルを検知: /Users/nyanyacyan/Desktop/project_file/domain_search/installer/resultOutput/screenshot/Conoha Wing_jihnu241203_052639.png を削除
2024-12-03 05:29:43,382 - DEBUG - url: https://www.onamae.com/service/domainregist/
2024-12-03 05:31:01,114 - DEBUG - full_path: /Users/nyanyacyan/Desktop/project_file/domain_search/installer/resultOutput/screenshot/お名前.com_kk-seh241203_052639.png
2024-12-03 05:31:01,114 - INFO - 【存在確認済】テキストファイル書き込み完了: /Users/nyanyacyan/Desktop/project_file/domain_search/installer/resultOutput/screenshot/お名前.com_kk-seh241203_052639.png
2024-12-03 05:31:01,115 - INFO - 3つ以上のファイルを検知: /Users/nyanyacyan/Desktop/project_file/domain_search/installer/resultOutput/screenshot/Conoha Wing_blog241203_052639.png を削除
2024-12-03 05:31:01,761 - DEBUG - url: https://www.onamae.com/service/domainregist/
2024-12-03 05:31:05,850 - DEBUG - full_path: /Users/nyanyacyan/Desktop/project_file/domain_search/installer/resultOutput/screenshot/お名前.com_jihnu241203_052639.png
2024-12-03 05:31:05,851 - INFO - 【存在確認済】テキストファイル書き込み完了: /Users/nyanyacyan/Desktop/project_file/domain_search/installer/resultOutput/screenshot/お名前.com_jihnu241203_052639.png
2024-12-03 05:31:05,851 - INFO - 3つ以上のファイルを検知: /Users/nyanyacyan/Desktop/project_file/domain_search/installer/resultOutput/screenshot/お名前.com_netz-okhotsk241203_052639.png を削除
2024-12-03 05:31:06,261 - DEBUG - url: https://www.onamae.com/service/domainregist/
2024-12-03 05:31:09,235 - DEBUG - full_path: /Users/nyanyacyan/Desktop/project_file/domain_search/installer/resultOutput/screenshot/お名前.com_blog241203_052639.png
2024-12-03 05:31:09,235 - INFO - 【存在確認済】テキストファイル書き込み完了: /Users/nyanyacyan/Desktop/project_file/domain_search/installer/resultOutput/screenshot/お名前.com_blog241203_052639.png
2024-12-03 05:31:09,236 - INFO - 3つ以上のファイルを検知: /Users/nyanyacyan/Desktop/project_file/domain_search/installer/resultOutput/screenshot/お名前.com_chuou-niimura241203_052639.png を削除
2024-12-03 05:37:01,674 - DEBUG - url: https://www.xdomain.ne.jp/
2024-12-03 05:39:17,651 - DEBUG - full_path: /Users/nyanyacyan/Desktop/project_file/domain_search/installer/resultOutput/screenshot/Xserver_netz-okhotsk241203_053700.png
2024-12-03 05:39:17,651 - INFO - 【存在確認済】テキストファイル書き込み完了: /Users/nyanyacyan/Desktop/project_file/domain_search/installer/resultOutput/screenshot/Xserver_netz-okhotsk241203_053700.png
2024-12-03 05:39:17,652 - INFO - 3つ以上のファイルを検知: /Users/nyanyacyan/Desktop/project_file/domain_search/installer/resultOutput/screenshot/お名前.com_kk-seh241203_052639.png を削除
2024-12-03 05:39:18,016 - DEBUG - url: https://www.xdomain.ne.jp/
2024-12-03 05:39:25,321 - DEBUG - full_path: /Users/nyanyacyan/Desktop/project_file/domain_search/installer/resultOutput/screenshot/Xserver_chuou-niimura241203_053700.png
2024-12-03 05:39:25,321 - INFO - 【存在確認済】テキストファイル書き込み完了: /Users/nyanyacyan/Desktop/project_file/domain_search/installer/resultOutput/screenshot/Xserver_chuou-niimura241203_053700.png
2024-12-03 05:39:25,322 - INFO - 3つ以上のファイルを検知: /Users/nyanyacyan/Desktop/project_file/domain_search/installer/resultOutput/screenshot/お名前.com_jihnu241203_052639.png を削除
2024-12-03 05:39:25,754 - DEBUG - url: https://www.xdomain.ne.jp/
2024-12-03 05:39:29,345 - DEBUG - full_path: /Users/nyanyacyan/Desktop/project_file/domain_search/installer/resultOutput/screenshot/Xserver_kk-seh241203_053700.png
2024-12-03 05:39:29,345 - INFO - 【存在確認済】テキストファイル書き込み完了: /Users/nyanyacyan/Desktop/project_file/domain_search/installer/resultOutput/screenshot/Xserver_kk-seh241203_053700.png
2024-12-03 05:39:29,346 - INFO - 3つ以上のファイルを検知: /Users/nyanyacyan/Desktop/project_file/domain_search/installer/resultOutput/screenshot/お名前.com_blog241203_052639.png を削除
2024-12-03 05:39:29,926 - DEBUG - url: https://www.xdomain.ne.jp/
2024-12-03 05:39:42,370 - DEBUG - full_path: /Users/nyanyacyan/Desktop/project_file/domain_search/installer/resultOutput/screenshot/Xserver_jihnu241203_053700.png
2024-12-03 05:39:42,371 - INFO - 【存在確認済】テキストファイル書き込み完了: /Users/nyanyacyan/Desktop/project_file/domain_search/installer/resultOutput/screenshot/Xserver_jihnu241203_053700.png
2024-12-03 05:39:42,371 - INFO - 3つ以上のファイルを検知: /Users/nyanyacyan/Desktop/project_file/domain_search/installer/resultOutput/screenshot/Xserver_netz-okhotsk241203_053700.png を削除
2024-12-03 05:39:42,826 - DEBUG - url: https://www.xdomain.ne.jp/
2024-12-03 05:39:47,813 - DEBUG - full_path: /Users/nyanyacyan/Desktop/project_file/domain_search/installer/resultOutput/screenshot/Xserver_blog241203_053700.png
2024-12-03 05:39:47,813 - INFO - 【存在確認済】テキストファイル書き込み完了: /Users/nyanyacyan/Desktop/project_file/domain_search/installer/resultOutput/screenshot/Xserver_blog241203_053700.png
2024-12-03 05:39:47,814 - INFO - 3つ以上のファイルを検知: /Users/nyanyacyan/Desktop/project_file/domain_search/installer/resultOutput/screenshot/Xserver_chuou-niimura241203_053700.png を削除
2024-12-03 05:39:48,292 - DEBUG - url: https://www.conoha.jp/wing/domain/
2024-12-03 05:42:02,484 - DEBUG - url: https://www.xdomain.ne.jp/
2024-12-03 05:42:13,893 - DEBUG - full_path: /Users/nyanyacyan/Desktop/project_file/domain_search/installer/resultOutput/screenshot/Xserver_netz-okhotsk241203_054201.png
2024-12-03 05:42:13,893 - INFO - 【存在確認済】テキストファイル書き込み完了: /Users/nyanyacyan/Desktop/project_file/domain_search/installer/resultOutput/screenshot/Xserver_netz-okhotsk241203_054201.png
2024-12-03 05:42:13,894 - INFO - 3つ以上のファイルを検知: /Users/nyanyacyan/Desktop/project_file/domain_search/installer/resultOutput/screenshot/Xserver_kk-seh241203_053700.png を削除
2024-12-03 05:42:14,609 - DEBUG - url: https://www.xdomain.ne.jp/
2024-12-03 05:42:22,138 - DEBUG - full_path: /Users/nyanyacyan/Desktop/project_file/domain_search/installer/resultOutput/screenshot/Xserver_chuou-niimura241203_054201.png
2024-12-03 05:42:22,139 - INFO - 【存在確認済】テキストファイル書き込み完了: /Users/nyanyacyan/Desktop/project_file/domain_search/installer/resultOutput/screenshot/Xserver_chuou-niimura241203_054201.png
2024-12-03 05:42:22,139 - INFO - 3つ以上のファイルを検知: /Users/nyanyacyan/Desktop/project_file/domain_search/installer/resultOutput/screenshot/Xserver_jihnu241203_053700.png を削除
2024-12-03 05:42:22,595 - DEBUG - url: https://www.xdomain.ne.jp/
2024-12-03 05:42:29,332 - DEBUG - full_path: /Users/nyanyacyan/Desktop/project_file/domain_search/installer/resultOutput/screenshot/Xserver_kk-seh241203_054201.png
2024-12-03 05:42:29,332 - INFO - 【存在確認済】テキストファイル書き込み完了: /Users/nyanyacyan/Desktop/project_file/domain_search/installer/resultOutput/screenshot/Xserver_kk-seh241203_054201.png
2024-12-03 05:42:29,334 - INFO - 3つ以上のファイルを検知: /Users/nyanyacyan/Desktop/project_file/domain_search/installer/resultOutput/screenshot/Xserver_blog241203_053700.png を削除
2024-12-03 05:42:29,649 - DEBUG - url: https://www.xdomain.ne.jp/
2024-12-03 05:42:36,105 - DEBUG - full_path: /Users/nyanyacyan/Desktop/project_file/domain_search/installer/resultOutput/screenshot/Xserver_jihnu241203_054201.png
2024-12-03 05:42:36,106 - INFO - 【存在確認済】テキストファイル書き込み完了: /Users/nyanyacyan/Desktop/project_file/domain_search/installer/resultOutput/screenshot/Xserver_jihnu241203_054201.png
2024-12-03 05:42:36,106 - INFO - 3つ以上のファイルを検知: /Users/nyanyacyan/Desktop/project_file/domain_search/installer/resultOutput/screenshot/Xserver_netz-okhotsk241203_054201.png を削除
2024-12-03 05:42:36,482 - DEBUG - url: https://www.xdomain.ne.jp/
2024-12-03 05:42:42,483 - DEBUG - full_path: /Users/nyanyacyan/Desktop/project_file/domain_search/installer/resultOutput/screenshot/Xserver_blog241203_054201.png
2024-12-03 05:42:42,483 - INFO - 【存在確認済】テキストファイル書き込み完了: /Users/nyanyacyan/Desktop/project_file/domain_search/installer/resultOutput/screenshot/Xserver_blog241203_054201.png
2024-12-03 05:42:42,483 - INFO - 3つ以上のファイルを検知: /Users/nyanyacyan/Desktop/project_file/domain_search/installer/resultOutput/screenshot/Xserver_chuou-niimura241203_054201.png を削除
2024-12-03 05:42:42,865 - DEBUG - url: https://www.conoha.jp/wing/domain/
2024-12-03 05:42:58,181 - DEBUG - full_path: /Users/nyanyacyan/Desktop/project_file/domain_search/installer/resultOutput/screenshot/Conoha Wing_netz-okhotsk241203_054201.png
2024-12-03 05:42:58,184 - INFO - 【存在確認済】テキストファイル書き込み完了: /Users/nyanyacyan/Desktop/project_file/domain_search/installer/resultOutput/screenshot/Conoha Wing_netz-okhotsk241203_054201.png
2024-12-03 05:42:58,184 - INFO - 3つ以上のファイルを検知: /Users/nyanyacyan/Desktop/project_file/domain_search/installer/resultOutput/screenshot/Xserver_kk-seh241203_054201.png を削除
2024-12-03 05:42:58,567 - DEBUG - url: https://www.conoha.jp/wing/domain/
2024-12-03 05:43:08,470 - DEBUG - full_path: /Users/nyanyacyan/Desktop/project_file/domain_search/installer/resultOutput/screenshot/Conoha Wing_chuou-niimura241203_054201.png
2024-12-03 05:43:08,470 - INFO - 【存在確認済】テキストファイル書き込み完了: /Users/nyanyacyan/Desktop/project_file/domain_search/installer/resultOutput/screenshot/Conoha Wing_chuou-niimura241203_054201.png
2024-12-03 05:43:08,471 - INFO - 3つ以上のファイルを検知: /Users/nyanyacyan/Desktop/project_file/domain_search/installer/resultOutput/screenshot/Xserver_jihnu241203_054201.png を削除
2024-12-03 05:43:08,921 - DEBUG - url: https://www.conoha.jp/wing/domain/
2024-12-03 05:43:17,367 - DEBUG - full_path: /Users/nyanyacyan/Desktop/project_file/domain_search/installer/resultOutput/screenshot/Conoha Wing_kk-seh241203_054201.png
2024-12-03 05:43:17,367 - INFO - 【存在確認済】テキストファイル書き込み完了: /Users/nyanyacyan/Desktop/project_file/domain_search/installer/resultOutput/screenshot/Conoha Wing_kk-seh241203_054201.png
2024-12-03 05:43:17,367 - INFO - 3つ以上のファイルを検知: /Users/nyanyacyan/Desktop/project_file/domain_search/installer/resultOutput/screenshot/Xserver_blog241203_054201.png を削除
2024-12-03 05:43:17,747 - DEBUG - url: https://www.conoha.jp/wing/domain/
2024-12-03 05:45:24,611 - DEBUG - full_path: /Users/nyanyacyan/Desktop/project_file/domain_search/installer/resultOutput/screenshot/Conoha Wing_jihnu241203_054201.png
2024-12-03 05:45:24,611 - INFO - 【存在確認済】テキストファイル書き込み完了: /Users/nyanyacyan/Desktop/project_file/domain_search/installer/resultOutput/screenshot/Conoha Wing_jihnu241203_054201.png
2024-12-03 05:45:24,612 - INFO - 3つ以上のファイルを検知: /Users/nyanyacyan/Desktop/project_file/domain_search/installer/resultOutput/screenshot/Conoha Wing_netz-okhotsk241203_054201.png を削除
2024-12-03 05:45:25,067 - DEBUG - url: https://www.conoha.jp/wing/domain/
2024-12-03 05:45:47,282 - DEBUG - full_path: /Users/nyanyacyan/Desktop/project_file/domain_search/installer/resultOutput/screenshot/Conoha Wing_blog241203_054201.png
2024-12-03 05:45:47,282 - INFO - 【存在確認済】テキストファイル書き込み完了: /Users/nyanyacyan/Desktop/project_file/domain_search/installer/resultOutput/screenshot/Conoha Wing_blog241203_054201.png
2024-12-03 05:45:47,284 - INFO - 3つ以上のファイルを検知: /Users/nyanyacyan/Desktop/project_file/domain_search/installer/resultOutput/screenshot/Conoha Wing_chuou-niimura241203_054201.png を削除
2024-12-03 05:45:47,811 - DEBUG - url: https://www.onamae.com/service/domainregist/
2024-12-03 05:45:52,037 - DEBUG - full_path: /Users/nyanyacyan/Desktop/project_file/domain_search/installer/resultOutput/screenshot/お名前.com_netz-okhotsk241203_054201.png
2024-12-03 05:45:52,038 - INFO - 【存在確認済】テキストファイル書き込み完了: /Users/nyanyacyan/Desktop/project_file/domain_search/installer/resultOutput/screenshot/お名前.com_netz-okhotsk241203_054201.png
2024-12-03 05:45:52,038 - INFO - 3つ以上のファイルを検知: /Users/nyanyacyan/Desktop/project_file/domain_search/installer/resultOutput/screenshot/Conoha Wing_kk-seh241203_054201.png を削除
2024-12-03 05:45:52,456 - DEBUG - url: https://www.onamae.com/service/domainregist/
2024-12-03 05:45:56,153 - DEBUG - full_path: /Users/nyanyacyan/Desktop/project_file/domain_search/installer/resultOutput/screenshot/お名前.com_chuou-niimura241203_054201.png
2024-12-03 05:45:56,153 - INFO - 【存在確認済】テキストファイル書き込み完了: /Users/nyanyacyan/Desktop/project_file/domain_search/installer/resultOutput/screenshot/お名前.com_chuou-niimura241203_054201.png
2024-12-03 05:45:56,154 - INFO - 3つ以上のファイルを検知: /Users/nyanyacyan/Desktop/project_file/domain_search/installer/resultOutput/screenshot/Conoha Wing_jihnu241203_054201.png を削除
2024-12-03 05:45:56,557 - DEBUG - url: https://www.onamae.com/service/domainregist/
2024-12-03 05:45:59,203 - DEBUG - full_path: /Users/nyanyacyan/Desktop/project_file/domain_search/installer/resultOutput/screenshot/お名前.com_kk-seh241203_054201.png
2024-12-03 05:45:59,203 - INFO - 【存在確認済】テキストファイル書き込み完了: /Users/nyanyacyan/Desktop/project_file/domain_search/installer/resultOutput/screenshot/お名前.com_kk-seh241203_054201.png
2024-12-03 05:45:59,203 - INFO - 3つ以上のファイルを検知: /Users/nyanyacyan/Desktop/project_file/domain_search/installer/resultOutput/screenshot/Conoha Wing_blog241203_054201.png を削除
2024-12-03 05:45:59,568 - DEBUG - url: https://www.onamae.com/service/domainregist/
2024-12-03 05:47:17,237 - DEBUG - full_path: /Users/nyanyacyan/Desktop/project_file/domain_search/installer/resultOutput/screenshot/お名前.com_jihnu241203_054201.png
2024-12-03 05:47:17,237 - INFO - 【存在確認済】テキストファイル書き込み完了: /Users/nyanyacyan/Desktop/project_file/domain_search/installer/resultOutput/screenshot/お名前.com_jihnu241203_054201.png
2024-12-03 05:47:17,238 - INFO - 3つ以上のファイルを検知: /Users/nyanyacyan/Desktop/project_file/domain_search/installer/resultOutput/screenshot/お名前.com_netz-okhotsk241203_054201.png を削除
2024-12-03 05:47:17,792 - DEBUG - url: https://www.onamae.com/service/domainregist/
2024-12-03 05:47:20,912 - DEBUG - full_path: /Users/nyanyacyan/Desktop/project_file/domain_search/installer/resultOutput/screenshot/お名前.com_blog241203_054201.png
2024-12-03 05:47:20,912 - INFO - 【存在確認済】テキストファイル書き込み完了: /Users/nyanyacyan/Desktop/project_file/domain_search/installer/resultOutput/screenshot/お名前.com_blog241203_054201.png
2024-12-03 05:47:20,913 - INFO - 3つ以上のファイルを検知: /Users/nyanyacyan/Desktop/project_file/domain_search/installer/resultOutput/screenshot/お名前.com_chuou-niimura241203_054201.png を削除
2024-12-03 05:48:43,487 - DEBUG - url: https://www.xdomain.ne.jp/
2024-12-03 05:48:47,599 - DEBUG - full_path: /Users/nyanyacyan/Desktop/project_file/domain_search/installer/resultOutput/screenshot/Xserver_netz-okhotsk241203_054842.png
2024-12-03 05:48:47,600 - INFO - 【存在確認済】テキストファイル書き込み完了: /Users/nyanyacyan/Desktop/project_file/domain_search/installer/resultOutput/screenshot/Xserver_netz-okhotsk241203_054842.png
2024-12-03 05:48:47,601 - INFO - 3つ以上のファイルを検知: /Users/nyanyacyan/Desktop/project_file/domain_search/installer/resultOutput/screenshot/お名前.com_kk-seh241203_054201.png を削除
2024-12-03 05:48:48,425 - DEBUG - url: https://www.xdomain.ne.jp/
2024-12-03 05:48:50,378 - DEBUG - full_path: /Users/nyanyacyan/Desktop/project_file/domain_search/installer/resultOutput/screenshot/Xserver_chuou-niimura241203_054842.png
2024-12-03 05:48:50,378 - INFO - 【存在確認済】テキストファイル書き込み完了: /Users/nyanyacyan/Desktop/project_file/domain_search/installer/resultOutput/screenshot/Xserver_chuou-niimura241203_054842.png
2024-12-03 05:48:50,378 - INFO - 3つ以上のファイルを検知: /Users/nyanyacyan/Desktop/project_file/domain_search/installer/resultOutput/screenshot/お名前.com_jihnu241203_054201.png を削除
2024-12-03 05:48:51,014 - DEBUG - url: https://www.xdomain.ne.jp/
2024-12-03 05:48:52,895 - DEBUG - full_path: /Users/nyanyacyan/Desktop/project_file/domain_search/installer/resultOutput/screenshot/Xserver_kk-seh241203_054842.png
2024-12-03 05:48:52,895 - INFO - 【存在確認済】テキストファイル書き込み完了: /Users/nyanyacyan/Desktop/project_file/domain_search/installer/resultOutput/screenshot/Xserver_kk-seh241203_054842.png
2024-12-03 05:48:52,896 - INFO - 3つ以上のファイルを検知: /Users/nyanyacyan/Desktop/project_file/domain_search/installer/resultOutput/screenshot/お名前.com_blog241203_054201.png を削除
2024-12-03 05:48:53,463 - DEBUG - url: https://www.xdomain.ne.jp/
2024-12-03 05:48:55,278 - DEBUG - full_path: /Users/nyanyacyan/Desktop/project_file/domain_search/installer/resultOutput/screenshot/Xserver_jihnu241203_054842.png
2024-12-03 05:48:55,278 - INFO - 【存在確認済】テキストファイル書き込み完了: /Users/nyanyacyan/Desktop/project_file/domain_search/installer/resultOutput/screenshot/Xserver_jihnu241203_054842.png
2024-12-03 05:48:55,278 - INFO - 3つ以上のファイルを検知: /Users/nyanyacyan/Desktop/project_file/domain_search/installer/resultOutput/screenshot/Xserver_netz-okhotsk241203_054842.png を削除
2024-12-03 05:48:55,798 - DEBUG - url: https://www.xdomain.ne.jp/
2024-12-03 05:48:57,613 - DEBUG - full_path: /Users/nyanyacyan/Desktop/project_file/domain_search/installer/resultOutput/screenshot/Xserver_blog241203_054842.png
2024-12-03 05:48:57,613 - INFO - 【存在確認済】テキストファイル書き込み完了: /Users/nyanyacyan/Desktop/project_file/domain_search/installer/resultOutput/screenshot/Xserver_blog241203_054842.png
2024-12-03 05:48:57,613 - INFO - 3つ以上のファイルを検知: /Users/nyanyacyan/Desktop/project_file/domain_search/installer/resultOutput/screenshot/Xserver_chuou-niimura241203_054842.png を削除
2024-12-03 05:48:57,981 - DEBUG - url: https://www.conoha.jp/wing/domain/
2024-12-03 05:49:05,526 - DEBUG - full_path: /Users/nyanyacyan/Desktop/project_file/domain_search/installer/resultOutput/screenshot/Conoha Wing_blog241203_054842.png
2024-12-03 05:49:05,527 - INFO - 【存在確認済】テキストファイル書き込み完了: /Users/nyanyacyan/Desktop/project_file/domain_search/installer/resultOutput/screenshot/Conoha Wing_blog241203_054842.png
2024-12-03 05:49:05,529 - INFO - 3つ以上のファイルを検知: /Users/nyanyacyan/Desktop/project_file/domain_search/installer/resultOutput/screenshot/Xserver_kk-seh241203_054842.png を削除
2024-12-03 05:49:05,938 - DEBUG - url: https://www.conoha.jp/wing/domain/
2024-12-03 05:55:52,829 - DEBUG - url: https://www.xdomain.ne.jp/
2024-12-03 05:56:28,618 - DEBUG - full_path: /Users/nyanyacyan/Desktop/project_file/domain_search/installer/resultOutput/screenshot/Xserver_netz-okhotsk241203_055552.png
2024-12-03 05:56:28,618 - INFO - 【存在確認済】テキストファイル書き込み完了: /Users/nyanyacyan/Desktop/project_file/domain_search/installer/resultOutput/screenshot/Xserver_netz-okhotsk241203_055552.png
2024-12-03 05:56:28,619 - INFO - 3つ以上のファイルを検知: /Users/nyanyacyan/Desktop/project_file/domain_search/installer/resultOutput/screenshot/Xserver_jihnu241203_054842.png を削除
2024-12-03 05:56:29,114 - DEBUG - url: https://www.xdomain.ne.jp/
2024-12-03 05:56:36,150 - DEBUG - full_path: /Users/nyanyacyan/Desktop/project_file/domain_search/installer/resultOutput/screenshot/Xserver_chuou-niimura241203_055552.png
2024-12-03 05:56:36,150 - INFO - 【存在確認済】テキストファイル書き込み完了: /Users/nyanyacyan/Desktop/project_file/domain_search/installer/resultOutput/screenshot/Xserver_chuou-niimura241203_055552.png
2024-12-03 05:56:36,151 - INFO - 3つ以上のファイルを検知: /Users/nyanyacyan/Desktop/project_file/domain_search/installer/resultOutput/screenshot/Xserver_blog241203_054842.png を削除
2024-12-03 05:56:36,504 - DEBUG - url: https://www.xdomain.ne.jp/
2024-12-03 05:56:48,449 - DEBUG - full_path: /Users/nyanyacyan/Desktop/project_file/domain_search/installer/resultOutput/screenshot/Xserver_kk-seh241203_055552.png
2024-12-03 05:56:48,450 - INFO - 【存在確認済】テキストファイル書き込み完了: /Users/nyanyacyan/Desktop/project_file/domain_search/installer/resultOutput/screenshot/Xserver_kk-seh241203_055552.png
2024-12-03 05:56:48,451 - INFO - 3つ以上のファイルを検知: /Users/nyanyacyan/Desktop/project_file/domain_search/installer/resultOutput/screenshot/Conoha Wing_blog241203_054842.png を削除
2024-12-03 05:56:48,987 - DEBUG - url: https://www.xdomain.ne.jp/
2024-12-03 05:56:54,112 - DEBUG - full_path: /Users/nyanyacyan/Desktop/project_file/domain_search/installer/resultOutput/screenshot/Xserver_jihnu241203_055552.png
2024-12-03 05:56:54,113 - INFO - 【存在確認済】テキストファイル書き込み完了: /Users/nyanyacyan/Desktop/project_file/domain_search/installer/resultOutput/screenshot/Xserver_jihnu241203_055552.png
2024-12-03 05:56:54,113 - INFO - 3つ以上のファイルを検知: /Users/nyanyacyan/Desktop/project_file/domain_search/installer/resultOutput/screenshot/Xserver_netz-okhotsk241203_055552.png を削除
2024-12-03 05:56:54,550 - DEBUG - url: https://www.xdomain.ne.jp/
2024-12-03 05:56:58,075 - DEBUG - full_path: /Users/nyanyacyan/Desktop/project_file/domain_search/installer/resultOutput/screenshot/Xserver_blog241203_055552.png
2024-12-03 05:56:58,076 - INFO - 【存在確認済】テキストファイル書き込み完了: /Users/nyanyacyan/Desktop/project_file/domain_search/installer/resultOutput/screenshot/Xserver_blog241203_055552.png
2024-12-03 05:56:58,076 - INFO - 3つ以上のファイルを検知: /Users/nyanyacyan/Desktop/project_file/domain_search/installer/resultOutput/screenshot/Xserver_chuou-niimura241203_055552.png を削除
2024-12-03 05:56:58,453 - DEBUG - url: https://www.conoha.jp/wing/domain/
2024-12-03 06:01:35,407 - DEBUG - url: https://www.xdomain.ne.jp/
2024-12-03 06:02:51,582 - DEBUG - url: https://www.xdomain.ne.jp/
2024-12-03 06:03:07,482 - DEBUG - full_path: /Users/nyanyacyan/Desktop/project_file/domain_search/installer/resultOutput/screenshot/Xserver_netz-okhotsk241203_060250.png
2024-12-03 06:03:07,483 - INFO - 【存在確認済】テキストファイル書き込み完了: /Users/nyanyacyan/Desktop/project_file/domain_search/installer/resultOutput/screenshot/Xserver_netz-okhotsk241203_060250.png
2024-12-03 06:03:07,484 - INFO - 3つ以上のファイルを検知: /Users/nyanyacyan/Desktop/project_file/domain_search/installer/resultOutput/screenshot/Xserver_kk-seh241203_055552.png を削除
2024-12-03 06:03:07,992 - DEBUG - url: https://www.xdomain.ne.jp/
2024-12-03 06:03:13,747 - DEBUG - full_path: /Users/nyanyacyan/Desktop/project_file/domain_search/installer/resultOutput/screenshot/Xserver_chuou-niimura241203_060250.png
2024-12-03 06:03:13,747 - INFO - 【存在確認済】テキストファイル書き込み完了: /Users/nyanyacyan/Desktop/project_file/domain_search/installer/resultOutput/screenshot/Xserver_chuou-niimura241203_060250.png
2024-12-03 06:03:13,748 - INFO - 3つ以上のファイルを検知: /Users/nyanyacyan/Desktop/project_file/domain_search/installer/resultOutput/screenshot/Xserver_jihnu241203_055552.png を削除
2024-12-03 06:03:14,127 - DEBUG - url: https://www.xdomain.ne.jp/
2024-12-03 06:03:22,483 - DEBUG - full_path: /Users/nyanyacyan/Desktop/project_file/domain_search/installer/resultOutput/screenshot/Xserver_kk-seh241203_060250.png
2024-12-03 06:03:22,483 - INFO - 【存在確認済】テキストファイル書き込み完了: /Users/nyanyacyan/Desktop/project_file/domain_search/installer/resultOutput/screenshot/Xserver_kk-seh241203_060250.png
2024-12-03 06:03:22,484 - INFO - 3つ以上のファイルを検知: /Users/nyanyacyan/Desktop/project_file/domain_search/installer/resultOutput/screenshot/Xserver_blog241203_055552.png を削除
2024-12-03 06:03:22,875 - DEBUG - url: https://www.xdomain.ne.jp/
2024-12-03 06:03:26,134 - DEBUG - full_path: /Users/nyanyacyan/Desktop/project_file/domain_search/installer/resultOutput/screenshot/Xserver_jihnu241203_060250.png
2024-12-03 06:03:26,134 - INFO - 【存在確認済】テキストファイル書き込み完了: /Users/nyanyacyan/Desktop/project_file/domain_search/installer/resultOutput/screenshot/Xserver_jihnu241203_060250.png
2024-12-03 06:03:26,134 - INFO - 3つ以上のファイルを検知: /Users/nyanyacyan/Desktop/project_file/domain_search/installer/resultOutput/screenshot/Xserver_netz-okhotsk241203_060250.png を削除
2024-12-03 06:03:26,459 - DEBUG - url: https://www.xdomain.ne.jp/
2024-12-03 06:03:31,454 - DEBUG - full_path: /Users/nyanyacyan/Desktop/project_file/domain_search/installer/resultOutput/screenshot/Xserver_blog241203_060250.png
2024-12-03 06:03:31,455 - INFO - 【存在確認済】テキストファイル書き込み完了: /Users/nyanyacyan/Desktop/project_file/domain_search/installer/resultOutput/screenshot/Xserver_blog241203_060250.png
2024-12-03 06:03:31,455 - INFO - 3つ以上のファイルを検知: /Users/nyanyacyan/Desktop/project_file/domain_search/installer/resultOutput/screenshot/Xserver_chuou-niimura241203_060250.png を削除
2024-12-03 06:03:31,924 - DEBUG - url: https://www.conoha.jp/wing/domain/
2024-12-03 06:05:01,659 - DEBUG - url: https://www.conoha.jp/wing/domain/
2024-12-03 06:05:14,142 - DEBUG - url: https://www.conoha.jp/wing/domain/
2024-12-03 06:05:17,667 - DEBUG - url: https://www.conoha.jp/wing/domain/
2024-12-03 06:05:21,334 - DEBUG - url: https://www.conoha.jp/wing/domain/
2024-12-03 06:05:24,740 - DEBUG - url: https://www.onamae.com/service/domainregist/
2024-12-03 06:05:28,891 - DEBUG - full_path: /Users/nyanyacyan/Desktop/project_file/domain_search/installer/resultOutput/screenshot/お名前.com_netz-okhotsk241203_060250.png
2024-12-03 06:05:28,891 - INFO - 【存在確認済】テキストファイル書き込み完了: /Users/nyanyacyan/Desktop/project_file/domain_search/installer/resultOutput/screenshot/お名前.com_netz-okhotsk241203_060250.png
2024-12-03 06:05:28,893 - INFO - 3つ以上のファイルを検知: /Users/nyanyacyan/Desktop/project_file/domain_search/installer/resultOutput/screenshot/Xserver_kk-seh241203_060250.png を削除
2024-12-03 06:05:29,298 - DEBUG - url: https://www.onamae.com/service/domainregist/
2024-12-03 06:05:33,124 - DEBUG - full_path: /Users/nyanyacyan/Desktop/project_file/domain_search/installer/resultOutput/screenshot/お名前.com_chuou-niimura241203_060250.png
2024-12-03 06:05:33,124 - INFO - 【存在確認済】テキストファイル書き込み完了: /Users/nyanyacyan/Desktop/project_file/domain_search/installer/resultOutput/screenshot/お名前.com_chuou-niimura241203_060250.png
2024-12-03 06:05:33,125 - INFO - 3つ以上のファイルを検知: /Users/nyanyacyan/Desktop/project_file/domain_search/installer/resultOutput/screenshot/Xserver_jihnu241203_060250.png を削除
2024-12-03 06:05:33,489 - DEBUG - url: https://www.onamae.com/service/domainregist/
2024-12-03 06:05:36,647 - DEBUG - full_path: /Users/nyanyacyan/Desktop/project_file/domain_search/installer/resultOutput/screenshot/お名前.com_kk-seh241203_060250.png
2024-12-03 06:05:36,647 - INFO - 【存在確認済】テキストファイル書き込み完了: /Users/nyanyacyan/Desktop/project_file/domain_search/installer/resultOutput/screenshot/お名前.com_kk-seh241203_060250.png
2024-12-03 06:05:36,648 - INFO - 3つ以上のファイルを検知: /Users/nyanyacyan/Desktop/project_file/domain_search/installer/resultOutput/screenshot/Xserver_blog241203_060250.png を削除
2024-12-03 06:05:37,042 - DEBUG - url: https://www.onamae.com/service/domainregist/
2024-12-03 06:06:54,516 - DEBUG - full_path: /Users/nyanyacyan/Desktop/project_file/domain_search/installer/resultOutput/screenshot/お名前.com_jihnu241203_060250.png
2024-12-03 06:06:54,516 - INFO - 【存在確認済】テキストファイル書き込み完了: /Users/nyanyacyan/Desktop/project_file/domain_search/installer/resultOutput/screenshot/お名前.com_jihnu241203_060250.png
2024-12-03 06:06:54,517 - INFO - 3つ以上のファイルを検知: /Users/nyanyacyan/Desktop/project_file/domain_search/installer/resultOutput/screenshot/お名前.com_netz-okhotsk241203_060250.png を削除
2024-12-03 06:06:55,116 - DEBUG - url: https://www.onamae.com/service/domainregist/
2024-12-03 06:06:58,178 - DEBUG - full_path: /Users/nyanyacyan/Desktop/project_file/domain_search/installer/resultOutput/screenshot/お名前.com_blog241203_060250.png
2024-12-03 06:06:58,179 - INFO - 【存在確認済】テキストファイル書き込み完了: /Users/nyanyacyan/Desktop/project_file/domain_search/installer/resultOutput/screenshot/お名前.com_blog241203_060250.png
2024-12-03 06:06:58,179 - INFO - 3つ以上のファイルを検知: /Users/nyanyacyan/Desktop/project_file/domain_search/installer/resultOutput/screenshot/お名前.com_chuou-niimura241203_060250.png を削除
2024-12-03 06:08:34,864 - DEBUG - url: https://www.xdomain.ne.jp/
2024-12-03 06:08:47,314 - DEBUG - full_path: /Users/nyanyacyan/Desktop/project_file/domain_search/installer/resultOutput/screenshot/Xserver_netz-okhotsk241203_060833.png
2024-12-03 06:08:47,314 - INFO - 【存在確認済】テキストファイル書き込み完了: /Users/nyanyacyan/Desktop/project_file/domain_search/installer/resultOutput/screenshot/Xserver_netz-okhotsk241203_060833.png
2024-12-03 06:08:47,315 - INFO - 3つ以上のファイルを検知: /Users/nyanyacyan/Desktop/project_file/domain_search/installer/resultOutput/screenshot/お名前.com_kk-seh241203_060250.png を削除
2024-12-03 06:08:47,801 - DEBUG - url: https://www.xdomain.ne.jp/
2024-12-03 06:08:55,005 - DEBUG - full_path: /Users/nyanyacyan/Desktop/project_file/domain_search/installer/resultOutput/screenshot/Xserver_chuou-niimura241203_060833.png
2024-12-03 06:08:55,005 - INFO - 【存在確認済】テキストファイル書き込み完了: /Users/nyanyacyan/Desktop/project_file/domain_search/installer/resultOutput/screenshot/Xserver_chuou-niimura241203_060833.png
2024-12-03 06:08:55,006 - INFO - 3つ以上のファイルを検知: /Users/nyanyacyan/Desktop/project_file/domain_search/installer/resultOutput/screenshot/お名前.com_jihnu241203_060250.png を削除
2024-12-03 06:08:55,501 - DEBUG - url: https://www.xdomain.ne.jp/
2024-12-03 06:09:00,257 - DEBUG - full_path: /Users/nyanyacyan/Desktop/project_file/domain_search/installer/resultOutput/screenshot/Xserver_kk-seh241203_060833.png
2024-12-03 06:09:00,257 - INFO - 【存在確認済】テキストファイル書き込み完了: /Users/nyanyacyan/Desktop/project_file/domain_search/installer/resultOutput/screenshot/Xserver_kk-seh241203_060833.png
2024-12-03 06:09:00,257 - INFO - 3つ以上のファイルを検知: /Users/nyanyacyan/Desktop/project_file/domain_search/installer/resultOutput/screenshot/お名前.com_blog241203_060250.png を削除
2024-12-03 06:09:00,648 - DEBUG - url: https://www.xdomain.ne.jp/
2024-12-03 06:09:04,821 - DEBUG - full_path: /Users/nyanyacyan/Desktop/project_file/domain_search/installer/resultOutput/screenshot/Xserver_jihnu241203_060833.png
2024-12-03 06:09:04,821 - INFO - 【存在確認済】テキストファイル書き込み完了: /Users/nyanyacyan/Desktop/project_file/domain_search/installer/resultOutput/screenshot/Xserver_jihnu241203_060833.png
2024-12-03 06:09:04,822 - INFO - 3つ以上のファイルを検知: /Users/nyanyacyan/Desktop/project_file/domain_search/installer/resultOutput/screenshot/Xserver_netz-okhotsk241203_060833.png を削除
2024-12-03 06:09:05,252 - DEBUG - url: https://www.xdomain.ne.jp/
2024-12-03 06:09:12,752 - DEBUG - full_path: /Users/nyanyacyan/Desktop/project_file/domain_search/installer/resultOutput/screenshot/Xserver_blog241203_060833.png
2024-12-03 06:09:12,753 - INFO - 【存在確認済】テキストファイル書き込み完了: /Users/nyanyacyan/Desktop/project_file/domain_search/installer/resultOutput/screenshot/Xserver_blog241203_060833.png
2024-12-03 06:09:12,753 - INFO - 3つ以上のファイルを検知: /Users/nyanyacyan/Desktop/project_file/domain_search/installer/resultOutput/screenshot/Xserver_chuou-niimura241203_060833.png を削除
2024-12-03 06:09:13,232 - DEBUG - url: https://www.conoha.jp/wing/domain/
2024-12-03 06:09:22,233 - DEBUG - url: https://www.conoha.jp/wing/domain/
2024-12-03 06:09:33,387 - DEBUG - url: https://www.conoha.jp/wing/domain/
2024-12-03 06:09:42,263 - DEBUG - url: https://www.conoha.jp/wing/domain/
2024-12-03 06:09:49,362 - DEBUG - url: https://www.conoha.jp/wing/domain/
2024-12-03 06:10:02,682 - DEBUG - url: https://www.onamae.com/service/domainregist/
2024-12-03 06:14:03,968 - DEBUG - url: https://www.onamae.com/service/domainregist/
2024-12-03 06:17:55,369 - DEBUG - url: https://www.onamae.com/service/domainregist/
2024-12-03 06:18:42,683 - DEBUG - url: https://www.onamae.com/service/domainregist/
2024-12-03 06:19:01,925 - DEBUG - full_path: /Users/nyanyacyan/Desktop/project_file/domain_search/installer/resultOutput/screenshot/お名前.com_jihnu241203_060833.png
2024-12-03 06:19:01,926 - INFO - 【存在確認済】テキストファイル書き込み完了: /Users/nyanyacyan/Desktop/project_file/domain_search/installer/resultOutput/screenshot/お名前.com_jihnu241203_060833.png
2024-12-03 06:19:01,926 - INFO - 3つ以上のファイルを検知: /Users/nyanyacyan/Desktop/project_file/domain_search/installer/resultOutput/screenshot/Xserver_kk-seh241203_060833.png を削除
2024-12-03 06:19:02,388 - DEBUG - url: https://www.onamae.com/service/domainregist/
2024-12-03 06:20:22,737 - DEBUG - url: https://www.xdomain.ne.jp/
2024-12-03 06:20:43,473 - DEBUG - full_path: /Users/nyanyacyan/Desktop/project_file/domain_search/installer/resultOutput/screenshot/Xserver_netz-okhotsk241203_062022.png
2024-12-03 06:20:43,474 - INFO - 【存在確認済】テキストファイル書き込み完了: /Users/nyanyacyan/Desktop/project_file/domain_search/installer/resultOutput/screenshot/Xserver_netz-okhotsk241203_062022.png
2024-12-03 06:20:43,474 - INFO - 3つ以上のファイルを検知: /Users/nyanyacyan/Desktop/project_file/domain_search/installer/resultOutput/screenshot/Xserver_jihnu241203_060833.png を削除
2024-12-03 06:20:44,139 - DEBUG - url: https://www.xdomain.ne.jp/
2024-12-03 06:20:45,995 - DEBUG - full_path: /Users/nyanyacyan/Desktop/project_file/domain_search/installer/resultOutput/screenshot/Xserver_chuou-niimura241203_062022.png
2024-12-03 06:20:45,995 - INFO - 【存在確認済】テキストファイル書き込み完了: /Users/nyanyacyan/Desktop/project_file/domain_search/installer/resultOutput/screenshot/Xserver_chuou-niimura241203_062022.png
2024-12-03 06:20:45,997 - INFO - 3つ以上のファイルを検知: /Users/nyanyacyan/Desktop/project_file/domain_search/installer/resultOutput/screenshot/Xserver_blog241203_060833.png を削除
2024-12-03 06:20:46,426 - DEBUG - url: https://www.xdomain.ne.jp/
2024-12-03 06:20:48,499 - DEBUG - full_path: /Users/nyanyacyan/Desktop/project_file/domain_search/installer/resultOutput/screenshot/Xserver_kk-seh241203_062022.png
2024-12-03 06:20:48,499 - INFO - 【存在確認済】テキストファイル書き込み完了: /Users/nyanyacyan/Desktop/project_file/domain_search/installer/resultOutput/screenshot/Xserver_kk-seh241203_062022.png
2024-12-03 06:20:48,499 - INFO - 3つ以上のファイルを検知: /Users/nyanyacyan/Desktop/project_file/domain_search/installer/resultOutput/screenshot/お名前.com_jihnu241203_060833.png を削除
2024-12-03 06:20:49,463 - DEBUG - url: https://www.xdomain.ne.jp/
2024-12-03 06:20:51,496 - DEBUG - full_path: /Users/nyanyacyan/Desktop/project_file/domain_search/installer/resultOutput/screenshot/Xserver_jihnu241203_062022.png
2024-12-03 06:20:51,496 - INFO - 【存在確認済】テキストファイル書き込み完了: /Users/nyanyacyan/Desktop/project_file/domain_search/installer/resultOutput/screenshot/Xserver_jihnu241203_062022.png
2024-12-03 06:20:51,496 - INFO - 3つ以上のファイルを検知: /Users/nyanyacyan/Desktop/project_file/domain_search/installer/resultOutput/screenshot/Xserver_netz-okhotsk241203_062022.png を削除
2024-12-03 06:20:51,887 - DEBUG - url: https://www.xdomain.ne.jp/
2024-12-03 06:20:53,671 - DEBUG - full_path: /Users/nyanyacyan/Desktop/project_file/domain_search/installer/resultOutput/screenshot/Xserver_blog241203_062022.png
2024-12-03 06:20:53,671 - INFO - 【存在確認済】テキストファイル書き込み完了: /Users/nyanyacyan/Desktop/project_file/domain_search/installer/resultOutput/screenshot/Xserver_blog241203_062022.png
2024-12-03 06:20:53,672 - INFO - 3つ以上のファイルを検知: /Users/nyanyacyan/Desktop/project_file/domain_search/installer/resultOutput/screenshot/Xserver_chuou-niimura241203_062022.png を削除
2024-12-03 06:20:54,080 - DEBUG - url: https://www.conoha.jp/wing/domain/
2024-12-03 06:21:01,262 - DEBUG - url: https://www.conoha.jp/wing/domain/
2024-12-03 06:21:05,054 - DEBUG - url: https://www.conoha.jp/wing/domain/
2024-12-03 06:21:09,725 - DEBUG - url: https://www.conoha.jp/wing/domain/
2024-12-03 06:21:14,454 - DEBUG - url: https://www.conoha.jp/wing/domain/
2024-12-03 06:21:17,832 - DEBUG - url: https://www.onamae.com/service/domainregist/
2024-12-03 06:21:22,530 - DEBUG - full_path: /Users/nyanyacyan/Desktop/project_file/domain_search/installer/resultOutput/screenshot/お名前.com_netz-okhotsk241203_062022.png
2024-12-03 06:21:22,530 - INFO - 【存在確認済】テキストファイル書き込み完了: /Users/nyanyacyan/Desktop/project_file/domain_search/installer/resultOutput/screenshot/お名前.com_netz-okhotsk241203_062022.png
2024-12-03 06:21:22,531 - INFO - 3つ以上のファイルを検知: /Users/nyanyacyan/Desktop/project_file/domain_search/installer/resultOutput/screenshot/Xserver_kk-seh241203_062022.png を削除
2024-12-03 06:21:23,001 - DEBUG - url: https://www.onamae.com/service/domainregist/
2024-12-03 06:21:26,832 - DEBUG - full_path: /Users/nyanyacyan/Desktop/project_file/domain_search/installer/resultOutput/screenshot/お名前.com_chuou-niimura241203_062022.png
2024-12-03 06:21:26,833 - INFO - 【存在確認済】テキストファイル書き込み完了: /Users/nyanyacyan/Desktop/project_file/domain_search/installer/resultOutput/screenshot/お名前.com_chuou-niimura241203_062022.png
2024-12-03 06:21:26,833 - INFO - 3つ以上のファイルを検知: /Users/nyanyacyan/Desktop/project_file/domain_search/installer/resultOutput/screenshot/Xserver_jihnu241203_062022.png を削除
2024-12-03 06:21:27,427 - DEBUG - url: https://www.onamae.com/service/domainregist/
2024-12-03 06:21:30,292 - DEBUG - full_path: /Users/nyanyacyan/Desktop/project_file/domain_search/installer/resultOutput/screenshot/お名前.com_kk-seh241203_062022.png
2024-12-03 06:21:30,293 - INFO - 【存在確認済】テキストファイル書き込み完了: /Users/nyanyacyan/Desktop/project_file/domain_search/installer/resultOutput/screenshot/お名前.com_kk-seh241203_062022.png
2024-12-03 06:21:30,293 - INFO - 3つ以上のファイルを検知: /Users/nyanyacyan/Desktop/project_file/domain_search/installer/resultOutput/screenshot/Xserver_blog241203_062022.png を削除
2024-12-03 06:21:30,703 - DEBUG - url: https://www.onamae.com/service/domainregist/
2024-12-03 06:21:33,478 - DEBUG - full_path: /Users/nyanyacyan/Desktop/project_file/domain_search/installer/resultOutput/screenshot/お名前.com_jihnu241203_062022.png
2024-12-03 06:21:33,478 - INFO - 【存在確認済】テキストファイル書き込み完了: /Users/nyanyacyan/Desktop/project_file/domain_search/installer/resultOutput/screenshot/お名前.com_jihnu241203_062022.png
2024-12-03 06:21:33,478 - INFO - 3つ以上のファイルを検知: /Users/nyanyacyan/Desktop/project_file/domain_search/installer/resultOutput/screenshot/お名前.com_netz-okhotsk241203_062022.png を削除
2024-12-03 06:21:33,941 - DEBUG - url: https://www.onamae.com/service/domainregist/
2024-12-03 06:21:36,825 - DEBUG - full_path: /Users/nyanyacyan/Desktop/project_file/domain_search/installer/resultOutput/screenshot/お名前.com_blog241203_062022.png
2024-12-03 06:21:36,825 - INFO - 【存在確認済】テキストファイル書き込み完了: /Users/nyanyacyan/Desktop/project_file/domain_search/installer/resultOutput/screenshot/お名前.com_blog241203_062022.png
2024-12-03 06:21:36,826 - INFO - 3つ以上のファイルを検知: /Users/nyanyacyan/Desktop/project_file/domain_search/installer/resultOutput/screenshot/お名前.com_chuou-niimura241203_062022.png を削除
2024-12-03 06:32:57,313 - DEBUG - url: https://www.xdomain.ne.jp/
2024-12-03 06:33:00,851 - DEBUG - url: https://www.xdomain.ne.jp/
2024-12-03 06:33:02,864 - DEBUG - url: https://www.xdomain.ne.jp/
2024-12-03 06:33:04,391 - DEBUG - url: https://www.xdomain.ne.jp/
2024-12-03 06:33:06,024 - DEBUG - url: https://www.xdomain.ne.jp/
2024-12-03 06:33:07,715 - DEBUG - url: https://www.conoha.jp/wing/domain/
2024-12-03 06:33:14,319 - DEBUG - url: https://www.conoha.jp/wing/domain/
2024-12-03 06:33:18,053 - DEBUG - url: https://www.conoha.jp/wing/domain/
2024-12-03 06:33:22,765 - DEBUG - url: https://www.conoha.jp/wing/domain/
2024-12-03 06:33:27,193 - DEBUG - url: https://www.conoha.jp/wing/domain/
2024-12-03 06:33:30,630 - DEBUG - url: https://www.onamae.com/service/domainregist/
2024-12-03 06:41:03,545 - DEBUG - url: https://www.xdomain.ne.jp/
2024-12-03 06:41:06,920 - DEBUG - url: https://www.xdomain.ne.jp/
2024-12-03 06:41:08,739 - DEBUG - url: https://www.xdomain.ne.jp/
2024-12-03 06:41:10,792 - DEBUG - url: https://www.xdomain.ne.jp/
2024-12-03 06:41:12,821 - DEBUG - url: https://www.xdomain.ne.jp/
2024-12-03 06:41:14,825 - DEBUG - url: https://www.conoha.jp/wing/domain/
2024-12-03 06:41:20,911 - DEBUG - url: https://www.conoha.jp/wing/domain/
2024-12-03 06:41:24,353 - DEBUG - url: https://www.conoha.jp/wing/domain/
2024-12-03 06:41:28,007 - DEBUG - url: https://www.conoha.jp/wing/domain/
2024-12-03 06:41:31,412 - DEBUG - url: https://www.conoha.jp/wing/domain/
2024-12-03 06:41:34,920 - DEBUG - url: https://www.onamae.com/service/domainregist/
2024-12-03 06:48:50,001 - DEBUG - url: https://www.xdomain.ne.jp/
2024-12-03 06:48:53,299 - DEBUG - url: https://www.xdomain.ne.jp/
2024-12-03 06:48:54,957 - DEBUG - url: https://www.xdomain.ne.jp/
2024-12-03 06:48:56,573 - DEBUG - url: https://www.xdomain.ne.jp/
2024-12-03 06:48:58,056 - DEBUG - url: https://www.xdomain.ne.jp/
2024-12-03 06:48:59,839 - DEBUG - url: https://www.conoha.jp/wing/domain/
2024-12-03 06:49:06,261 - DEBUG - url: https://www.conoha.jp/wing/domain/
2024-12-03 06:49:11,412 - DEBUG - url: https://www.conoha.jp/wing/domain/
2024-12-03 06:49:15,013 - DEBUG - url: https://www.conoha.jp/wing/domain/
2024-12-03 06:49:19,648 - DEBUG - url: https://www.conoha.jp/wing/domain/
2024-12-03 06:49:24,231 - DEBUG - url: https://www.onamae.com/service/domainregist/
2024-12-03 06:51:12,808 - DEBUG - url: https://www.xdomain.ne.jp/
2024-12-03 06:51:17,449 - DEBUG - url: https://www.xdomain.ne.jp/
2024-12-03 06:51:20,242 - DEBUG - url: https://www.xdomain.ne.jp/
2024-12-03 06:51:22,409 - DEBUG - url: https://www.xdomain.ne.jp/
2024-12-03 06:51:24,102 - DEBUG - url: https://www.xdomain.ne.jp/
2024-12-03 06:51:26,319 - DEBUG - url: https://www.conoha.jp/wing/domain/
2024-12-03 06:51:32,980 - DEBUG - url: https://www.conoha.jp/wing/domain/
2024-12-03 06:51:36,779 - DEBUG - url: https://www.conoha.jp/wing/domain/
2024-12-03 06:51:40,555 - DEBUG - url: https://www.conoha.jp/wing/domain/
2024-12-03 06:51:45,454 - DEBUG - url: https://www.conoha.jp/wing/domain/
2024-12-03 06:51:49,132 - DEBUG - url: https://www.onamae.com/service/domainregist/
2024-12-03 06:52:15,791 - DEBUG - url: https://www.onamae.com/service/domainregist/
2024-12-03 06:52:39,509 - DEBUG - url: https://www.onamae.com/service/domainregist/
2024-12-03 06:53:07,726 - DEBUG - url: https://www.onamae.com/service/domainregist/
2024-12-03 06:53:31,032 - DEBUG - url: https://www.onamae.com/service/domainregist/
2024-12-03 07:01:37,700 - DEBUG - url: https://www.xdomain.ne.jp/
2024-12-03 07:01:42,315 - DEBUG - url: https://www.xdomain.ne.jp/
2024-12-03 07:01:44,020 - DEBUG - url: https://www.xdomain.ne.jp/
2024-12-03 07:01:46,089 - DEBUG - url: https://www.xdomain.ne.jp/
2024-12-03 07:01:47,902 - DEBUG - url: https://www.xdomain.ne.jp/
2024-12-03 07:01:49,692 - DEBUG - url: https://www.conoha.jp/wing/domain/
2024-12-03 07:01:56,812 - DEBUG - full_path: /Users/nyanyacyan/Desktop/project_file/domain_search/installer/resultOutput/screenshot/Conoha Wing_jihnu241203_070137.png
2024-12-03 07:01:56,812 - INFO - 【存在確認済】テキストファイル書き込み完了: /Users/nyanyacyan/Desktop/project_file/domain_search/installer/resultOutput/screenshot/Conoha Wing_jihnu241203_070137.png
2024-12-03 07:01:56,813 - INFO - 3つ以上のファイルを検知: /Users/nyanyacyan/Desktop/project_file/domain_search/installer/resultOutput/screenshot/お名前.com_kk-seh241203_062022.png を削除
2024-12-03 07:01:58,383 - DEBUG - url: https://www.conoha.jp/wing/domain/
2024-12-03 07:02:02,721 - DEBUG - full_path: /Users/nyanyacyan/Desktop/project_file/domain_search/installer/resultOutput/screenshot/Conoha Wing_jihnu241203_070137.png
2024-12-03 07:02:02,722 - INFO - 【存在確認済】テキストファイル書き込み完了: /Users/nyanyacyan/Desktop/project_file/domain_search/installer/resultOutput/screenshot/Conoha Wing_jihnu241203_070137.png
2024-12-03 07:02:03,173 - DEBUG - url: https://www.conoha.jp/wing/domain/
2024-12-03 07:02:07,902 - DEBUG - url: https://www.conoha.jp/wing/domain/
2024-12-03 07:02:11,367 - DEBUG - url: https://www.conoha.jp/wing/domain/
2024-12-03 07:02:15,983 - DEBUG - url: https://www.onamae.com/service/domainregist/
2024-12-03 07:02:40,385 - DEBUG - url: https://www.onamae.com/service/domainregist/
2024-12-03 07:03:08,569 - DEBUG - url: https://www.onamae.com/service/domainregist/
2024-12-03 07:08:55,973 - DEBUG - url: https://www.xdomain.ne.jp/
2024-12-03 07:09:04,236 - DEBUG - url: https://www.xdomain.ne.jp/
2024-12-03 07:09:08,653 - DEBUG - url: https://www.xdomain.ne.jp/
2024-12-03 07:09:16,082 - DEBUG - url: https://www.xdomain.ne.jp/
2024-12-03 07:09:19,365 - DEBUG - url: https://www.xdomain.ne.jp/
2024-12-03 07:09:23,766 - DEBUG - url: https://www.conoha.jp/wing/domain/
2024-12-03 07:09:41,023 - DEBUG - full_path: /Users/nyanyacyan/Desktop/project_file/domain_search/installer/resultOutput/screenshot/Conoha Wing_jihnu241203_070855.png
2024-12-03 07:09:41,023 - INFO - 【存在確認済】テキストファイル書き込み完了: /Users/nyanyacyan/Desktop/project_file/domain_search/installer/resultOutput/screenshot/Conoha Wing_jihnu241203_070855.png
2024-12-03 07:09:41,024 - INFO - 3つ以上のファイルを検知: /Users/nyanyacyan/Desktop/project_file/domain_search/installer/resultOutput/screenshot/お名前.com_jihnu241203_062022.png を削除
2024-12-03 07:09:41,693 - DEBUG - url: https://www.conoha.jp/wing/domain/
2024-12-03 07:09:48,030 - DEBUG - full_path: /Users/nyanyacyan/Desktop/project_file/domain_search/installer/resultOutput/screenshot/Conoha Wing_jihnu241203_070855.png
2024-12-03 07:09:48,030 - INFO - 【存在確認済】テキストファイル書き込み完了: /Users/nyanyacyan/Desktop/project_file/domain_search/installer/resultOutput/screenshot/Conoha Wing_jihnu241203_070855.png
2024-12-03 07:09:48,453 - DEBUG - url: https://www.conoha.jp/wing/domain/
2024-12-03 07:09:52,924 - DEBUG - url: https://www.conoha.jp/wing/domain/
2024-12-03 07:09:58,113 - DEBUG - url: https://www.conoha.jp/wing/domain/
2024-12-03 07:10:06,951 - DEBUG - url: https://www.onamae.com/service/domainregist/
2024-12-03 07:10:59,109 - DEBUG - full_path: /Users/nyanyacyan/Desktop/project_file/domain_search/installer/resultOutput/screenshot/お名前.com_jihnu241203_070855.png
2024-12-03 07:10:59,109 - INFO - 【存在確認済】テキストファイル書き込み完了: /Users/nyanyacyan/Desktop/project_file/domain_search/installer/resultOutput/screenshot/お名前.com_jihnu241203_070855.png
2024-12-03 07:10:59,110 - INFO - 3つ以上のファイルを検知: /Users/nyanyacyan/Desktop/project_file/domain_search/installer/resultOutput/screenshot/お名前.com_blog241203_062022.png を削除
2024-12-03 07:10:59,806 - DEBUG - url: https://www.onamae.com/service/domainregist/
2024-12-03 07:11:44,112 - DEBUG - full_path: /Users/nyanyacyan/Desktop/project_file/domain_search/installer/resultOutput/screenshot/お名前.com_jihnu241203_070855.png
2024-12-03 07:11:44,113 - INFO - 【存在確認済】テキストファイル書き込み完了: /Users/nyanyacyan/Desktop/project_file/domain_search/installer/resultOutput/screenshot/お名前.com_jihnu241203_070855.png
2024-12-03 07:11:44,767 - DEBUG - url: https://www.onamae.com/service/domainregist/
2024-12-03 07:12:16,150 - DEBUG - url: https://www.onamae.com/service/domainregist/
2024-12-03 07:13:12,371 - DEBUG - url: https://www.onamae.com/service/domainregist/
2024-12-03 08:44:09,546 - DEBUG - url: https://www.xdomain.ne.jp/
2024-12-03 08:44:30,901 - DEBUG - url: https://www.xdomain.ne.jp/
2024-12-03 08:44:37,364 - DEBUG - url: https://www.xdomain.ne.jp/
2024-12-03 08:44:44,424 - DEBUG - url: https://www.xdomain.ne.jp/
2024-12-03 08:44:51,508 - DEBUG - full_path: /Users/nyanyacyan/Desktop/project_file/domain_search/installer/resultOutput/screenshot/Xserver_jihnu241203_084408.png
2024-12-03 08:44:51,509 - INFO - 【存在確認済】テキストファイル書き込み完了: /Users/nyanyacyan/Desktop/project_file/domain_search/installer/resultOutput/screenshot/Xserver_jihnu241203_084408.png
2024-12-03 08:44:51,510 - INFO - 3つ以上のファイルを検知: /Users/nyanyacyan/Desktop/project_file/domain_search/installer/resultOutput/screenshot/Conoha Wing_jihnu241203_070137.png を削除
2024-12-03 08:44:51,937 - DEBUG - url: https://www.xdomain.ne.jp/
2024-12-03 08:45:00,189 - DEBUG - url: https://www.conoha.jp/wing/domain/
2024-12-03 08:45:06,393 - DEBUG - full_path: /Users/nyanyacyan/Desktop/project_file/domain_search/installer/resultOutput/screenshot/Conoha Wing_jihnu241203_084408.png
2024-12-03 08:45:06,393 - INFO - 【存在確認済】テキストファイル書き込み完了: /Users/nyanyacyan/Desktop/project_file/domain_search/installer/resultOutput/screenshot/Conoha Wing_jihnu241203_084408.png
2024-12-03 08:45:06,394 - INFO - 3つ以上のファイルを検知: /Users/nyanyacyan/Desktop/project_file/domain_search/installer/resultOutput/screenshot/Conoha Wing_jihnu241203_070855.png を削除
2024-12-03 08:45:06,871 - DEBUG - url: https://www.conoha.jp/wing/domain/
2024-12-03 08:45:11,832 - DEBUG - full_path: /Users/nyanyacyan/Desktop/project_file/domain_search/installer/resultOutput/screenshot/Conoha Wing_jihnu241203_084408.png
2024-12-03 08:45:11,832 - INFO - 【存在確認済】テキストファイル書き込み完了: /Users/nyanyacyan/Desktop/project_file/domain_search/installer/resultOutput/screenshot/Conoha Wing_jihnu241203_084408.png
2024-12-03 08:45:12,305 - DEBUG - url: https://www.conoha.jp/wing/domain/
2024-12-03 08:45:16,066 - DEBUG - url: https://www.conoha.jp/wing/domain/
2024-12-03 08:45:19,727 - DEBUG - url: https://www.conoha.jp/wing/domain/
2024-12-03 08:45:23,911 - DEBUG - url: https://www.onamae.com/service/domainregist/
2024-12-03 08:45:52,942 - DEBUG - full_path: /Users/nyanyacyan/Desktop/project_file/domain_search/installer/resultOutput/screenshot/お名前.com_jihnu241203_084408.png
2024-12-03 08:45:52,942 - INFO - 【存在確認済】テキストファイル書き込み完了: /Users/nyanyacyan/Desktop/project_file/domain_search/installer/resultOutput/screenshot/お名前.com_jihnu241203_084408.png
2024-12-03 08:45:52,942 - INFO - 3つ以上のファイルを検知: /Users/nyanyacyan/Desktop/project_file/domain_search/installer/resultOutput/screenshot/お名前.com_jihnu241203_070855.png を削除
2024-12-03 08:45:53,627 - DEBUG - url: https://www.onamae.com/service/domainregist/
2024-12-03 08:46:22,651 - DEBUG - full_path: /Users/nyanyacyan/Desktop/project_file/domain_search/installer/resultOutput/screenshot/お名前.com_jihnu241203_084408.png
2024-12-03 08:46:22,652 - INFO - 【存在確認済】テキストファイル書き込み完了: /Users/nyanyacyan/Desktop/project_file/domain_search/installer/resultOutput/screenshot/お名前.com_jihnu241203_084408.png
2024-12-03 08:46:23,062 - DEBUG - url: https://www.onamae.com/service/domainregist/
2024-12-03 08:46:51,198 - DEBUG - url: https://www.onamae.com/service/domainregist/
2024-12-03 08:47:19,054 - DEBUG - url: https://www.onamae.com/service/domainregist/
2024-12-03 11:15:09,349 - DEBUG - url: https://www.xdomain.ne.jp/
2024-12-03 11:15:17,820 - DEBUG - url: https://www.xdomain.ne.jp/
2024-12-03 11:15:24,597 - DEBUG - url: https://www.xdomain.ne.jp/
2024-12-03 11:15:30,991 - DEBUG - url: https://www.xdomain.ne.jp/
2024-12-03 11:15:43,728 - DEBUG - full_path: /Users/nyanyacyan/Desktop/project_file/domain_search/installer/resultOutput/screenshot/Xserver_jihnu241203_111508.png
2024-12-03 11:15:43,729 - INFO - 【存在確認済】テキストファイル書き込み完了: /Users/nyanyacyan/Desktop/project_file/domain_search/installer/resultOutput/screenshot/Xserver_jihnu241203_111508.png
2024-12-03 11:15:43,729 - INFO - 3つ以上のファイルを検知: /Users/nyanyacyan/Desktop/project_file/domain_search/installer/resultOutput/screenshot/Xserver_jihnu241203_084408.png を削除
2024-12-03 11:15:44,178 - DEBUG - url: https://www.xdomain.ne.jp/
2024-12-03 11:15:52,266 - DEBUG - url: https://www.conoha.jp/wing/domain/
2024-12-03 11:15:59,195 - DEBUG - full_path: /Users/nyanyacyan/Desktop/project_file/domain_search/installer/resultOutput/screenshot/Conoha Wing_jihnu241203_111508.png
2024-12-03 11:15:59,196 - INFO - 【存在確認済】テキストファイル書き込み完了: /Users/nyanyacyan/Desktop/project_file/domain_search/installer/resultOutput/screenshot/Conoha Wing_jihnu241203_111508.png
2024-12-03 11:15:59,197 - INFO - 3つ以上のファイルを検知: /Users/nyanyacyan/Desktop/project_file/domain_search/installer/resultOutput/screenshot/Conoha Wing_jihnu241203_084408.png を削除
2024-12-03 11:15:59,800 - DEBUG - url: https://www.conoha.jp/wing/domain/
2024-12-03 11:16:03,813 - DEBUG - full_path: /Users/nyanyacyan/Desktop/project_file/domain_search/installer/resultOutput/screenshot/Conoha Wing_jihnu241203_111508.png
2024-12-03 11:16:03,813 - INFO - 【存在確認済】テキストファイル書き込み完了: /Users/nyanyacyan/Desktop/project_file/domain_search/installer/resultOutput/screenshot/Conoha Wing_jihnu241203_111508.png
2024-12-03 11:16:04,189 - DEBUG - url: https://www.conoha.jp/wing/domain/
2024-12-03 11:16:07,867 - DEBUG - url: https://www.conoha.jp/wing/domain/
2024-12-03 11:16:11,312 - DEBUG - url: https://www.conoha.jp/wing/domain/
2024-12-03 11:16:21,639 - DEBUG - url: https://www.onamae.com/service/domainregist/
2024-12-03 11:16:50,993 - DEBUG - full_path: /Users/nyanyacyan/Desktop/project_file/domain_search/installer/resultOutput/screenshot/お名前.com_jihnu241203_111508.png
2024-12-03 11:16:50,993 - INFO - 【存在確認済】テキストファイル書き込み完了: /Users/nyanyacyan/Desktop/project_file/domain_search/installer/resultOutput/screenshot/お名前.com_jihnu241203_111508.png
2024-12-03 11:16:50,994 - INFO - 3つ以上のファイルを検知: /Users/nyanyacyan/Desktop/project_file/domain_search/installer/resultOutput/screenshot/お名前.com_jihnu241203_084408.png を削除
2024-12-03 11:16:51,417 - DEBUG - url: https://www.onamae.com/service/domainregist/
2024-12-03 11:17:20,605 - DEBUG - full_path: /Users/nyanyacyan/Desktop/project_file/domain_search/installer/resultOutput/screenshot/お名前.com_jihnu241203_111508.png
2024-12-03 11:17:20,605 - INFO - 【存在確認済】テキストファイル書き込み完了: /Users/nyanyacyan/Desktop/project_file/domain_search/installer/resultOutput/screenshot/お名前.com_jihnu241203_111508.png
2024-12-03 11:17:21,310 - DEBUG - url: https://www.onamae.com/service/domainregist/
2024-12-03 11:17:49,514 - DEBUG - url: https://www.onamae.com/service/domainregist/
2024-12-03 11:18:17,685 - DEBUG - url: https://www.onamae.com/service/domainregist/
2024-12-03 14:03:21,663 - DEBUG - url: https://www.xdomain.ne.jp/
2024-12-03 14:03:34,895 - DEBUG - url: https://www.xdomain.ne.jp/
2024-12-03 14:03:44,773 - DEBUG - url: https://www.xdomain.ne.jp/
2024-12-03 14:03:53,092 - DEBUG - url: https://www.xdomain.ne.jp/
2024-12-03 14:04:02,308 - DEBUG - full_path: /Users/nyanyacyan/Desktop/project_file/domain_search/installer/resultOutput/screenshot/Xserver_jihnu241203_140320.png
2024-12-03 14:04:02,310 - INFO - 【存在確認済】テキストファイル書き込み完了: /Users/nyanyacyan/Desktop/project_file/domain_search/installer/resultOutput/screenshot/Xserver_jihnu241203_140320.png
2024-12-03 14:04:02,321 - INFO - 3つ以上のファイルを検知: /Users/nyanyacyan/Desktop/project_file/domain_search/installer/resultOutput/screenshot/Xserver_jihnu241203_111508.png を削除
2024-12-03 14:04:03,194 - DEBUG - url: https://www.xdomain.ne.jp/
2024-12-03 14:04:11,388 - DEBUG - url: https://www.conoha.jp/wing/domain/
2024-12-03 14:04:25,456 - DEBUG - full_path: /Users/nyanyacyan/Desktop/project_file/domain_search/installer/resultOutput/screenshot/Conoha Wing_jihnu241203_140320.png
2024-12-03 14:04:25,457 - INFO - 【存在確認済】テキストファイル書き込み完了: /Users/nyanyacyan/Desktop/project_file/domain_search/installer/resultOutput/screenshot/Conoha Wing_jihnu241203_140320.png
2024-12-03 14:04:25,465 - INFO - 3つ以上のファイルを検知: /Users/nyanyacyan/Desktop/project_file/domain_search/installer/resultOutput/screenshot/Conoha Wing_jihnu241203_111508.png を削除
2024-12-03 14:04:26,278 - DEBUG - url: https://www.conoha.jp/wing/domain/
2024-12-03 14:04:32,581 - DEBUG - full_path: /Users/nyanyacyan/Desktop/project_file/domain_search/installer/resultOutput/screenshot/Conoha Wing_jihnu241203_140320.png
2024-12-03 14:04:32,581 - INFO - 【存在確認済】テキストファイル書き込み完了: /Users/nyanyacyan/Desktop/project_file/domain_search/installer/resultOutput/screenshot/Conoha Wing_jihnu241203_140320.png
2024-12-03 14:04:33,383 - DEBUG - url: https://www.conoha.jp/wing/domain/
2024-12-03 14:04:37,981 - DEBUG - url: https://www.conoha.jp/wing/domain/
2024-12-03 14:04:44,837 - DEBUG - url: https://www.conoha.jp/wing/domain/
2024-12-03 14:04:51,880 - DEBUG - url: https://www.onamae.com/service/domainregist/
2024-12-03 14:05:29,163 - DEBUG - full_path: /Users/nyanyacyan/Desktop/project_file/domain_search/installer/resultOutput/screenshot/お名前.com_jihnu241203_140320.png
2024-12-03 14:05:29,164 - INFO - 【存在確認済】テキストファイル書き込み完了: /Users/nyanyacyan/Desktop/project_file/domain_search/installer/resultOutput/screenshot/お名前.com_jihnu241203_140320.png
2024-12-03 14:05:29,174 - INFO - 3つ以上のファイルを検知: /Users/nyanyacyan/Desktop/project_file/domain_search/installer/resultOutput/screenshot/お名前.com_jihnu241203_111508.png を削除
2024-12-03 14:05:30,056 - DEBUG - url: https://www.onamae.com/service/domainregist/
2024-12-03 14:06:04,799 - DEBUG - full_path: /Users/nyanyacyan/Desktop/project_file/domain_search/installer/resultOutput/screenshot/お名前.com_jihnu241203_140320.png
2024-12-03 14:06:04,799 - INFO - 【存在確認済】テキストファイル書き込み完了: /Users/nyanyacyan/Desktop/project_file/domain_search/installer/resultOutput/screenshot/お名前.com_jihnu241203_140320.png
2024-12-03 14:06:06,075 - DEBUG - url: https://www.onamae.com/service/domainregist/
2024-12-03 14:06:39,900 - DEBUG - url: https://www.onamae.com/service/domainregist/
2024-12-03 14:07:12,880 - DEBUG - url: https://www.onamae.com/service/domainregist/
