2024-12-03 01:19:18,450 - DEBUG - message: 
    **Xserver** に **netz-okhotsk.jp** があることを確認できました！

    詳細はスクリーンショットにてご確認ください。
    
2024-12-03 01:19:22,934 - DEBUG - img_path: /Users/nyanyacyan/Desktop/project_file/domain_search/installer/resultOutput/screenshot/Xserver_netz-okhotsk.jp241203_011501.png
2024-12-03 01:19:55,611 - ERROR - line_image_notify 処理中にエラーが発生:ChatworkNotify._isChecked_image_size() got an unexpected keyword argument 'resize_image_path'
2024-12-03 01:32:45,571 - DEBUG - message: 
    **Xserver** に **netz-okhotsk.jp** があることを確認できました！

    詳細はスクリーンショットにてご確認ください。
    
2024-12-03 01:32:49,337 - DEBUG - img_path: /Users/nyanyacyan/Desktop/project_file/domain_search/installer/resultOutput/screenshot/Xserver_netz-okhotsk241203_012422.png
2024-12-03 01:34:07,254 - ERROR - chatwork_image_notify 処理中にエラーが発生:ChatworkNotify._isChecked_image_size() got an unexpected keyword argument 'resize_image_path'
2024-12-03 01:39:19,609 - DEBUG - message: 
    **Xserver** に **netz-okhotsk.jp** があることを確認できました！

    詳細はスクリーンショットにてご確認ください。
    
2024-12-03 01:39:19,609 - DEBUG - img_path: /Users/nyanyacyan/Desktop/project_file/domain_search/installer/resultOutput/screenshot/Xserver_netz-okhotsk241203_013911.png
2024-12-03 01:39:19,609 - INFO - ********** _image_resize start **********
2024-12-03 01:39:19,609 - DEBUG - img_path: /Users/nyanyacyan/Desktop/project_file/domain_search/installer/resultOutput/screenshot/Xserver_netz-okhotsk241203_013911.png
2024-12-03 01:39:19,609 - INFO - ********** _image_resize end **********
2024-12-03 01:39:19,609 - ERROR - chatwork_image_notify 処理中にエラーが発生:name 'img' is not defined
2024-12-03 01:39:26,496 - DEBUG - message: 
    **お名前.com** に **netz-okhotsk.jp** があることを確認できました！

    詳細はスクリーンショットにてご確認ください。
    
2024-12-03 01:39:26,496 - DEBUG - img_path: /Users/nyanyacyan/Desktop/project_file/domain_search/installer/resultOutput/screenshot/お名前.com_netz-okhotsk241203_013911.png
2024-12-03 01:39:26,496 - INFO - ********** _image_resize start **********
2024-12-03 01:39:26,497 - DEBUG - img_path: /Users/nyanyacyan/Desktop/project_file/domain_search/installer/resultOutput/screenshot/お名前.com_netz-okhotsk241203_013911.png
2024-12-03 01:39:26,497 - INFO - ********** _image_resize end **********
2024-12-03 01:39:26,497 - ERROR - chatwork_image_notify 処理中にエラーが発生:name 'img' is not defined
2024-12-03 01:40:12,938 - DEBUG - message: 
    **Xserver** に **netz-okhotsk.jp** があることを確認できました！

    詳細はスクリーンショットにてご確認ください。
    
2024-12-03 01:40:12,938 - DEBUG - img_path: /Users/nyanyacyan/Desktop/project_file/domain_search/installer/resultOutput/screenshot/Xserver_netz-okhotsk241203_014005.png
2024-12-03 01:40:12,938 - INFO - ********** _image_resize start **********
2024-12-03 01:40:12,938 - DEBUG - img_path: /Users/nyanyacyan/Desktop/project_file/domain_search/installer/resultOutput/screenshot/Xserver_netz-okhotsk241203_014005.png
2024-12-03 01:40:12,939 - INFO - ********** _image_resize end **********
2024-12-03 01:40:12,939 - ERROR - chatwork_image_notify 処理中にエラーが発生:expected str, bytes or os.PathLike object, not NoneType
2024-12-03 01:40:21,550 - DEBUG - message: 
    **お名前.com** に **netz-okhotsk.jp** があることを確認できました！

    詳細はスクリーンショットにてご確認ください。
    
2024-12-03 01:40:21,550 - DEBUG - img_path: /Users/nyanyacyan/Desktop/project_file/domain_search/installer/resultOutput/screenshot/お名前.com_netz-okhotsk241203_014005.png
2024-12-03 01:40:21,550 - INFO - ********** _image_resize start **********
2024-12-03 01:40:21,550 - DEBUG - img_path: /Users/nyanyacyan/Desktop/project_file/domain_search/installer/resultOutput/screenshot/お名前.com_netz-okhotsk241203_014005.png
2024-12-03 01:40:21,550 - INFO - ********** _image_resize end **********
2024-12-03 01:40:21,550 - ERROR - chatwork_image_notify 処理中にエラーが発生:expected str, bytes or os.PathLike object, not NoneType
2024-12-03 01:41:43,852 - DEBUG - message: 
    **Xserver** に **netz-okhotsk.jp** があることを確認できました！

    詳細はスクリーンショットにてご確認ください。
    
2024-12-03 01:41:43,852 - DEBUG - img_path: /Users/nyanyacyan/Desktop/project_file/domain_search/installer/resultOutput/screenshot/Xserver_netz-okhotsk241203_014136.png
2024-12-03 01:41:55,621 - INFO - ********** _image_resize start **********
2024-12-03 01:41:59,152 - DEBUG - img_path: /Users/nyanyacyan/Desktop/project_file/domain_search/installer/resultOutput/screenshot/Xserver_netz-okhotsk241203_014136.png
2024-12-03 01:43:16,556 - INFO - ********** _image_resize end **********
2024-12-03 01:43:37,943 - DEBUG - message: 
    **Xserver** に **netz-okhotsk.jp** があることを確認できました！

    詳細はスクリーンショットにてご確認ください。
    
2024-12-03 01:43:37,943 - DEBUG - img_path: /Users/nyanyacyan/Desktop/project_file/domain_search/installer/resultOutput/screenshot/Xserver_netz-okhotsk241203_014330.png
2024-12-03 01:43:44,803 - INFO - ********** _image_resize start **********
2024-12-03 01:43:47,603 - DEBUG - img_path: /Users/nyanyacyan/Desktop/project_file/domain_search/installer/resultOutput/screenshot/Xserver_netz-okhotsk241203_014330.png
2024-12-03 01:50:56,289 - INFO - ********** _image_resize end **********
2024-12-03 01:51:19,722 - ERROR - chatwork_image_notify 処理中にエラーが発生:expected str, bytes or os.PathLike object, not NoneType
2024-12-03 01:51:46,804 - DEBUG - message: 
    **Xserver** に **netz-okhotsk.jp** があることを確認できました！

    詳細はスクリーンショットにてご確認ください。
    
2024-12-03 01:51:46,804 - DEBUG - img_path: /Users/nyanyacyan/Desktop/project_file/domain_search/installer/resultOutput/screenshot/Xserver_netz-okhotsk241203_015137.png
2024-12-03 01:51:53,705 - INFO - ********** _image_resize start **********
2024-12-03 01:51:57,005 - DEBUG - img_path: /Users/nyanyacyan/Desktop/project_file/domain_search/installer/resultOutput/screenshot/Xserver_netz-okhotsk241203_015137.png
2024-12-03 01:52:10,172 - DEBUG - 
 img_MB_size: 0.21094703674316406
 max_mb_size: 5
2024-12-03 01:54:42,932 - DEBUG - message: 
    **Xserver** に **netz-okhotsk.jp** があることを確認できました！

    詳細はスクリーンショットにてご確認ください。
    
2024-12-03 01:54:42,932 - DEBUG - img_path: /Users/nyanyacyan/Desktop/project_file/domain_search/installer/resultOutput/screenshot/Xserver_netz-okhotsk241203_015434.png
2024-12-03 01:54:57,996 - DEBUG - 
 img_MB_size: 0.21094703674316406
 max_mb_size: 5
2024-12-03 01:55:48,181 - INFO - ********** _image_resize end **********
2024-12-03 01:56:04,463 - ERROR - chatwork_image_notify 処理中にエラーが発生:expected str, bytes or os.PathLike object, not NoneType
2024-12-03 02:02:42,350 - DEBUG - 
 message: 
    **Xserver** に **netz-okhotsk.jp** があることを確認できました！

    詳細はスクリーンショットにてご確認ください。
    
 img_path: /Users/nyanyacyan/Desktop/project_file/domain_search/installer/resultOutput/screenshot/Xserver_netz-okhotsk241203_020234.png
2024-12-03 02:02:51,783 - DEBUG - 
 img_MB_size: 0.21094703674316406
 max_mb_size: 5
2024-12-03 02:03:23,649 - ERROR - chatwork_image_notify 処理中にエラーが発生:expected string or bytes-like object, got 'PosixPath'
2024-12-03 02:08:07,498 - DEBUG - 
 message: 
    **Xserver** に **netz-okhotsk.jp** があることを確認できました！

    詳細はスクリーンショットにてご確認ください。
    
 img_path: /Users/nyanyacyan/Desktop/project_file/domain_search/installer/resultOutput/screenshot/Xserver_netz-okhotsk241203_020759.png
2024-12-03 02:08:07,498 - DEBUG - 
 img_MB_size: 0.21094703674316406
 max_mb_size: 5
2024-12-03 02:08:07,498 - DEBUG - resize_image_path type: <class 'pathlib._local.PosixPath'>
2024-12-03 02:08:40,658 - DEBUG - 
 message: 
    **Xserver** に **netz-okhotsk.jp** があることを確認できました！

    詳細はスクリーンショットにてご確認ください。
    
 img_path: /Users/nyanyacyan/Desktop/project_file/domain_search/installer/resultOutput/screenshot/Xserver_netz-okhotsk241203_020831.png
2024-12-03 02:08:40,659 - DEBUG - 
 img_MB_size: 0.21094703674316406
 max_mb_size: 5
2024-12-03 02:08:40,659 - DEBUG - resize_image_path type: <class 'pathlib._local.PosixPath'>
2024-12-03 02:09:17,168 - ERROR - chatwork_image_notify 処理中にエラーが発生:expected string or bytes-like object, got 'PosixPath'
2024-12-03 02:10:03,814 - DEBUG - 
 message: 
    **お名前.com** に **netz-okhotsk.jp** があることを確認できました！

    詳細はスクリーンショットにてご確認ください。
    
 img_path: /Users/nyanyacyan/Desktop/project_file/domain_search/installer/resultOutput/screenshot/お名前.com_netz-okhotsk241203_020831.png
2024-12-03 02:10:03,814 - DEBUG - 
 img_MB_size: 0.24519729614257812
 max_mb_size: 5
2024-12-03 02:10:03,814 - DEBUG - resize_image_path type: <class 'pathlib._local.PosixPath'>
2024-12-03 02:10:08,656 - ERROR - chatwork_image_notify 処理中にエラーが発生:expected string or bytes-like object, got 'PosixPath'
2024-12-03 02:15:17,782 - DEBUG - 
 message: 
    **Xserver** に **netz-okhotsk.jp** があることを確認できました！

    詳細はスクリーンショットにてご確認ください。
    
 img_path: /Users/nyanyacyan/Desktop/project_file/domain_search/installer/resultOutput/screenshot/Xserver_netz-okhotsk241203_021509.png
2024-12-03 02:15:17,782 - DEBUG - 
 img_MB_size: 0.21094703674316406
 max_mb_size: 5
2024-12-03 02:15:17,782 - DEBUG - resize_image_path type: <class 'pathlib._local.PosixPath'>
2024-12-03 02:15:35,438 - DEBUG - 送信成功
2024-12-03 02:16:00,922 - INFO - ********** _img_remove start **********
2024-12-03 04:54:05,937 - DEBUG - 
 img_MB_size: 0.20900726318359375
 max_mb_size: 5
2024-12-03 04:54:24,223 - DEBUG - 
 data: {'message': '\n    **Xserver** に **jihnu.jp** があることを確認できました！\n\n    詳細はスクリーンショットにてご確認ください。\n    '}
 resize_image_path: /Users/nyanyacyan/Desktop/project_file/domain_search/installer/resultOutput/screenshot/Xserver_jihnu241203_045123.png
 end_point: https://api.chatwork.com/v2
 url: https://api.chatwork.com/v2/rooms/379549769/files
 headers: {'X-ChatWorkToken': 'fb0410138ee1f4c493b1094f23e310cd'}
2024-12-03 04:54:28,388 - DEBUG - 送信成功
2024-12-03 04:54:37,758 - DEBUG - 
 img_MB_size: 0.1988515853881836
 max_mb_size: 5
2024-12-03 04:55:05,272 - DEBUG - 
 data: {'message': '\n    **お名前.com** に **netz-okhotsk.jp** があることを確認できました！\n\n    詳細はスクリーンショットにてご確認ください。\n    '}
 resize_image_path: /Users/nyanyacyan/Desktop/project_file/domain_search/installer/resultOutput/screenshot/お名前.com_netz-okhotsk241203_045123.png
 end_point: https://api.chatwork.com/v2
 url: https://api.chatwork.com/v2/rooms/379549769/files
 headers: {'X-ChatWorkToken': 'fb0410138ee1f4c493b1094f23e310cd'}
2024-12-03 04:55:07,804 - DEBUG - 送信成功
2024-12-03 04:56:12,083 - DEBUG - 
 img_MB_size: 0.20900630950927734
 max_mb_size: 5
2024-12-03 04:57:24,738 - DEBUG - 
 data: {'message': '\n    **Xserver** に **jihnu.jp** があることを確認できました！\n\n    詳細はスクリーンショットにてご確認ください。\n    '}
 resize_image_path: /Users/nyanyacyan/Desktop/project_file/domain_search/installer/resultOutput/screenshot/Xserver_jihnu241203_045546.png
 end_point: https://api.chatwork.com/v2
 url: https://api.chatwork.com/v2/rooms/379549769/files
 headers: {'X-ChatWorkToken': 'fb0410138ee1f4c493b1094f23e310cd'}
2024-12-03 04:57:34,788 - DEBUG - 送信成功
2024-12-03 04:57:47,957 - DEBUG - 
 img_MB_size: 0.23239898681640625
 max_mb_size: 5
2024-12-03 04:57:57,289 - DEBUG - 
 data: {'message': '\n    **お名前.com** に **netz-okhotsk.jp** があることを確認できました！\n\n    詳細はスクリーンショットにてご確認ください。\n    '}
 resize_image_path: /Users/nyanyacyan/Desktop/project_file/domain_search/installer/resultOutput/screenshot/お名前.com_netz-okhotsk241203_045546.png
 end_point: https://api.chatwork.com/v2
 url: https://api.chatwork.com/v2/rooms/379549769/files
 headers: {'X-ChatWorkToken': 'fb0410138ee1f4c493b1094f23e310cd'}
2024-12-03 04:57:57,819 - DEBUG - 送信成功
2024-12-03 04:58:01,669 - DEBUG - 
 img_MB_size: 0.22964096069335938
 max_mb_size: 5
2024-12-03 04:58:01,669 - DEBUG - 
 data: {'message': '\n    **お名前.com** に **chuou-niimura.jp** があることを確認できました！\n\n    詳細はスクリーンショットにてご確認ください。\n    '}
 resize_image_path: /Users/nyanyacyan/Desktop/project_file/domain_search/installer/resultOutput/screenshot/お名前.com_chuou-niimura241203_045546.png
 end_point: https://api.chatwork.com/v2
 url: https://api.chatwork.com/v2/rooms/379549769/files
 headers: {'X-ChatWorkToken': 'fb0410138ee1f4c493b1094f23e310cd'}
2024-12-03 04:58:02,086 - DEBUG - 送信成功
2024-12-03 04:59:19,739 - DEBUG - 
 img_MB_size: 0.23005962371826172
 max_mb_size: 5
2024-12-03 04:59:19,739 - DEBUG - 
 data: {'message': '\n    **お名前.com** に **kk-seh.com** があることを確認できました！\n\n    詳細はスクリーンショットにてご確認ください。\n    '}
 resize_image_path: /Users/nyanyacyan/Desktop/project_file/domain_search/installer/resultOutput/screenshot/お名前.com_kk-seh241203_045546.png
 end_point: https://api.chatwork.com/v2
 url: https://api.chatwork.com/v2/rooms/379549769/files
 headers: {'X-ChatWorkToken': 'fb0410138ee1f4c493b1094f23e310cd'}
2024-12-03 04:59:20,229 - DEBUG - 送信成功
2024-12-03 04:59:23,308 - DEBUG - 
 img_MB_size: 0.22689533233642578
 max_mb_size: 5
2024-12-03 04:59:23,308 - DEBUG - 
 data: {'message': '\n    **お名前.com** に **jihnu.jp** があることを確認できました！\n\n    詳細はスクリーンショットにてご確認ください。\n    '}
 resize_image_path: /Users/nyanyacyan/Desktop/project_file/domain_search/installer/resultOutput/screenshot/お名前.com_jihnu241203_045546.png
 end_point: https://api.chatwork.com/v2
 url: https://api.chatwork.com/v2/rooms/379549769/files
 headers: {'X-ChatWorkToken': 'fb0410138ee1f4c493b1094f23e310cd'}
2024-12-03 04:59:24,023 - DEBUG - 送信成功
2024-12-03 04:59:27,448 - DEBUG - 
 img_MB_size: 0.2285633087158203
 max_mb_size: 5
2024-12-03 04:59:27,448 - DEBUG - 
 data: {'message': '\n    **お名前.com** に **blog.jp** があることを確認できました！\n\n    詳細はスクリーンショットにてご確認ください。\n    '}
 resize_image_path: /Users/nyanyacyan/Desktop/project_file/domain_search/installer/resultOutput/screenshot/お名前.com_blog241203_045546.png
 end_point: https://api.chatwork.com/v2
 url: https://api.chatwork.com/v2/rooms/379549769/files
 headers: {'X-ChatWorkToken': 'fb0410138ee1f4c493b1094f23e310cd'}
2024-12-03 04:59:27,816 - DEBUG - 送信成功
2024-12-03 05:01:42,323 - DEBUG - 
 img_MB_size: 0.20900630950927734
 max_mb_size: 5
2024-12-03 05:01:42,324 - DEBUG - 
 data: {'message': '\n    **Xserver** に **jihnu.jp** があることを確認できました！\n\n    詳細はスクリーンショットにてご確認ください。\n    '}
 resize_image_path: /Users/nyanyacyan/Desktop/project_file/domain_search/installer/resultOutput/screenshot/Xserver_jihnu241203_050116.png
 end_point: https://api.chatwork.com/v2
 url: https://api.chatwork.com/v2/rooms/379549769/files
 headers: {'X-ChatWorkToken': 'fb0410138ee1f4c493b1094f23e310cd'}
2024-12-03 05:01:43,119 - DEBUG - 送信成功
2024-12-03 05:01:55,758 - DEBUG - 
 img_MB_size: 0.18390178680419922
 max_mb_size: 5
2024-12-03 05:01:55,758 - DEBUG - 
 data: {'message': '\n    **お名前.com** に **netz-okhotsk.jp** があることを確認できました！\n\n    詳細はスクリーンショットにてご確認ください。\n    '}
 resize_image_path: /Users/nyanyacyan/Desktop/project_file/domain_search/installer/resultOutput/screenshot/お名前.com_netz-okhotsk241203_050116.png
 end_point: https://api.chatwork.com/v2
 url: https://api.chatwork.com/v2/rooms/379549769/files
 headers: {'X-ChatWorkToken': 'fb0410138ee1f4c493b1094f23e310cd'}
2024-12-03 05:01:56,073 - DEBUG - 送信成功
2024-12-03 05:01:59,992 - DEBUG - 
 img_MB_size: 0.18312549591064453
 max_mb_size: 5
2024-12-03 05:01:59,992 - DEBUG - 
 data: {'message': '\n    **お名前.com** に **chuou-niimura.jp** があることを確認できました！\n\n    詳細はスクリーンショットにてご確認ください。\n    '}
 resize_image_path: /Users/nyanyacyan/Desktop/project_file/domain_search/installer/resultOutput/screenshot/お名前.com_chuou-niimura241203_050116.png
 end_point: https://api.chatwork.com/v2
 url: https://api.chatwork.com/v2/rooms/379549769/files
 headers: {'X-ChatWorkToken': 'fb0410138ee1f4c493b1094f23e310cd'}
2024-12-03 05:02:00,330 - DEBUG - 送信成功
2024-12-03 05:02:03,254 - DEBUG - 
 img_MB_size: 0.1842784881591797
 max_mb_size: 5
2024-12-03 05:02:03,254 - DEBUG - 
 data: {'message': '\n    **お名前.com** に **kk-seh.com** があることを確認できました！\n\n    詳細はスクリーンショットにてご確認ください。\n    '}
 resize_image_path: /Users/nyanyacyan/Desktop/project_file/domain_search/installer/resultOutput/screenshot/お名前.com_kk-seh241203_050116.png
 end_point: https://api.chatwork.com/v2
 url: https://api.chatwork.com/v2/rooms/379549769/files
 headers: {'X-ChatWorkToken': 'fb0410138ee1f4c493b1094f23e310cd'}
2024-12-03 05:02:03,691 - DEBUG - 送信成功
2024-12-03 05:02:06,896 - DEBUG - 
 img_MB_size: 0.18134784698486328
 max_mb_size: 5
2024-12-03 05:02:06,896 - DEBUG - 
 data: {'message': '\n    **お名前.com** に **jihnu.jp** があることを確認できました！\n\n    詳細はスクリーンショットにてご確認ください。\n    '}
 resize_image_path: /Users/nyanyacyan/Desktop/project_file/domain_search/installer/resultOutput/screenshot/お名前.com_jihnu241203_050116.png
 end_point: https://api.chatwork.com/v2
 url: https://api.chatwork.com/v2/rooms/379549769/files
 headers: {'X-ChatWorkToken': 'fb0410138ee1f4c493b1094f23e310cd'}
2024-12-03 05:02:07,218 - DEBUG - 送信成功
2024-12-03 05:02:10,108 - DEBUG - 
 img_MB_size: 0.18181896209716797
 max_mb_size: 5
2024-12-03 05:02:10,108 - DEBUG - 
 data: {'message': '\n    **お名前.com** に **blog.jp** があることを確認できました！\n\n    詳細はスクリーンショットにてご確認ください。\n    '}
 resize_image_path: /Users/nyanyacyan/Desktop/project_file/domain_search/installer/resultOutput/screenshot/お名前.com_blog241203_050116.png
 end_point: https://api.chatwork.com/v2
 url: https://api.chatwork.com/v2/rooms/379549769/files
 headers: {'X-ChatWorkToken': 'fb0410138ee1f4c493b1094f23e310cd'}
2024-12-03 05:02:10,488 - DEBUG - 送信成功
2024-12-03 05:13:24,128 - DEBUG - 
 img_MB_size: 0.20900630950927734
 max_mb_size: 5
2024-12-03 05:13:24,129 - DEBUG - 
 data: {'message': '\n    **Xserver** に **jihnu.jp** があることを確認できました！\n\n    詳細はスクリーンショットにてご確認ください。\n    '}
 resize_image_path: /Users/nyanyacyan/Desktop/project_file/domain_search/installer/resultOutput/screenshot/Xserver_jihnu241203_051258.png
 end_point: https://api.chatwork.com/v2
 url: https://api.chatwork.com/v2/rooms/379549769/files
 headers: {'X-ChatWorkToken': 'fb0410138ee1f4c493b1094f23e310cd'}
2024-12-03 05:13:24,839 - DEBUG - 送信成功
2024-12-03 05:13:37,990 - DEBUG - 
 img_MB_size: 0.212158203125
 max_mb_size: 5
2024-12-03 05:13:37,991 - DEBUG - 
 data: {'message': '\n    **Conoha Wing** に **netz-okhotsk.jp** があることを確認できました！\n\n    詳細はスクリーンショットにてご確認ください。\n    '}
 resize_image_path: /Users/nyanyacyan/Desktop/project_file/domain_search/installer/resultOutput/screenshot/Conoha Wing_netz-okhotsk241203_051258.png
 end_point: https://api.chatwork.com/v2
 url: https://api.chatwork.com/v2/rooms/379549769/files
 headers: {'X-ChatWorkToken': 'fb0410138ee1f4c493b1094f23e310cd'}
2024-12-03 05:13:38,332 - DEBUG - 送信成功
2024-12-03 05:13:50,465 - DEBUG - 
 img_MB_size: 0.1988515853881836
 max_mb_size: 5
2024-12-03 05:13:50,465 - DEBUG - 
 data: {'message': '\n    **お名前.com** に **netz-okhotsk.jp** があることを確認できました！\n\n    詳細はスクリーンショットにてご確認ください。\n    '}
 resize_image_path: /Users/nyanyacyan/Desktop/project_file/domain_search/installer/resultOutput/screenshot/お名前.com_netz-okhotsk241203_051258.png
 end_point: https://api.chatwork.com/v2
 url: https://api.chatwork.com/v2/rooms/379549769/files
 headers: {'X-ChatWorkToken': 'fb0410138ee1f4c493b1094f23e310cd'}
2024-12-03 05:13:50,843 - DEBUG - 送信成功
2024-12-03 05:13:54,990 - DEBUG - 
 img_MB_size: 0.18480777740478516
 max_mb_size: 5
2024-12-03 05:13:54,990 - DEBUG - 
 data: {'message': '\n    **お名前.com** に **chuou-niimura.jp** があることを確認できました！\n\n    詳細はスクリーンショットにてご確認ください。\n    '}
 resize_image_path: /Users/nyanyacyan/Desktop/project_file/domain_search/installer/resultOutput/screenshot/お名前.com_chuou-niimura241203_051258.png
 end_point: https://api.chatwork.com/v2
 url: https://api.chatwork.com/v2/rooms/379549769/files
 headers: {'X-ChatWorkToken': 'fb0410138ee1f4c493b1094f23e310cd'}
2024-12-03 05:13:55,440 - DEBUG - 送信成功
2024-12-03 05:13:58,276 - DEBUG - 
 img_MB_size: 0.18218421936035156
 max_mb_size: 5
2024-12-03 05:13:58,276 - DEBUG - 
 data: {'message': '\n    **お名前.com** に **kk-seh.com** があることを確認できました！\n\n    詳細はスクリーンショットにてご確認ください。\n    '}
 resize_image_path: /Users/nyanyacyan/Desktop/project_file/domain_search/installer/resultOutput/screenshot/お名前.com_kk-seh241203_051258.png
 end_point: https://api.chatwork.com/v2
 url: https://api.chatwork.com/v2/rooms/379549769/files
 headers: {'X-ChatWorkToken': 'fb0410138ee1f4c493b1094f23e310cd'}
2024-12-03 05:13:58,662 - DEBUG - 送信成功
2024-12-03 05:14:02,425 - DEBUG - 
 img_MB_size: 0.18227481842041016
 max_mb_size: 5
2024-12-03 05:14:02,425 - DEBUG - 
 data: {'message': '\n    **お名前.com** に **jihnu.jp** があることを確認できました！\n\n    詳細はスクリーンショットにてご確認ください。\n    '}
 resize_image_path: /Users/nyanyacyan/Desktop/project_file/domain_search/installer/resultOutput/screenshot/お名前.com_jihnu241203_051258.png
 end_point: https://api.chatwork.com/v2
 url: https://api.chatwork.com/v2/rooms/379549769/files
 headers: {'X-ChatWorkToken': 'fb0410138ee1f4c493b1094f23e310cd'}
2024-12-03 05:14:02,820 - DEBUG - 送信成功
2024-12-03 05:14:05,966 - DEBUG - 
 img_MB_size: 0.18359661102294922
 max_mb_size: 5
2024-12-03 05:14:05,966 - DEBUG - 
 data: {'message': '\n    **お名前.com** に **blog.jp** があることを確認できました！\n\n    詳細はスクリーンショットにてご確認ください。\n    '}
 resize_image_path: /Users/nyanyacyan/Desktop/project_file/domain_search/installer/resultOutput/screenshot/お名前.com_blog241203_051258.png
 end_point: https://api.chatwork.com/v2
 url: https://api.chatwork.com/v2/rooms/379549769/files
 headers: {'X-ChatWorkToken': 'fb0410138ee1f4c493b1094f23e310cd'}
2024-12-03 05:14:06,316 - DEBUG - 送信成功
2024-12-03 05:15:26,340 - DEBUG - 
 img_MB_size: 0.20900630950927734
 max_mb_size: 5
2024-12-03 05:15:26,340 - DEBUG - 
 data: {'message': '\n    **Xserver** に **jihnu.jp** があることを確認できました！\n\n    詳細はスクリーンショットにてご確認ください。\n    '}
 resize_image_path: /Users/nyanyacyan/Desktop/project_file/domain_search/installer/resultOutput/screenshot/Xserver_jihnu241203_051500.png
 end_point: https://api.chatwork.com/v2
 url: https://api.chatwork.com/v2/rooms/379549769/files
 headers: {'X-ChatWorkToken': 'fb0410138ee1f4c493b1094f23e310cd'}
2024-12-03 05:15:27,185 - DEBUG - 送信成功
2024-12-03 05:15:38,928 - DEBUG - 
 img_MB_size: 0.212158203125
 max_mb_size: 5
2024-12-03 05:15:38,929 - DEBUG - 
 data: {'message': '\n    **Conoha Wing** に **netz-okhotsk.jp** があることを確認できました！\n\n    詳細はスクリーンショットにてご確認ください。\n    '}
 resize_image_path: /Users/nyanyacyan/Desktop/project_file/domain_search/installer/resultOutput/screenshot/Conoha Wing_netz-okhotsk241203_051500.png
 end_point: https://api.chatwork.com/v2
 url: https://api.chatwork.com/v2/rooms/379549769/files
 headers: {'X-ChatWorkToken': 'fb0410138ee1f4c493b1094f23e310cd'}
2024-12-03 05:15:39,307 - DEBUG - 送信成功
2024-12-03 05:15:43,474 - DEBUG - 
 img_MB_size: 0.21055316925048828
 max_mb_size: 5
2024-12-03 05:15:43,474 - DEBUG - 
 data: {'message': '\n    **Conoha Wing** に **chuou-niimura.jp** があることを確認できました！\n\n    詳細はスクリーンショットにてご確認ください。\n    '}
 resize_image_path: /Users/nyanyacyan/Desktop/project_file/domain_search/installer/resultOutput/screenshot/Conoha Wing_chuou-niimura241203_051500.png
 end_point: https://api.chatwork.com/v2
 url: https://api.chatwork.com/v2/rooms/379549769/files
 headers: {'X-ChatWorkToken': 'fb0410138ee1f4c493b1094f23e310cd'}
2024-12-03 05:15:43,897 - DEBUG - 送信成功
2024-12-03 05:15:47,798 - DEBUG - 
 img_MB_size: 0.204071044921875
 max_mb_size: 5
2024-12-03 05:15:47,798 - DEBUG - 
 data: {'message': '\n    **Conoha Wing** に **kk-seh.com** があることを確認できました！\n\n    詳細はスクリーンショットにてご確認ください。\n    '}
 resize_image_path: /Users/nyanyacyan/Desktop/project_file/domain_search/installer/resultOutput/screenshot/Conoha Wing_kk-seh241203_051500.png
 end_point: https://api.chatwork.com/v2
 url: https://api.chatwork.com/v2/rooms/379549769/files
 headers: {'X-ChatWorkToken': 'fb0410138ee1f4c493b1094f23e310cd'}
2024-12-03 05:15:48,253 - DEBUG - 送信成功
2024-12-03 05:15:53,232 - DEBUG - 
 img_MB_size: 0.1938304901123047
 max_mb_size: 5
2024-12-03 05:15:53,232 - DEBUG - 
 data: {'message': '\n    **Conoha Wing** に **jihnu.jp** があることを確認できました！\n\n    詳細はスクリーンショットにてご確認ください。\n    '}
 resize_image_path: /Users/nyanyacyan/Desktop/project_file/domain_search/installer/resultOutput/screenshot/Conoha Wing_jihnu241203_051500.png
 end_point: https://api.chatwork.com/v2
 url: https://api.chatwork.com/v2/rooms/379549769/files
 headers: {'X-ChatWorkToken': 'fb0410138ee1f4c493b1094f23e310cd'}
2024-12-03 05:15:53,696 - DEBUG - 送信成功
2024-12-03 05:15:58,497 - DEBUG - 
 img_MB_size: 0.2101583480834961
 max_mb_size: 5
2024-12-03 05:15:58,498 - DEBUG - 
 data: {'message': '\n    **Conoha Wing** に **blog.jp** があることを確認できました！\n\n    詳細はスクリーンショットにてご確認ください。\n    '}
 resize_image_path: /Users/nyanyacyan/Desktop/project_file/domain_search/installer/resultOutput/screenshot/Conoha Wing_blog241203_051500.png
 end_point: https://api.chatwork.com/v2
 url: https://api.chatwork.com/v2/rooms/379549769/files
 headers: {'X-ChatWorkToken': 'fb0410138ee1f4c493b1094f23e310cd'}
2024-12-03 05:15:58,809 - DEBUG - 送信成功
2024-12-03 05:16:03,676 - DEBUG - 
 img_MB_size: 0.23169326782226562
 max_mb_size: 5
2024-12-03 05:16:03,676 - DEBUG - 
 data: {'message': '\n    **お名前.com** に **netz-okhotsk.jp** があることを確認できました！\n\n    詳細はスクリーンショットにてご確認ください。\n    '}
 resize_image_path: /Users/nyanyacyan/Desktop/project_file/domain_search/installer/resultOutput/screenshot/お名前.com_netz-okhotsk241203_051500.png
 end_point: https://api.chatwork.com/v2
 url: https://api.chatwork.com/v2/rooms/379549769/files
 headers: {'X-ChatWorkToken': 'fb0410138ee1f4c493b1094f23e310cd'}
2024-12-03 05:16:04,519 - DEBUG - 送信成功
2024-12-03 05:16:08,731 - DEBUG - 
 img_MB_size: 0.23139095306396484
 max_mb_size: 5
2024-12-03 05:16:08,731 - DEBUG - 
 data: {'message': '\n    **お名前.com** に **chuou-niimura.jp** があることを確認できました！\n\n    詳細はスクリーンショットにてご確認ください。\n    '}
 resize_image_path: /Users/nyanyacyan/Desktop/project_file/domain_search/installer/resultOutput/screenshot/お名前.com_chuou-niimura241203_051500.png
 end_point: https://api.chatwork.com/v2
 url: https://api.chatwork.com/v2/rooms/379549769/files
 headers: {'X-ChatWorkToken': 'fb0410138ee1f4c493b1094f23e310cd'}
2024-12-03 05:16:09,137 - DEBUG - 送信成功
2024-12-03 05:16:13,044 - DEBUG - 
 img_MB_size: 0.2304220199584961
 max_mb_size: 5
2024-12-03 05:16:13,044 - DEBUG - 
 data: {'message': '\n    **お名前.com** に **kk-seh.com** があることを確認できました！\n\n    詳細はスクリーンショットにてご確認ください。\n    '}
 resize_image_path: /Users/nyanyacyan/Desktop/project_file/domain_search/installer/resultOutput/screenshot/お名前.com_kk-seh241203_051500.png
 end_point: https://api.chatwork.com/v2
 url: https://api.chatwork.com/v2/rooms/379549769/files
 headers: {'X-ChatWorkToken': 'fb0410138ee1f4c493b1094f23e310cd'}
2024-12-03 05:16:13,446 - DEBUG - 送信成功
2024-12-03 05:16:16,888 - DEBUG - 
 img_MB_size: 0.226776123046875
 max_mb_size: 5
2024-12-03 05:16:16,888 - DEBUG - 
 data: {'message': '\n    **お名前.com** に **jihnu.jp** があることを確認できました！\n\n    詳細はスクリーンショットにてご確認ください。\n    '}
 resize_image_path: /Users/nyanyacyan/Desktop/project_file/domain_search/installer/resultOutput/screenshot/お名前.com_jihnu241203_051500.png
 end_point: https://api.chatwork.com/v2
 url: https://api.chatwork.com/v2/rooms/379549769/files
 headers: {'X-ChatWorkToken': 'fb0410138ee1f4c493b1094f23e310cd'}
2024-12-03 05:16:17,372 - DEBUG - 送信成功
2024-12-03 05:16:20,641 - DEBUG - 
 img_MB_size: 0.2299785614013672
 max_mb_size: 5
2024-12-03 05:16:20,641 - DEBUG - 
 data: {'message': '\n    **お名前.com** に **blog.jp** があることを確認できました！\n\n    詳細はスクリーンショットにてご確認ください。\n    '}
 resize_image_path: /Users/nyanyacyan/Desktop/project_file/domain_search/installer/resultOutput/screenshot/お名前.com_blog241203_051500.png
 end_point: https://api.chatwork.com/v2
 url: https://api.chatwork.com/v2/rooms/379549769/files
 headers: {'X-ChatWorkToken': 'fb0410138ee1f4c493b1094f23e310cd'}
2024-12-03 05:16:21,049 - DEBUG - 送信成功
2024-12-03 05:23:39,823 - DEBUG - 
 img_MB_size: 0.21381187438964844
 max_mb_size: 5
2024-12-03 05:23:39,823 - DEBUG - 
 data: {'message': '\n    **Xserver** に **chuou-niimura.jp** があることを確認できました！\n\n    詳細はスクリーンショットにてご確認ください。\n    '}
 resize_image_path: /Users/nyanyacyan/Desktop/project_file/domain_search/installer/resultOutput/screenshot/Xserver_chuou-niimura241203_052310.png
 end_point: https://api.chatwork.com/v2
 url: https://api.chatwork.com/v2/rooms/379549769/files
 headers: {'X-ChatWorkToken': 'fb0410138ee1f4c493b1094f23e310cd'}
2024-12-03 05:23:40,415 - DEBUG - 送信成功
2024-12-03 05:23:45,262 - DEBUG - 
 img_MB_size: 0.21307659149169922
 max_mb_size: 5
2024-12-03 05:23:45,262 - DEBUG - 
 data: {'message': '\n    **Xserver** に **kk-seh.com** があることを確認できました！\n\n    詳細はスクリーンショットにてご確認ください。\n    '}
 resize_image_path: /Users/nyanyacyan/Desktop/project_file/domain_search/installer/resultOutput/screenshot/Xserver_kk-seh241203_052310.png
 end_point: https://api.chatwork.com/v2
 url: https://api.chatwork.com/v2/rooms/379549769/files
 headers: {'X-ChatWorkToken': 'fb0410138ee1f4c493b1094f23e310cd'}
2024-12-03 05:23:45,621 - DEBUG - 送信成功
2024-12-03 05:23:50,187 - DEBUG - 
 img_MB_size: 0.21123981475830078
 max_mb_size: 5
2024-12-03 05:23:50,187 - DEBUG - 
 data: {'message': '\n    **Xserver** に **jihnu.jp** があることを確認できました！\n\n    詳細はスクリーンショットにてご確認ください。\n    '}
 resize_image_path: /Users/nyanyacyan/Desktop/project_file/domain_search/installer/resultOutput/screenshot/Xserver_jihnu241203_052310.png
 end_point: https://api.chatwork.com/v2
 url: https://api.chatwork.com/v2/rooms/379549769/files
 headers: {'X-ChatWorkToken': 'fb0410138ee1f4c493b1094f23e310cd'}
2024-12-03 05:23:50,714 - DEBUG - 送信成功
2024-12-03 05:23:53,772 - DEBUG - 
 img_MB_size: 0.21190547943115234
 max_mb_size: 5
2024-12-03 05:23:53,772 - DEBUG - 
 data: {'message': '\n    **Xserver** に **blog.jp** があることを確認できました！\n\n    詳細はスクリーンショットにてご確認ください。\n    '}
 resize_image_path: /Users/nyanyacyan/Desktop/project_file/domain_search/installer/resultOutput/screenshot/Xserver_blog241203_052310.png
 end_point: https://api.chatwork.com/v2
 url: https://api.chatwork.com/v2/rooms/379549769/files
 headers: {'X-ChatWorkToken': 'fb0410138ee1f4c493b1094f23e310cd'}
2024-12-03 05:23:54,181 - DEBUG - 送信成功
2024-12-03 05:24:04,278 - DEBUG - 
 img_MB_size: 0.212127685546875
 max_mb_size: 5
2024-12-03 05:24:04,279 - DEBUG - 
 data: {'message': '\n    **Conoha Wing** に **netz-okhotsk.jp** があることを確認できました！\n\n    詳細はスクリーンショットにてご確認ください。\n    '}
 resize_image_path: /Users/nyanyacyan/Desktop/project_file/domain_search/installer/resultOutput/screenshot/Conoha Wing_netz-okhotsk241203_052310.png
 end_point: https://api.chatwork.com/v2
 url: https://api.chatwork.com/v2/rooms/379549769/files
 headers: {'X-ChatWorkToken': 'fb0410138ee1f4c493b1094f23e310cd'}
2024-12-03 05:24:04,743 - DEBUG - 送信成功
2024-12-03 05:26:50,467 - DEBUG - 
 img_MB_size: 0.21408653259277344
 max_mb_size: 5
2024-12-03 05:26:50,467 - DEBUG - 
 data: {'message': '\n    **Xserver** に **netz-okhotsk.jp** があることを確認できました！\n\n    詳細はスクリーンショットにてご確認ください。\n    '}
 resize_image_path: /Users/nyanyacyan/Desktop/project_file/domain_search/installer/resultOutput/screenshot/Xserver_netz-okhotsk241203_052639.png
 end_point: https://api.chatwork.com/v2
 url: https://api.chatwork.com/v2/rooms/379549769/files
 headers: {'X-ChatWorkToken': 'fb0410138ee1f4c493b1094f23e310cd'}
2024-12-03 05:26:51,142 - DEBUG - 送信成功
2024-12-03 05:26:54,363 - DEBUG - 
 img_MB_size: 0.21381187438964844
 max_mb_size: 5
2024-12-03 05:26:54,363 - DEBUG - 
 data: {'message': '\n    **Xserver** に **chuou-niimura.jp** があることを確認できました！\n\n    詳細はスクリーンショットにてご確認ください。\n    '}
 resize_image_path: /Users/nyanyacyan/Desktop/project_file/domain_search/installer/resultOutput/screenshot/Xserver_chuou-niimura241203_052639.png
 end_point: https://api.chatwork.com/v2
 url: https://api.chatwork.com/v2/rooms/379549769/files
 headers: {'X-ChatWorkToken': 'fb0410138ee1f4c493b1094f23e310cd'}
2024-12-03 05:26:54,728 - DEBUG - 送信成功
2024-12-03 05:27:07,660 - DEBUG - 
 img_MB_size: 0.21307659149169922
 max_mb_size: 5
2024-12-03 05:27:07,660 - DEBUG - 
 data: {'message': '\n    **Xserver** に **kk-seh.com** があることを確認できました！\n\n    詳細はスクリーンショットにてご確認ください。\n    '}
 resize_image_path: /Users/nyanyacyan/Desktop/project_file/domain_search/installer/resultOutput/screenshot/Xserver_kk-seh241203_052639.png
 end_point: https://api.chatwork.com/v2
 url: https://api.chatwork.com/v2/rooms/379549769/files
 headers: {'X-ChatWorkToken': 'fb0410138ee1f4c493b1094f23e310cd'}
2024-12-03 05:27:08,068 - DEBUG - 送信成功
2024-12-03 05:27:13,436 - DEBUG - 
 img_MB_size: 0.21123981475830078
 max_mb_size: 5
2024-12-03 05:27:13,436 - DEBUG - 
 data: {'message': '\n    **Xserver** に **jihnu.jp** があることを確認できました！\n\n    詳細はスクリーンショットにてご確認ください。\n    '}
 resize_image_path: /Users/nyanyacyan/Desktop/project_file/domain_search/installer/resultOutput/screenshot/Xserver_jihnu241203_052639.png
 end_point: https://api.chatwork.com/v2
 url: https://api.chatwork.com/v2/rooms/379549769/files
 headers: {'X-ChatWorkToken': 'fb0410138ee1f4c493b1094f23e310cd'}
2024-12-03 05:27:13,844 - DEBUG - 送信成功
2024-12-03 05:27:26,097 - DEBUG - 
 img_MB_size: 0.21190547943115234
 max_mb_size: 5
2024-12-03 05:27:26,097 - DEBUG - 
 data: {'message': '\n    **Xserver** に **blog.jp** があることを確認できました！\n\n    詳細はスクリーンショットにてご確認ください。\n    '}
 resize_image_path: /Users/nyanyacyan/Desktop/project_file/domain_search/installer/resultOutput/screenshot/Xserver_blog241203_052639.png
 end_point: https://api.chatwork.com/v2
 url: https://api.chatwork.com/v2/rooms/379549769/files
 headers: {'X-ChatWorkToken': 'fb0410138ee1f4c493b1094f23e310cd'}
2024-12-03 05:27:26,496 - DEBUG - 送信成功
2024-12-03 05:28:32,596 - DEBUG - 
 img_MB_size: 0.212127685546875
 max_mb_size: 5
2024-12-03 05:28:32,596 - DEBUG - 
 data: {'message': '\n    **Conoha Wing** に **netz-okhotsk.jp** があることを確認できました！\n\n    詳細はスクリーンショットにてご確認ください。\n    '}
 resize_image_path: /Users/nyanyacyan/Desktop/project_file/domain_search/installer/resultOutput/screenshot/Conoha Wing_netz-okhotsk241203_052639.png
 end_point: https://api.chatwork.com/v2
 url: https://api.chatwork.com/v2/rooms/379549769/files
 headers: {'X-ChatWorkToken': 'fb0410138ee1f4c493b1094f23e310cd'}
2024-12-03 05:28:33,027 - DEBUG - 送信成功
2024-12-03 05:28:41,991 - DEBUG - 
 img_MB_size: 0.21056556701660156
 max_mb_size: 5
2024-12-03 05:28:41,991 - DEBUG - 
 data: {'message': '\n    **Conoha Wing** に **chuou-niimura.jp** があることを確認できました！\n\n    詳細はスクリーンショットにてご確認ください。\n    '}
 resize_image_path: /Users/nyanyacyan/Desktop/project_file/domain_search/installer/resultOutput/screenshot/Conoha Wing_chuou-niimura241203_052639.png
 end_point: https://api.chatwork.com/v2
 url: https://api.chatwork.com/v2/rooms/379549769/files
 headers: {'X-ChatWorkToken': 'fb0410138ee1f4c493b1094f23e310cd'}
2024-12-03 05:28:42,394 - DEBUG - 送信成功
2024-12-03 05:28:50,905 - DEBUG - 
 img_MB_size: 0.20404529571533203
 max_mb_size: 5
2024-12-03 05:28:50,905 - DEBUG - 
 data: {'message': '\n    **Conoha Wing** に **kk-seh.com** があることを確認できました！\n\n    詳細はスクリーンショットにてご確認ください。\n    '}
 resize_image_path: /Users/nyanyacyan/Desktop/project_file/domain_search/installer/resultOutput/screenshot/Conoha Wing_kk-seh241203_052639.png
 end_point: https://api.chatwork.com/v2
 url: https://api.chatwork.com/v2/rooms/379549769/files
 headers: {'X-ChatWorkToken': 'fb0410138ee1f4c493b1094f23e310cd'}
2024-12-03 05:28:51,284 - DEBUG - 送信成功
2024-12-03 05:28:59,978 - DEBUG - 
 img_MB_size: 0.19382190704345703
 max_mb_size: 5
2024-12-03 05:28:59,979 - DEBUG - 
 data: {'message': '\n    **Conoha Wing** に **jihnu.jp** があることを確認できました！\n\n    詳細はスクリーンショットにてご確認ください。\n    '}
 resize_image_path: /Users/nyanyacyan/Desktop/project_file/domain_search/installer/resultOutput/screenshot/Conoha Wing_jihnu241203_052639.png
 end_point: https://api.chatwork.com/v2
 url: https://api.chatwork.com/v2/rooms/379549769/files
 headers: {'X-ChatWorkToken': 'fb0410138ee1f4c493b1094f23e310cd'}
2024-12-03 05:29:00,417 - DEBUG - 送信成功
2024-12-03 05:29:08,118 - DEBUG - 
 img_MB_size: 0.2101583480834961
 max_mb_size: 5
2024-12-03 05:29:08,119 - DEBUG - 
 data: {'message': '\n    **Conoha Wing** に **blog.jp** があることを確認できました！\n\n    詳細はスクリーンショットにてご確認ください。\n    '}
 resize_image_path: /Users/nyanyacyan/Desktop/project_file/domain_search/installer/resultOutput/screenshot/Conoha Wing_blog241203_052639.png
 end_point: https://api.chatwork.com/v2
 url: https://api.chatwork.com/v2/rooms/379549769/files
 headers: {'X-ChatWorkToken': 'fb0410138ee1f4c493b1094f23e310cd'}
2024-12-03 05:29:08,513 - DEBUG - 送信成功
2024-12-03 05:29:28,860 - DEBUG - 
 img_MB_size: 0.2318735122680664
 max_mb_size: 5
2024-12-03 05:29:28,861 - DEBUG - 
 data: {'message': '\n    **お名前.com** に **netz-okhotsk.jp** があることを確認できました！\n\n    詳細はスクリーンショットにてご確認ください。\n    '}
 resize_image_path: /Users/nyanyacyan/Desktop/project_file/domain_search/installer/resultOutput/screenshot/お名前.com_netz-okhotsk241203_052639.png
 end_point: https://api.chatwork.com/v2
 url: https://api.chatwork.com/v2/rooms/379549769/files
 headers: {'X-ChatWorkToken': 'fb0410138ee1f4c493b1094f23e310cd'}
2024-12-03 05:29:29,323 - DEBUG - 送信成功
2024-12-03 05:29:42,955 - DEBUG - 
 img_MB_size: 0.22955799102783203
 max_mb_size: 5
2024-12-03 05:29:42,955 - DEBUG - 
 data: {'message': '\n    **お名前.com** に **chuou-niimura.jp** があることを確認できました！\n\n    詳細はスクリーンショットにてご確認ください。\n    '}
 resize_image_path: /Users/nyanyacyan/Desktop/project_file/domain_search/installer/resultOutput/screenshot/お名前.com_chuou-niimura241203_052639.png
 end_point: https://api.chatwork.com/v2
 url: https://api.chatwork.com/v2/rooms/379549769/files
 headers: {'X-ChatWorkToken': 'fb0410138ee1f4c493b1094f23e310cd'}
2024-12-03 05:29:43,381 - DEBUG - 送信成功
2024-12-03 05:31:01,115 - DEBUG - 
 img_MB_size: 0.23034381866455078
 max_mb_size: 5
2024-12-03 05:31:01,115 - DEBUG - 
 data: {'message': '\n    **お名前.com** に **kk-seh.com** があることを確認できました！\n\n    詳細はスクリーンショットにてご確認ください。\n    '}
 resize_image_path: /Users/nyanyacyan/Desktop/project_file/domain_search/installer/resultOutput/screenshot/お名前.com_kk-seh241203_052639.png
 end_point: https://api.chatwork.com/v2
 url: https://api.chatwork.com/v2/rooms/379549769/files
 headers: {'X-ChatWorkToken': 'fb0410138ee1f4c493b1094f23e310cd'}
2024-12-03 05:31:01,760 - DEBUG - 送信成功
2024-12-03 05:31:05,851 - DEBUG - 
 img_MB_size: 0.22901153564453125
 max_mb_size: 5
2024-12-03 05:31:05,851 - DEBUG - 
 data: {'message': '\n    **お名前.com** に **jihnu.jp** があることを確認できました！\n\n    詳細はスクリーンショットにてご確認ください。\n    '}
 resize_image_path: /Users/nyanyacyan/Desktop/project_file/domain_search/installer/resultOutput/screenshot/お名前.com_jihnu241203_052639.png
 end_point: https://api.chatwork.com/v2
 url: https://api.chatwork.com/v2/rooms/379549769/files
 headers: {'X-ChatWorkToken': 'fb0410138ee1f4c493b1094f23e310cd'}
2024-12-03 05:31:06,256 - DEBUG - 送信成功
2024-12-03 05:31:09,236 - DEBUG - 
 img_MB_size: 0.22792530059814453
 max_mb_size: 5
2024-12-03 05:31:09,237 - DEBUG - 
 data: {'message': '\n    **お名前.com** に **blog.jp** があることを確認できました！\n\n    詳細はスクリーンショットにてご確認ください。\n    '}
 resize_image_path: /Users/nyanyacyan/Desktop/project_file/domain_search/installer/resultOutput/screenshot/お名前.com_blog241203_052639.png
 end_point: https://api.chatwork.com/v2
 url: https://api.chatwork.com/v2/rooms/379549769/files
 headers: {'X-ChatWorkToken': 'fb0410138ee1f4c493b1094f23e310cd'}
2024-12-03 05:31:09,652 - DEBUG - 送信成功
2024-12-03 05:39:17,652 - DEBUG - 
 img_MB_size: 0.21408653259277344
 max_mb_size: 5
2024-12-03 05:39:17,652 - DEBUG - 
 data: {'message': '\n    **Xserver** に **netz-okhotsk.jp** があることを確認できました！\n\n    詳細はスクリーンショットにてご確認ください。\n    '}
 resize_image_path: /Users/nyanyacyan/Desktop/project_file/domain_search/installer/resultOutput/screenshot/Xserver_netz-okhotsk241203_053700.png
 end_point: https://api.chatwork.com/v2
 url: https://api.chatwork.com/v2/rooms/379549769/files
 headers: {'X-ChatWorkToken': 'fb0410138ee1f4c493b1094f23e310cd'}
2024-12-03 05:39:18,015 - DEBUG - 送信成功
2024-12-03 05:39:25,322 - DEBUG - 
 img_MB_size: 0.21381187438964844
 max_mb_size: 5
2024-12-03 05:39:25,322 - DEBUG - 
 data: {'message': '\n    **Xserver** に **chuou-niimura.jp** があることを確認できました！\n\n    詳細はスクリーンショットにてご確認ください。\n    '}
 resize_image_path: /Users/nyanyacyan/Desktop/project_file/domain_search/installer/resultOutput/screenshot/Xserver_chuou-niimura241203_053700.png
 end_point: https://api.chatwork.com/v2
 url: https://api.chatwork.com/v2/rooms/379549769/files
 headers: {'X-ChatWorkToken': 'fb0410138ee1f4c493b1094f23e310cd'}
2024-12-03 05:39:25,753 - DEBUG - 送信成功
2024-12-03 05:39:29,346 - DEBUG - 
 img_MB_size: 0.21307659149169922
 max_mb_size: 5
2024-12-03 05:39:29,346 - DEBUG - 
 data: {'message': '\n    **Xserver** に **kk-seh.com** があることを確認できました！\n\n    詳細はスクリーンショットにてご確認ください。\n    '}
 resize_image_path: /Users/nyanyacyan/Desktop/project_file/domain_search/installer/resultOutput/screenshot/Xserver_kk-seh241203_053700.png
 end_point: https://api.chatwork.com/v2
 url: https://api.chatwork.com/v2/rooms/379549769/files
 headers: {'X-ChatWorkToken': 'fb0410138ee1f4c493b1094f23e310cd'}
2024-12-03 05:39:29,925 - DEBUG - 送信成功
2024-12-03 05:39:42,371 - DEBUG - 
 img_MB_size: 0.21123981475830078
 max_mb_size: 5
2024-12-03 05:39:42,371 - DEBUG - 
 data: {'message': '\n    **Xserver** に **jihnu.jp** があることを確認できました！\n\n    詳細はスクリーンショットにてご確認ください。\n    '}
 resize_image_path: /Users/nyanyacyan/Desktop/project_file/domain_search/installer/resultOutput/screenshot/Xserver_jihnu241203_053700.png
 end_point: https://api.chatwork.com/v2
 url: https://api.chatwork.com/v2/rooms/379549769/files
 headers: {'X-ChatWorkToken': 'fb0410138ee1f4c493b1094f23e310cd'}
2024-12-03 05:39:42,825 - DEBUG - 送信成功
2024-12-03 05:39:47,814 - DEBUG - 
 img_MB_size: 0.21190547943115234
 max_mb_size: 5
2024-12-03 05:39:47,814 - DEBUG - 
 data: {'message': '\n    **Xserver** に **blog.jp** があることを確認できました！\n\n    詳細はスクリーンショットにてご確認ください。\n    '}
 resize_image_path: /Users/nyanyacyan/Desktop/project_file/domain_search/installer/resultOutput/screenshot/Xserver_blog241203_053700.png
 end_point: https://api.chatwork.com/v2
 url: https://api.chatwork.com/v2/rooms/379549769/files
 headers: {'X-ChatWorkToken': 'fb0410138ee1f4c493b1094f23e310cd'}
2024-12-03 05:39:48,284 - DEBUG - 送信成功
2024-12-03 05:42:13,894 - DEBUG - 
 img_MB_size: 0.22051715850830078
 max_mb_size: 5
2024-12-03 05:42:13,895 - DEBUG - 
 data: {'message': '\n    **Xserver** に **netz-okhotsk.jp** があることを確認できました！\n\n    詳細はスクリーンショットにてご確認ください。\n    '}
 resize_image_path: /Users/nyanyacyan/Desktop/project_file/domain_search/installer/resultOutput/screenshot/Xserver_netz-okhotsk241203_054201.png
 end_point: https://api.chatwork.com/v2
 url: https://api.chatwork.com/v2/rooms/379549769/files
 headers: {'X-ChatWorkToken': 'fb0410138ee1f4c493b1094f23e310cd'}
2024-12-03 05:42:14,608 - DEBUG - 送信成功
2024-12-03 05:42:22,139 - DEBUG - 
 img_MB_size: 0.2202463150024414
 max_mb_size: 5
2024-12-03 05:42:22,139 - DEBUG - 
 data: {'message': '\n    **Xserver** に **chuou-niimura.jp** があることを確認できました！\n\n    詳細はスクリーンショットにてご確認ください。\n    '}
 resize_image_path: /Users/nyanyacyan/Desktop/project_file/domain_search/installer/resultOutput/screenshot/Xserver_chuou-niimura241203_054201.png
 end_point: https://api.chatwork.com/v2
 url: https://api.chatwork.com/v2/rooms/379549769/files
 headers: {'X-ChatWorkToken': 'fb0410138ee1f4c493b1094f23e310cd'}
2024-12-03 05:42:22,595 - DEBUG - 送信成功
2024-12-03 05:42:29,335 - DEBUG - 
 img_MB_size: 0.21949005126953125
 max_mb_size: 5
2024-12-03 05:42:29,335 - DEBUG - 
 data: {'message': '\n    **Xserver** に **kk-seh.com** があることを確認できました！\n\n    詳細はスクリーンショットにてご確認ください。\n    '}
 resize_image_path: /Users/nyanyacyan/Desktop/project_file/domain_search/installer/resultOutput/screenshot/Xserver_kk-seh241203_054201.png
 end_point: https://api.chatwork.com/v2
 url: https://api.chatwork.com/v2/rooms/379549769/files
 headers: {'X-ChatWorkToken': 'fb0410138ee1f4c493b1094f23e310cd'}
2024-12-03 05:42:29,648 - DEBUG - 送信成功
2024-12-03 05:42:36,106 - DEBUG - 
 img_MB_size: 0.21837711334228516
 max_mb_size: 5
2024-12-03 05:42:36,106 - DEBUG - 
 data: {'message': '\n    **Xserver** に **jihnu.com** があることを確認できました！\n\n    詳細はスクリーンショットにてご確認ください。\n    '}
 resize_image_path: /Users/nyanyacyan/Desktop/project_file/domain_search/installer/resultOutput/screenshot/Xserver_jihnu241203_054201.png
 end_point: https://api.chatwork.com/v2
 url: https://api.chatwork.com/v2/rooms/379549769/files
 headers: {'X-ChatWorkToken': 'fb0410138ee1f4c493b1094f23e310cd'}
2024-12-03 05:42:36,482 - DEBUG - 送信成功
2024-12-03 05:42:42,484 - DEBUG - 
 img_MB_size: 0.219146728515625
 max_mb_size: 5
2024-12-03 05:42:42,484 - DEBUG - 
 data: {'message': '\n    **Xserver** に **blog.com** があることを確認できました！\n\n    詳細はスクリーンショットにてご確認ください。\n    '}
 resize_image_path: /Users/nyanyacyan/Desktop/project_file/domain_search/installer/resultOutput/screenshot/Xserver_blog241203_054201.png
 end_point: https://api.chatwork.com/v2
 url: https://api.chatwork.com/v2/rooms/379549769/files
 headers: {'X-ChatWorkToken': 'fb0410138ee1f4c493b1094f23e310cd'}
2024-12-03 05:42:42,861 - DEBUG - 送信成功
2024-12-03 05:42:58,184 - DEBUG - 
 img_MB_size: 0.21532630920410156
 max_mb_size: 5
2024-12-03 05:42:58,184 - DEBUG - 
 data: {'message': '\n    **Conoha Wing** に **netz-okhotsk.jp** があることを確認できました！\n\n    詳細はスクリーンショットにてご確認ください。\n    '}
 resize_image_path: /Users/nyanyacyan/Desktop/project_file/domain_search/installer/resultOutput/screenshot/Conoha Wing_netz-okhotsk241203_054201.png
 end_point: https://api.chatwork.com/v2
 url: https://api.chatwork.com/v2/rooms/379549769/files
 headers: {'X-ChatWorkToken': 'fb0410138ee1f4c493b1094f23e310cd'}
2024-12-03 05:42:58,566 - DEBUG - 送信成功
2024-12-03 05:43:08,471 - DEBUG - 
 img_MB_size: 0.21360301971435547
 max_mb_size: 5
2024-12-03 05:43:08,471 - DEBUG - 
 data: {'message': '\n    **Conoha Wing** に **chuou-niimura.jp** があることを確認できました！\n\n    詳細はスクリーンショットにてご確認ください。\n    '}
 resize_image_path: /Users/nyanyacyan/Desktop/project_file/domain_search/installer/resultOutput/screenshot/Conoha Wing_chuou-niimura241203_054201.png
 end_point: https://api.chatwork.com/v2
 url: https://api.chatwork.com/v2/rooms/379549769/files
 headers: {'X-ChatWorkToken': 'fb0410138ee1f4c493b1094f23e310cd'}
2024-12-03 05:43:08,920 - DEBUG - 送信成功
2024-12-03 05:43:17,368 - DEBUG - 
 img_MB_size: 0.20696163177490234
 max_mb_size: 5
2024-12-03 05:43:17,368 - DEBUG - 
 data: {'message': '\n    **Conoha Wing** に **kk-seh.com** があることを確認できました！\n\n    詳細はスクリーンショットにてご確認ください。\n    '}
 resize_image_path: /Users/nyanyacyan/Desktop/project_file/domain_search/installer/resultOutput/screenshot/Conoha Wing_kk-seh241203_054201.png
 end_point: https://api.chatwork.com/v2
 url: https://api.chatwork.com/v2/rooms/379549769/files
 headers: {'X-ChatWorkToken': 'fb0410138ee1f4c493b1094f23e310cd'}
2024-12-03 05:43:17,747 - DEBUG - 送信成功
2024-12-03 05:45:24,612 - DEBUG - 
 img_MB_size: 0.19472694396972656
 max_mb_size: 5
2024-12-03 05:45:24,612 - DEBUG - 
 data: {'message': '\n    **Conoha Wing** に **jihnu.com** があることを確認できました！\n\n    詳細はスクリーンショットにてご確認ください。\n    '}
 resize_image_path: /Users/nyanyacyan/Desktop/project_file/domain_search/installer/resultOutput/screenshot/Conoha Wing_jihnu241203_054201.png
 end_point: https://api.chatwork.com/v2
 url: https://api.chatwork.com/v2/rooms/379549769/files
 headers: {'X-ChatWorkToken': 'fb0410138ee1f4c493b1094f23e310cd'}
2024-12-03 05:45:25,066 - DEBUG - 送信成功
2024-12-03 05:45:47,285 - DEBUG - 
 img_MB_size: 0.2186574935913086
 max_mb_size: 5
2024-12-03 05:45:47,285 - DEBUG - 
 data: {'message': '\n    **Conoha Wing** に **blog.com** があることを確認できました！\n\n    詳細はスクリーンショットにてご確認ください。\n    '}
 resize_image_path: /Users/nyanyacyan/Desktop/project_file/domain_search/installer/resultOutput/screenshot/Conoha Wing_blog241203_054201.png
 end_point: https://api.chatwork.com/v2
 url: https://api.chatwork.com/v2/rooms/379549769/files
 headers: {'X-ChatWorkToken': 'fb0410138ee1f4c493b1094f23e310cd'}
2024-12-03 05:45:47,808 - DEBUG - 送信成功
2024-12-03 05:45:52,038 - DEBUG - 
 img_MB_size: 0.22209739685058594
 max_mb_size: 5
2024-12-03 05:45:52,038 - DEBUG - 
 data: {'message': '\n    **お名前.com** に **netz-okhotsk.jp** があることを確認できました！\n\n    詳細はスクリーンショットにてご確認ください。\n    '}
 resize_image_path: /Users/nyanyacyan/Desktop/project_file/domain_search/installer/resultOutput/screenshot/お名前.com_netz-okhotsk241203_054201.png
 end_point: https://api.chatwork.com/v2
 url: https://api.chatwork.com/v2/rooms/379549769/files
 headers: {'X-ChatWorkToken': 'fb0410138ee1f4c493b1094f23e310cd'}
2024-12-03 05:45:52,455 - DEBUG - 送信成功
2024-12-03 05:45:56,154 - DEBUG - 
 img_MB_size: 0.23030757904052734
 max_mb_size: 5
2024-12-03 05:45:56,154 - DEBUG - 
 data: {'message': '\n    **お名前.com** に **chuou-niimura.jp** があることを確認できました！\n\n    詳細はスクリーンショットにてご確認ください。\n    '}
 resize_image_path: /Users/nyanyacyan/Desktop/project_file/domain_search/installer/resultOutput/screenshot/お名前.com_chuou-niimura241203_054201.png
 end_point: https://api.chatwork.com/v2
 url: https://api.chatwork.com/v2/rooms/379549769/files
 headers: {'X-ChatWorkToken': 'fb0410138ee1f4c493b1094f23e310cd'}
2024-12-03 05:45:56,557 - DEBUG - 送信成功
2024-12-03 05:45:59,203 - DEBUG - 
 img_MB_size: 0.22927570343017578
 max_mb_size: 5
2024-12-03 05:45:59,203 - DEBUG - 
 data: {'message': '\n    **お名前.com** に **kk-seh.com** があることを確認できました！\n\n    詳細はスクリーンショットにてご確認ください。\n    '}
 resize_image_path: /Users/nyanyacyan/Desktop/project_file/domain_search/installer/resultOutput/screenshot/お名前.com_kk-seh241203_054201.png
 end_point: https://api.chatwork.com/v2
 url: https://api.chatwork.com/v2/rooms/379549769/files
 headers: {'X-ChatWorkToken': 'fb0410138ee1f4c493b1094f23e310cd'}
2024-12-03 05:45:59,567 - DEBUG - 送信成功
2024-12-03 05:47:17,238 - DEBUG - 
 img_MB_size: 0.22793197631835938
 max_mb_size: 5
2024-12-03 05:47:17,238 - DEBUG - 
 data: {'message': '\n    **お名前.com** に **jihnu.com** があることを確認できました！\n\n    詳細はスクリーンショットにてご確認ください。\n    '}
 resize_image_path: /Users/nyanyacyan/Desktop/project_file/domain_search/installer/resultOutput/screenshot/お名前.com_jihnu241203_054201.png
 end_point: https://api.chatwork.com/v2
 url: https://api.chatwork.com/v2/rooms/379549769/files
 headers: {'X-ChatWorkToken': 'fb0410138ee1f4c493b1094f23e310cd'}
2024-12-03 05:47:17,791 - DEBUG - 送信成功
2024-12-03 05:47:20,913 - DEBUG - 
 img_MB_size: 0.22851943969726562
 max_mb_size: 5
2024-12-03 05:47:20,913 - DEBUG - 
 data: {'message': '\n    **お名前.com** に **blog.com** があることを確認できました！\n\n    詳細はスクリーンショットにてご確認ください。\n    '}
 resize_image_path: /Users/nyanyacyan/Desktop/project_file/domain_search/installer/resultOutput/screenshot/お名前.com_blog241203_054201.png
 end_point: https://api.chatwork.com/v2
 url: https://api.chatwork.com/v2/rooms/379549769/files
 headers: {'X-ChatWorkToken': 'fb0410138ee1f4c493b1094f23e310cd'}
2024-12-03 05:47:21,286 - DEBUG - 送信成功
2024-12-03 05:48:47,601 - DEBUG - 
 img_MB_size: 0.21408653259277344
 max_mb_size: 5
2024-12-03 05:48:47,602 - DEBUG - 
 data: {'message': '\n    **Xserver** に **netz-okhotsk.jp** があることを確認できました！\n\n    詳細はスクリーンショットにてご確認ください。\n    '}
 resize_image_path: /Users/nyanyacyan/Desktop/project_file/domain_search/installer/resultOutput/screenshot/Xserver_netz-okhotsk241203_054842.png
 end_point: https://api.chatwork.com/v2
 url: https://api.chatwork.com/v2/rooms/379549769/files
 headers: {'X-ChatWorkToken': 'fb0410138ee1f4c493b1094f23e310cd'}
2024-12-03 05:48:48,425 - DEBUG - 送信成功
2024-12-03 05:48:50,379 - DEBUG - 
 img_MB_size: 0.21381187438964844
 max_mb_size: 5
2024-12-03 05:48:50,379 - DEBUG - 
 data: {'message': '\n    **Xserver** に **chuou-niimura.jp** があることを確認できました！\n\n    詳細はスクリーンショットにてご確認ください。\n    '}
 resize_image_path: /Users/nyanyacyan/Desktop/project_file/domain_search/installer/resultOutput/screenshot/Xserver_chuou-niimura241203_054842.png
 end_point: https://api.chatwork.com/v2
 url: https://api.chatwork.com/v2/rooms/379549769/files
 headers: {'X-ChatWorkToken': 'fb0410138ee1f4c493b1094f23e310cd'}
2024-12-03 05:48:51,014 - DEBUG - 送信成功
2024-12-03 05:48:52,896 - DEBUG - 
 img_MB_size: 0.21307659149169922
 max_mb_size: 5
2024-12-03 05:48:52,896 - DEBUG - 
 data: {'message': '\n    **Xserver** に **kk-seh.com** があることを確認できました！\n\n    詳細はスクリーンショットにてご確認ください。\n    '}
 resize_image_path: /Users/nyanyacyan/Desktop/project_file/domain_search/installer/resultOutput/screenshot/Xserver_kk-seh241203_054842.png
 end_point: https://api.chatwork.com/v2
 url: https://api.chatwork.com/v2/rooms/379549769/files
 headers: {'X-ChatWorkToken': 'fb0410138ee1f4c493b1094f23e310cd'}
2024-12-03 05:48:53,463 - DEBUG - 送信成功
2024-12-03 05:48:55,278 - DEBUG - 
 img_MB_size: 0.2119579315185547
 max_mb_size: 5
2024-12-03 05:48:55,278 - DEBUG - 
 data: {'message': '\n    **Xserver** に **jihnu.com** があることを確認できました！\n\n    詳細はスクリーンショットにてご確認ください。\n    '}
 resize_image_path: /Users/nyanyacyan/Desktop/project_file/domain_search/installer/resultOutput/screenshot/Xserver_jihnu241203_054842.png
 end_point: https://api.chatwork.com/v2
 url: https://api.chatwork.com/v2/rooms/379549769/files
 headers: {'X-ChatWorkToken': 'fb0410138ee1f4c493b1094f23e310cd'}
2024-12-03 05:48:55,798 - DEBUG - 送信成功
2024-12-03 05:48:57,613 - DEBUG - 
 img_MB_size: 0.21273326873779297
 max_mb_size: 5
2024-12-03 05:48:57,613 - DEBUG - 
 data: {'message': '\n    **Xserver** に **blog.com** があることを確認できました！\n\n    詳細はスクリーンショットにてご確認ください。\n    '}
 resize_image_path: /Users/nyanyacyan/Desktop/project_file/domain_search/installer/resultOutput/screenshot/Xserver_blog241203_054842.png
 end_point: https://api.chatwork.com/v2
 url: https://api.chatwork.com/v2/rooms/379549769/files
 headers: {'X-ChatWorkToken': 'fb0410138ee1f4c493b1094f23e310cd'}
2024-12-03 05:48:57,974 - DEBUG - 送信成功
2024-12-03 05:49:05,532 - DEBUG - 
 img_MB_size: 0.2101583480834961
 max_mb_size: 5
2024-12-03 05:49:05,535 - DEBUG - 
 data: {'message': '\n    **Conoha Wing** に **blog.com** があることを確認できました！\n\n    詳細はスクリーンショットにてご確認ください。\n    '}
 resize_image_path: /Users/nyanyacyan/Desktop/project_file/domain_search/installer/resultOutput/screenshot/Conoha Wing_blog241203_054842.png
 end_point: https://api.chatwork.com/v2
 url: https://api.chatwork.com/v2/rooms/379549769/files
 headers: {'X-ChatWorkToken': 'fb0410138ee1f4c493b1094f23e310cd'}
2024-12-03 05:49:05,937 - DEBUG - 送信成功
2024-12-03 05:56:28,619 - DEBUG - 
 img_MB_size: 0.21408653259277344
 max_mb_size: 5
2024-12-03 05:56:28,620 - DEBUG - 
 data: {'message': '\n    **Xserver** に **netz-okhotsk.jp** があることを確認できました！\n\n    詳細はスクリーンショットにてご確認ください。\n    '}
 resize_image_path: /Users/nyanyacyan/Desktop/project_file/domain_search/installer/resultOutput/screenshot/Xserver_netz-okhotsk241203_055552.png
 end_point: https://api.chatwork.com/v2
 url: https://api.chatwork.com/v2/rooms/379549769/files
 headers: {'X-ChatWorkToken': 'fb0410138ee1f4c493b1094f23e310cd'}
2024-12-03 05:56:29,113 - DEBUG - 送信成功
2024-12-03 05:56:36,151 - DEBUG - 
 img_MB_size: 0.21381187438964844
 max_mb_size: 5
2024-12-03 05:56:36,151 - DEBUG - 
 data: {'message': '\n    **Xserver** に **chuou-niimura.jp** があることを確認できました！\n\n    詳細はスクリーンショットにてご確認ください。\n    '}
 resize_image_path: /Users/nyanyacyan/Desktop/project_file/domain_search/installer/resultOutput/screenshot/Xserver_chuou-niimura241203_055552.png
 end_point: https://api.chatwork.com/v2
 url: https://api.chatwork.com/v2/rooms/379549769/files
 headers: {'X-ChatWorkToken': 'fb0410138ee1f4c493b1094f23e310cd'}
2024-12-03 05:56:36,504 - DEBUG - 送信成功
2024-12-03 05:56:48,451 - DEBUG - 
 img_MB_size: 0.21307659149169922
 max_mb_size: 5
2024-12-03 05:56:48,451 - DEBUG - 
 data: {'message': '\n    **Xserver** に **kk-seh.com** があることを確認できました！\n\n    詳細はスクリーンショットにてご確認ください。\n    '}
 resize_image_path: /Users/nyanyacyan/Desktop/project_file/domain_search/installer/resultOutput/screenshot/Xserver_kk-seh241203_055552.png
 end_point: https://api.chatwork.com/v2
 url: https://api.chatwork.com/v2/rooms/379549769/files
 headers: {'X-ChatWorkToken': 'fb0410138ee1f4c493b1094f23e310cd'}
2024-12-03 05:56:48,986 - DEBUG - 送信成功
2024-12-03 05:56:54,113 - DEBUG - 
 img_MB_size: 0.2119579315185547
 max_mb_size: 5
2024-12-03 05:56:54,114 - DEBUG - 
 data: {'message': '\n    **Xserver** に **jihnu.com** があることを確認できました！\n\n    詳細はスクリーンショットにてご確認ください。\n    '}
 resize_image_path: /Users/nyanyacyan/Desktop/project_file/domain_search/installer/resultOutput/screenshot/Xserver_jihnu241203_055552.png
 end_point: https://api.chatwork.com/v2
 url: https://api.chatwork.com/v2/rooms/379549769/files
 headers: {'X-ChatWorkToken': 'fb0410138ee1f4c493b1094f23e310cd'}
2024-12-03 05:56:54,549 - DEBUG - 送信成功
2024-12-03 05:56:58,076 - DEBUG - 
 img_MB_size: 0.21273326873779297
 max_mb_size: 5
2024-12-03 05:56:58,077 - DEBUG - 
 data: {'message': '\n    **Xserver** に **blog.com** があることを確認できました！\n\n    詳細はスクリーンショットにてご確認ください。\n    '}
 resize_image_path: /Users/nyanyacyan/Desktop/project_file/domain_search/installer/resultOutput/screenshot/Xserver_blog241203_055552.png
 end_point: https://api.chatwork.com/v2
 url: https://api.chatwork.com/v2/rooms/379549769/files
 headers: {'X-ChatWorkToken': 'fb0410138ee1f4c493b1094f23e310cd'}
2024-12-03 05:56:58,450 - DEBUG - 送信成功
2024-12-03 06:03:07,484 - DEBUG - 
 img_MB_size: 0.21408653259277344
 max_mb_size: 5
2024-12-03 06:03:07,484 - DEBUG - 
 data: {'message': '\n    **Xserver** に **netz-okhotsk.jp** があることを確認できました！\n\n    詳細はスクリーンショットにてご確認ください。\n    '}
 resize_image_path: /Users/nyanyacyan/Desktop/project_file/domain_search/installer/resultOutput/screenshot/Xserver_netz-okhotsk241203_060250.png
 end_point: https://api.chatwork.com/v2
 url: https://api.chatwork.com/v2/rooms/379549769/files
 headers: {'X-ChatWorkToken': 'fb0410138ee1f4c493b1094f23e310cd'}
2024-12-03 06:03:07,989 - DEBUG - 送信成功
2024-12-03 06:03:13,748 - DEBUG - 
 img_MB_size: 0.21381187438964844
 max_mb_size: 5
2024-12-03 06:03:13,748 - DEBUG - 
 data: {'message': '\n    **Xserver** に **chuou-niimura.jp** があることを確認できました！\n\n    詳細はスクリーンショットにてご確認ください。\n    '}
 resize_image_path: /Users/nyanyacyan/Desktop/project_file/domain_search/installer/resultOutput/screenshot/Xserver_chuou-niimura241203_060250.png
 end_point: https://api.chatwork.com/v2
 url: https://api.chatwork.com/v2/rooms/379549769/files
 headers: {'X-ChatWorkToken': 'fb0410138ee1f4c493b1094f23e310cd'}
2024-12-03 06:03:14,126 - DEBUG - 送信成功
2024-12-03 06:03:22,484 - DEBUG - 
 img_MB_size: 0.21307659149169922
 max_mb_size: 5
2024-12-03 06:03:22,484 - DEBUG - 
 data: {'message': '\n    **Xserver** に **kk-seh.com** があることを確認できました！\n\n    詳細はスクリーンショットにてご確認ください。\n    '}
 resize_image_path: /Users/nyanyacyan/Desktop/project_file/domain_search/installer/resultOutput/screenshot/Xserver_kk-seh241203_060250.png
 end_point: https://api.chatwork.com/v2
 url: https://api.chatwork.com/v2/rooms/379549769/files
 headers: {'X-ChatWorkToken': 'fb0410138ee1f4c493b1094f23e310cd'}
2024-12-03 06:03:22,874 - DEBUG - 送信成功
2024-12-03 06:03:26,134 - DEBUG - 
 img_MB_size: 0.2119579315185547
 max_mb_size: 5
2024-12-03 06:03:26,135 - DEBUG - 
 data: {'message': '\n    **Xserver** に **jihnu.com** があることを確認できました！\n\n    詳細はスクリーンショットにてご確認ください。\n    '}
 resize_image_path: /Users/nyanyacyan/Desktop/project_file/domain_search/installer/resultOutput/screenshot/Xserver_jihnu241203_060250.png
 end_point: https://api.chatwork.com/v2
 url: https://api.chatwork.com/v2/rooms/379549769/files
 headers: {'X-ChatWorkToken': 'fb0410138ee1f4c493b1094f23e310cd'}
2024-12-03 06:03:26,458 - DEBUG - 送信成功
2024-12-03 06:03:31,455 - DEBUG - 
 img_MB_size: 0.21273326873779297
 max_mb_size: 5
2024-12-03 06:03:31,455 - DEBUG - 
 data: {'message': '\n    **Xserver** に **blog.com** があることを確認できました！\n\n    詳細はスクリーンショットにてご確認ください。\n    '}
 resize_image_path: /Users/nyanyacyan/Desktop/project_file/domain_search/installer/resultOutput/screenshot/Xserver_blog241203_060250.png
 end_point: https://api.chatwork.com/v2
 url: https://api.chatwork.com/v2/rooms/379549769/files
 headers: {'X-ChatWorkToken': 'fb0410138ee1f4c493b1094f23e310cd'}
2024-12-03 06:03:31,917 - DEBUG - 送信成功
2024-12-03 06:05:28,893 - DEBUG - 
 img_MB_size: 0.1838970184326172
 max_mb_size: 5
2024-12-03 06:05:28,893 - DEBUG - 
 data: {'message': '\n    **お名前.com** に **netz-okhotsk.jp** があることを確認できました！\n\n    詳細はスクリーンショットにてご確認ください。\n    '}
 resize_image_path: /Users/nyanyacyan/Desktop/project_file/domain_search/installer/resultOutput/screenshot/お名前.com_netz-okhotsk241203_060250.png
 end_point: https://api.chatwork.com/v2
 url: https://api.chatwork.com/v2/rooms/379549769/files
 headers: {'X-ChatWorkToken': 'fb0410138ee1f4c493b1094f23e310cd'}
2024-12-03 06:05:29,297 - DEBUG - 送信成功
2024-12-03 06:05:33,125 - DEBUG - 
 img_MB_size: 0.18306446075439453
 max_mb_size: 5
2024-12-03 06:05:33,126 - DEBUG - 
 data: {'message': '\n    **お名前.com** に **chuou-niimura.jp** があることを確認できました！\n\n    詳細はスクリーンショットにてご確認ください。\n    '}
 resize_image_path: /Users/nyanyacyan/Desktop/project_file/domain_search/installer/resultOutput/screenshot/お名前.com_chuou-niimura241203_060250.png
 end_point: https://api.chatwork.com/v2
 url: https://api.chatwork.com/v2/rooms/379549769/files
 headers: {'X-ChatWorkToken': 'fb0410138ee1f4c493b1094f23e310cd'}
2024-12-03 06:05:33,489 - DEBUG - 送信成功
2024-12-03 06:05:36,648 - DEBUG - 
 img_MB_size: 0.182159423828125
 max_mb_size: 5
2024-12-03 06:05:36,648 - DEBUG - 
 data: {'message': '\n    **お名前.com** に **kk-seh.com** があることを確認できました！\n\n    詳細はスクリーンショットにてご確認ください。\n    '}
 resize_image_path: /Users/nyanyacyan/Desktop/project_file/domain_search/installer/resultOutput/screenshot/お名前.com_kk-seh241203_060250.png
 end_point: https://api.chatwork.com/v2
 url: https://api.chatwork.com/v2/rooms/379549769/files
 headers: {'X-ChatWorkToken': 'fb0410138ee1f4c493b1094f23e310cd'}
2024-12-03 06:05:37,042 - DEBUG - 送信成功
2024-12-03 06:06:54,517 - DEBUG - 
 img_MB_size: 0.18139934539794922
 max_mb_size: 5
2024-12-03 06:06:54,518 - DEBUG - 
 data: {'message': '\n    **お名前.com** に **jihnu.com** があることを確認できました！\n\n    詳細はスクリーンショットにてご確認ください。\n    '}
 resize_image_path: /Users/nyanyacyan/Desktop/project_file/domain_search/installer/resultOutput/screenshot/お名前.com_jihnu241203_060250.png
 end_point: https://api.chatwork.com/v2
 url: https://api.chatwork.com/v2/rooms/379549769/files
 headers: {'X-ChatWorkToken': 'fb0410138ee1f4c493b1094f23e310cd'}
2024-12-03 06:06:55,115 - DEBUG - 送信成功
2024-12-03 06:06:58,179 - DEBUG - 
 img_MB_size: 0.1818981170654297
 max_mb_size: 5
2024-12-03 06:06:58,179 - DEBUG - 
 data: {'message': '\n    **お名前.com** に **blog.com** があることを確認できました！\n\n    詳細はスクリーンショットにてご確認ください。\n    '}
 resize_image_path: /Users/nyanyacyan/Desktop/project_file/domain_search/installer/resultOutput/screenshot/お名前.com_blog241203_060250.png
 end_point: https://api.chatwork.com/v2
 url: https://api.chatwork.com/v2/rooms/379549769/files
 headers: {'X-ChatWorkToken': 'fb0410138ee1f4c493b1094f23e310cd'}
2024-12-03 06:06:58,613 - DEBUG - 送信成功
2024-12-03 06:08:47,316 - DEBUG - 
 img_MB_size: 0.21408653259277344
 max_mb_size: 5
2024-12-03 06:08:47,316 - DEBUG - 
 data: {'message': '\n    **Xserver** に **netz-okhotsk.jp** があることを確認できました！\n\n    詳細はスクリーンショットにてご確認ください。\n    '}
 resize_image_path: /Users/nyanyacyan/Desktop/project_file/domain_search/installer/resultOutput/screenshot/Xserver_netz-okhotsk241203_060833.png
 end_point: https://api.chatwork.com/v2
 url: https://api.chatwork.com/v2/rooms/379549769/files
 headers: {'X-ChatWorkToken': 'fb0410138ee1f4c493b1094f23e310cd'}
2024-12-03 06:08:47,801 - DEBUG - 送信成功
2024-12-03 06:08:55,006 - DEBUG - 
 img_MB_size: 0.21381187438964844
 max_mb_size: 5
2024-12-03 06:08:55,006 - DEBUG - 
 data: {'message': '\n    **Xserver** に **chuou-niimura.jp** があることを確認できました！\n\n    詳細はスクリーンショットにてご確認ください。\n    '}
 resize_image_path: /Users/nyanyacyan/Desktop/project_file/domain_search/installer/resultOutput/screenshot/Xserver_chuou-niimura241203_060833.png
 end_point: https://api.chatwork.com/v2
 url: https://api.chatwork.com/v2/rooms/379549769/files
 headers: {'X-ChatWorkToken': 'fb0410138ee1f4c493b1094f23e310cd'}
2024-12-03 06:08:55,500 - DEBUG - 送信成功
2024-12-03 06:09:00,257 - DEBUG - 
 img_MB_size: 0.21307659149169922
 max_mb_size: 5
2024-12-03 06:09:00,258 - DEBUG - 
 data: {'message': '\n    **Xserver** に **kk-seh.com** があることを確認できました！\n\n    詳細はスクリーンショットにてご確認ください。\n    '}
 resize_image_path: /Users/nyanyacyan/Desktop/project_file/domain_search/installer/resultOutput/screenshot/Xserver_kk-seh241203_060833.png
 end_point: https://api.chatwork.com/v2
 url: https://api.chatwork.com/v2/rooms/379549769/files
 headers: {'X-ChatWorkToken': 'fb0410138ee1f4c493b1094f23e310cd'}
2024-12-03 06:09:00,648 - DEBUG - 送信成功
2024-12-03 06:09:04,822 - DEBUG - 
 img_MB_size: 0.2119579315185547
 max_mb_size: 5
2024-12-03 06:09:04,822 - DEBUG - 
 data: {'message': '\n    **Xserver** に **jihnu.com** があることを確認できました！\n\n    詳細はスクリーンショットにてご確認ください。\n    '}
 resize_image_path: /Users/nyanyacyan/Desktop/project_file/domain_search/installer/resultOutput/screenshot/Xserver_jihnu241203_060833.png
 end_point: https://api.chatwork.com/v2
 url: https://api.chatwork.com/v2/rooms/379549769/files
 headers: {'X-ChatWorkToken': 'fb0410138ee1f4c493b1094f23e310cd'}
2024-12-03 06:09:05,251 - DEBUG - 送信成功
2024-12-03 06:09:12,753 - DEBUG - 
 img_MB_size: 0.21273326873779297
 max_mb_size: 5
2024-12-03 06:09:12,754 - DEBUG - 
 data: {'message': '\n    **Xserver** に **blog.com** があることを確認できました！\n\n    詳細はスクリーンショットにてご確認ください。\n    '}
 resize_image_path: /Users/nyanyacyan/Desktop/project_file/domain_search/installer/resultOutput/screenshot/Xserver_blog241203_060833.png
 end_point: https://api.chatwork.com/v2
 url: https://api.chatwork.com/v2/rooms/379549769/files
 headers: {'X-ChatWorkToken': 'fb0410138ee1f4c493b1094f23e310cd'}
2024-12-03 06:09:13,220 - DEBUG - 送信成功
2024-12-03 06:19:01,927 - DEBUG - 
 img_MB_size: 0.12704849243164062
 max_mb_size: 5
2024-12-03 06:19:01,927 - DEBUG - 
 data: {'message': '\n    **お名前.com** に **jihnu.com** があることを確認できました！\n\n    詳細はスクリーンショットにてご確認ください。\n    '}
 resize_image_path: /Users/nyanyacyan/Desktop/project_file/domain_search/installer/resultOutput/screenshot/お名前.com_jihnu241203_060833.png
 end_point: https://api.chatwork.com/v2
 url: https://api.chatwork.com/v2/rooms/379549769/files
 headers: {'X-ChatWorkToken': 'fb0410138ee1f4c493b1094f23e310cd'}
2024-12-03 06:19:02,386 - DEBUG - 送信成功
2024-12-03 06:20:43,474 - DEBUG - 
 img_MB_size: 0.21408653259277344
 max_mb_size: 5
2024-12-03 06:20:43,475 - DEBUG - 
 data: {'message': '\n    **Xserver** に **netz-okhotsk.jp** があることを確認できました！\n\n    詳細はスクリーンショットにてご確認ください。\n    '}
 resize_image_path: /Users/nyanyacyan/Desktop/project_file/domain_search/installer/resultOutput/screenshot/Xserver_netz-okhotsk241203_062022.png
 end_point: https://api.chatwork.com/v2
 url: https://api.chatwork.com/v2/rooms/379549769/files
 headers: {'X-ChatWorkToken': 'fb0410138ee1f4c493b1094f23e310cd'}
2024-12-03 06:20:44,138 - DEBUG - 送信成功
2024-12-03 06:20:45,997 - DEBUG - 
 img_MB_size: 0.21381187438964844
 max_mb_size: 5
2024-12-03 06:20:45,997 - DEBUG - 
 data: {'message': '\n    **Xserver** に **chuou-niimura.jp** があることを確認できました！\n\n    詳細はスクリーンショットにてご確認ください。\n    '}
 resize_image_path: /Users/nyanyacyan/Desktop/project_file/domain_search/installer/resultOutput/screenshot/Xserver_chuou-niimura241203_062022.png
 end_point: https://api.chatwork.com/v2
 url: https://api.chatwork.com/v2/rooms/379549769/files
 headers: {'X-ChatWorkToken': 'fb0410138ee1f4c493b1094f23e310cd'}
2024-12-03 06:20:46,425 - DEBUG - 送信成功
2024-12-03 06:20:48,499 - DEBUG - 
 img_MB_size: 0.21307659149169922
 max_mb_size: 5
2024-12-03 06:20:48,500 - DEBUG - 
 data: {'message': '\n    **Xserver** に **kk-seh.com** があることを確認できました！\n\n    詳細はスクリーンショットにてご確認ください。\n    '}
 resize_image_path: /Users/nyanyacyan/Desktop/project_file/domain_search/installer/resultOutput/screenshot/Xserver_kk-seh241203_062022.png
 end_point: https://api.chatwork.com/v2
 url: https://api.chatwork.com/v2/rooms/379549769/files
 headers: {'X-ChatWorkToken': 'fb0410138ee1f4c493b1094f23e310cd'}
2024-12-03 06:20:49,462 - DEBUG - 送信成功
2024-12-03 06:20:51,496 - DEBUG - 
 img_MB_size: 0.2119579315185547
 max_mb_size: 5
2024-12-03 06:20:51,496 - DEBUG - 
 data: {'message': '\n    **Xserver** に **jihnu.com** があることを確認できました！\n\n    詳細はスクリーンショットにてご確認ください。\n    '}
 resize_image_path: /Users/nyanyacyan/Desktop/project_file/domain_search/installer/resultOutput/screenshot/Xserver_jihnu241203_062022.png
 end_point: https://api.chatwork.com/v2
 url: https://api.chatwork.com/v2/rooms/379549769/files
 headers: {'X-ChatWorkToken': 'fb0410138ee1f4c493b1094f23e310cd'}
2024-12-03 06:20:51,887 - DEBUG - 送信成功
2024-12-03 06:20:53,672 - DEBUG - 
 img_MB_size: 0.21273326873779297
 max_mb_size: 5
2024-12-03 06:20:53,672 - DEBUG - 
 data: {'message': '\n    **Xserver** に **blog.com** があることを確認できました！\n\n    詳細はスクリーンショットにてご確認ください。\n    '}
 resize_image_path: /Users/nyanyacyan/Desktop/project_file/domain_search/installer/resultOutput/screenshot/Xserver_blog241203_062022.png
 end_point: https://api.chatwork.com/v2
 url: https://api.chatwork.com/v2/rooms/379549769/files
 headers: {'X-ChatWorkToken': 'fb0410138ee1f4c493b1094f23e310cd'}
2024-12-03 06:20:54,072 - DEBUG - 送信成功
2024-12-03 06:21:22,531 - DEBUG - 
 img_MB_size: 0.23044204711914062
 max_mb_size: 5
2024-12-03 06:21:22,531 - DEBUG - 
 data: {'message': '\n    **お名前.com** に **netz-okhotsk.jp** があることを確認できました！\n\n    詳細はスクリーンショットにてご確認ください。\n    '}
 resize_image_path: /Users/nyanyacyan/Desktop/project_file/domain_search/installer/resultOutput/screenshot/お名前.com_netz-okhotsk241203_062022.png
 end_point: https://api.chatwork.com/v2
 url: https://api.chatwork.com/v2/rooms/379549769/files
 headers: {'X-ChatWorkToken': 'fb0410138ee1f4c493b1094f23e310cd'}
2024-12-03 06:21:23,001 - DEBUG - 送信成功
2024-12-03 06:21:26,833 - DEBUG - 
 img_MB_size: 0.2295818328857422
 max_mb_size: 5
2024-12-03 06:21:26,834 - DEBUG - 
 data: {'message': '\n    **お名前.com** に **chuou-niimura.jp** があることを確認できました！\n\n    詳細はスクリーンショットにてご確認ください。\n    '}
 resize_image_path: /Users/nyanyacyan/Desktop/project_file/domain_search/installer/resultOutput/screenshot/お名前.com_chuou-niimura241203_062022.png
 end_point: https://api.chatwork.com/v2
 url: https://api.chatwork.com/v2/rooms/379549769/files
 headers: {'X-ChatWorkToken': 'fb0410138ee1f4c493b1094f23e310cd'}
2024-12-03 06:21:27,426 - DEBUG - 送信成功
2024-12-03 06:21:30,293 - DEBUG - 
 img_MB_size: 0.2302684783935547
 max_mb_size: 5
2024-12-03 06:21:30,293 - DEBUG - 
 data: {'message': '\n    **お名前.com** に **kk-seh.com** があることを確認できました！\n\n    詳細はスクリーンショットにてご確認ください。\n    '}
 resize_image_path: /Users/nyanyacyan/Desktop/project_file/domain_search/installer/resultOutput/screenshot/お名前.com_kk-seh241203_062022.png
 end_point: https://api.chatwork.com/v2
 url: https://api.chatwork.com/v2/rooms/379549769/files
 headers: {'X-ChatWorkToken': 'fb0410138ee1f4c493b1094f23e310cd'}
2024-12-03 06:21:30,702 - DEBUG - 送信成功
2024-12-03 06:21:33,478 - DEBUG - 
 img_MB_size: 0.22687149047851562
 max_mb_size: 5
2024-12-03 06:21:33,478 - DEBUG - 
 data: {'message': '\n    **お名前.com** に **jihnu.com** があることを確認できました！\n\n    詳細はスクリーンショットにてご確認ください。\n    '}
 resize_image_path: /Users/nyanyacyan/Desktop/project_file/domain_search/installer/resultOutput/screenshot/お名前.com_jihnu241203_062022.png
 end_point: https://api.chatwork.com/v2
 url: https://api.chatwork.com/v2/rooms/379549769/files
 headers: {'X-ChatWorkToken': 'fb0410138ee1f4c493b1094f23e310cd'}
2024-12-03 06:21:33,941 - DEBUG - 送信成功
2024-12-03 06:21:36,826 - DEBUG - 
 img_MB_size: 0.22792625427246094
 max_mb_size: 5
2024-12-03 06:21:36,826 - DEBUG - 
 data: {'message': '\n    **お名前.com** に **blog.com** があることを確認できました！\n\n    詳細はスクリーンショットにてご確認ください。\n    '}
 resize_image_path: /Users/nyanyacyan/Desktop/project_file/domain_search/installer/resultOutput/screenshot/お名前.com_blog241203_062022.png
 end_point: https://api.chatwork.com/v2
 url: https://api.chatwork.com/v2/rooms/379549769/files
 headers: {'X-ChatWorkToken': 'fb0410138ee1f4c493b1094f23e310cd'}
2024-12-03 06:21:37,259 - DEBUG - 送信成功
2024-12-03 07:01:56,814 - DEBUG - 
 img_MB_size: 0.19383621215820312
 max_mb_size: 5
2024-12-03 07:01:56,814 - DEBUG - 
 data: {'message': '\n    **Conoha Wing** に **jihnu.com** があることを確認できました！\n\n    詳細はスクリーンショットにてご確認ください。\n    '}
 resize_image_path: /Users/nyanyacyan/Desktop/project_file/domain_search/installer/resultOutput/screenshot/Conoha Wing_jihnu241203_070137.png
 end_point: https://api.chatwork.com/v2
 url: https://api.chatwork.com/v2/rooms/379549769/files
 headers: {'X-ChatWorkToken': 'fb0410138ee1f4c493b1094f23e310cd'}
2024-12-03 07:01:58,383 - DEBUG - 送信成功
2024-12-03 07:02:02,722 - DEBUG - 
 img_MB_size: 0.1938333511352539
 max_mb_size: 5
2024-12-03 07:02:02,722 - DEBUG - 
 data: {'message': '\n    **Conoha Wing** に **jihnu.com** があることを確認できました！\n\n    詳細はスクリーンショットにてご確認ください。\n    '}
 resize_image_path: /Users/nyanyacyan/Desktop/project_file/domain_search/installer/resultOutput/screenshot/Conoha Wing_jihnu241203_070137.png
 end_point: https://api.chatwork.com/v2
 url: https://api.chatwork.com/v2/rooms/379549769/files
 headers: {'X-ChatWorkToken': 'fb0410138ee1f4c493b1094f23e310cd'}
2024-12-03 07:02:03,172 - DEBUG - 送信成功
2024-12-03 07:09:41,025 - DEBUG - 
 img_MB_size: 0.19382190704345703
 max_mb_size: 5
2024-12-03 07:09:41,025 - DEBUG - 
 data: {'message': '\n    **Conoha Wing** に **jihnu.com** があることを確認できました！\n\n    詳細はスクリーンショットにてご確認ください。\n    '}
 resize_image_path: /Users/nyanyacyan/Desktop/project_file/domain_search/installer/resultOutput/screenshot/Conoha Wing_jihnu241203_070855.png
 end_point: https://api.chatwork.com/v2
 url: https://api.chatwork.com/v2/rooms/379549769/files
 headers: {'X-ChatWorkToken': 'fb0410138ee1f4c493b1094f23e310cd'}
2024-12-03 07:09:41,693 - DEBUG - 送信成功
2024-12-03 07:09:48,030 - DEBUG - 
 img_MB_size: 0.19385719299316406
 max_mb_size: 5
2024-12-03 07:09:48,031 - DEBUG - 
 data: {'message': '\n    **Conoha Wing** に **jihnu.com** があることを確認できました！\n\n    詳細はスクリーンショットにてご確認ください。\n    '}
 resize_image_path: /Users/nyanyacyan/Desktop/project_file/domain_search/installer/resultOutput/screenshot/Conoha Wing_jihnu241203_070855.png
 end_point: https://api.chatwork.com/v2
 url: https://api.chatwork.com/v2/rooms/379549769/files
 headers: {'X-ChatWorkToken': 'fb0410138ee1f4c493b1094f23e310cd'}
2024-12-03 07:09:48,453 - DEBUG - 送信成功
2024-12-03 07:10:59,110 - DEBUG - 
 img_MB_size: 0.25723838806152344
 max_mb_size: 5
2024-12-03 07:10:59,110 - DEBUG - 
 data: {'message': '\n    **お名前.com** に **jihnu.com** があることを確認できました！\n\n    詳細はスクリーンショットにてご確認ください。\n    '}
 resize_image_path: /Users/nyanyacyan/Desktop/project_file/domain_search/installer/resultOutput/screenshot/お名前.com_jihnu241203_070855.png
 end_point: https://api.chatwork.com/v2
 url: https://api.chatwork.com/v2/rooms/379549769/files
 headers: {'X-ChatWorkToken': 'fb0410138ee1f4c493b1094f23e310cd'}
2024-12-03 07:10:59,805 - DEBUG - 送信成功
2024-12-03 07:11:44,113 - DEBUG - 
 img_MB_size: 0.25723838806152344
 max_mb_size: 5
2024-12-03 07:11:44,113 - DEBUG - 
 data: {'message': '\n    **お名前.com** に **jihnu.com** があることを確認できました！\n\n    詳細はスクリーンショットにてご確認ください。\n    '}
 resize_image_path: /Users/nyanyacyan/Desktop/project_file/domain_search/installer/resultOutput/screenshot/お名前.com_jihnu241203_070855.png
 end_point: https://api.chatwork.com/v2
 url: https://api.chatwork.com/v2/rooms/379549769/files
 headers: {'X-ChatWorkToken': 'fb0410138ee1f4c493b1094f23e310cd'}
2024-12-03 07:11:44,766 - DEBUG - 送信成功
2024-12-03 08:44:51,511 - DEBUG - 
 img_MB_size: 0.2106618881225586
 max_mb_size: 5
2024-12-03 08:44:51,512 - DEBUG - 
 data: {'message': '\n    **Xserver** に **jihnu.com** があることを確認できました！\n\n    詳細はスクリーンショットにてご確認ください。\n    '}
 resize_image_path: /Users/nyanyacyan/Desktop/project_file/domain_search/installer/resultOutput/screenshot/Xserver_jihnu241203_084408.png
 end_point: https://api.chatwork.com/v2
 url: https://api.chatwork.com/v2/rooms/379549769/files
 headers: {'X-ChatWorkToken': 'fb0410138ee1f4c493b1094f23e310cd'}
2024-12-03 08:44:51,936 - DEBUG - 送信成功
2024-12-03 08:45:06,394 - DEBUG - 
 img_MB_size: 0.19383621215820312
 max_mb_size: 5
2024-12-03 08:45:06,394 - DEBUG - 
 data: {'message': '\n    **Conoha Wing** に **jihnu.com** があることを確認できました！\n\n    詳細はスクリーンショットにてご確認ください。\n    '}
 resize_image_path: /Users/nyanyacyan/Desktop/project_file/domain_search/installer/resultOutput/screenshot/Conoha Wing_jihnu241203_084408.png
 end_point: https://api.chatwork.com/v2
 url: https://api.chatwork.com/v2/rooms/379549769/files
 headers: {'X-ChatWorkToken': 'fb0410138ee1f4c493b1094f23e310cd'}
2024-12-03 08:45:06,870 - DEBUG - 送信成功
2024-12-03 08:45:11,832 - DEBUG - 
 img_MB_size: 0.19381237030029297
 max_mb_size: 5
2024-12-03 08:45:11,832 - DEBUG - 
 data: {'message': '\n    **Conoha Wing** に **jihnu.com** があることを確認できました！\n\n    詳細はスクリーンショットにてご確認ください。\n    '}
 resize_image_path: /Users/nyanyacyan/Desktop/project_file/domain_search/installer/resultOutput/screenshot/Conoha Wing_jihnu241203_084408.png
 end_point: https://api.chatwork.com/v2
 url: https://api.chatwork.com/v2/rooms/379549769/files
 headers: {'X-ChatWorkToken': 'fb0410138ee1f4c493b1094f23e310cd'}
2024-12-03 08:45:12,304 - DEBUG - 送信成功
2024-12-03 08:45:52,943 - DEBUG - 
 img_MB_size: 0.2106313705444336
 max_mb_size: 5
2024-12-03 08:45:52,943 - DEBUG - 
 data: {'message': '\n    **お名前.com** に **jihnu.com** があることを確認できました！\n\n    詳細はスクリーンショットにてご確認ください。\n    '}
 resize_image_path: /Users/nyanyacyan/Desktop/project_file/domain_search/installer/resultOutput/screenshot/お名前.com_jihnu241203_084408.png
 end_point: https://api.chatwork.com/v2
 url: https://api.chatwork.com/v2/rooms/379549769/files
 headers: {'X-ChatWorkToken': 'fb0410138ee1f4c493b1094f23e310cd'}
2024-12-03 08:45:53,625 - DEBUG - 送信成功
2024-12-03 08:46:22,652 - DEBUG - 
 img_MB_size: 0.2106313705444336
 max_mb_size: 5
2024-12-03 08:46:22,652 - DEBUG - 
 data: {'message': '\n    **お名前.com** に **jihnu.com** があることを確認できました！\n\n    詳細はスクリーンショットにてご確認ください。\n    '}
 resize_image_path: /Users/nyanyacyan/Desktop/project_file/domain_search/installer/resultOutput/screenshot/お名前.com_jihnu241203_084408.png
 end_point: https://api.chatwork.com/v2
 url: https://api.chatwork.com/v2/rooms/379549769/files
 headers: {'X-ChatWorkToken': 'fb0410138ee1f4c493b1094f23e310cd'}
2024-12-03 08:46:23,062 - DEBUG - 送信成功
2024-12-03 11:15:43,730 - DEBUG - 
 img_MB_size: 0.2106618881225586
 max_mb_size: 5
2024-12-03 11:15:43,730 - DEBUG - 
 data: {'message': '\n    **Xserver** に **jihnu.com** があることを確認できました！\n\n    詳細はスクリーンショットにてご確認ください。\n    '}
 resize_image_path: /Users/nyanyacyan/Desktop/project_file/domain_search/installer/resultOutput/screenshot/Xserver_jihnu241203_111508.png
 end_point: https://api.chatwork.com/v2
 url: https://api.chatwork.com/v2/rooms/379549769/files
 headers: {'X-ChatWorkToken': 'fb0410138ee1f4c493b1094f23e310cd'}
2024-12-03 11:15:44,178 - DEBUG - 送信成功
2024-12-03 11:15:59,198 - DEBUG - 
 img_MB_size: 0.19382190704345703
 max_mb_size: 5
2024-12-03 11:15:59,198 - DEBUG - 
 data: {'message': '\n    **Conoha Wing** に **jihnu.com** があることを確認できました！\n\n    詳細はスクリーンショットにてご確認ください。\n    '}
 resize_image_path: /Users/nyanyacyan/Desktop/project_file/domain_search/installer/resultOutput/screenshot/Conoha Wing_jihnu241203_111508.png
 end_point: https://api.chatwork.com/v2
 url: https://api.chatwork.com/v2/rooms/379549769/files
 headers: {'X-ChatWorkToken': 'fb0410138ee1f4c493b1094f23e310cd'}
2024-12-03 11:15:59,800 - DEBUG - 送信成功
2024-12-03 11:16:03,813 - DEBUG - 
 img_MB_size: 0.1938018798828125
 max_mb_size: 5
2024-12-03 11:16:03,813 - DEBUG - 
 data: {'message': '\n    **Conoha Wing** に **jihnu.com** があることを確認できました！\n\n    詳細はスクリーンショットにてご確認ください。\n    '}
 resize_image_path: /Users/nyanyacyan/Desktop/project_file/domain_search/installer/resultOutput/screenshot/Conoha Wing_jihnu241203_111508.png
 end_point: https://api.chatwork.com/v2
 url: https://api.chatwork.com/v2/rooms/379549769/files
 headers: {'X-ChatWorkToken': 'fb0410138ee1f4c493b1094f23e310cd'}
2024-12-03 11:16:04,188 - DEBUG - 送信成功
2024-12-03 11:16:50,994 - DEBUG - 
 img_MB_size: 0.25723838806152344
 max_mb_size: 5
2024-12-03 11:16:50,995 - DEBUG - 
 data: {'message': '\n    **お名前.com** に **jihnu.com** があることを確認できました！\n\n    詳細はスクリーンショットにてご確認ください。\n    '}
 resize_image_path: /Users/nyanyacyan/Desktop/project_file/domain_search/installer/resultOutput/screenshot/お名前.com_jihnu241203_111508.png
 end_point: https://api.chatwork.com/v2
 url: https://api.chatwork.com/v2/rooms/379549769/files
 headers: {'X-ChatWorkToken': 'fb0410138ee1f4c493b1094f23e310cd'}
2024-12-03 11:16:51,417 - DEBUG - 送信成功
2024-12-03 11:17:20,606 - DEBUG - 
 img_MB_size: 0.25723838806152344
 max_mb_size: 5
2024-12-03 11:17:20,607 - DEBUG - 
 data: {'message': '\n    **お名前.com** に **jihnu.com** があることを確認できました！\n\n    詳細はスクリーンショットにてご確認ください。\n    '}
 resize_image_path: /Users/nyanyacyan/Desktop/project_file/domain_search/installer/resultOutput/screenshot/お名前.com_jihnu241203_111508.png
 end_point: https://api.chatwork.com/v2
 url: https://api.chatwork.com/v2/rooms/379549769/files
 headers: {'X-ChatWorkToken': 'fb0410138ee1f4c493b1094f23e310cd'}
2024-12-03 11:17:21,309 - DEBUG - 送信成功
2024-12-03 14:04:02,322 - DEBUG - 
 img_MB_size: 0.2106618881225586
 max_mb_size: 5
2024-12-03 14:04:02,324 - DEBUG - 
 data: {'message': '\n    **Xserver** に **jihnu.com** があることを確認できました！\n\n    詳細はスクリーンショットにてご確認ください。\n    '}
 resize_image_path: /Users/nyanyacyan/Desktop/project_file/domain_search/installer/resultOutput/screenshot/Xserver_jihnu241203_140320.png
 end_point: https://api.chatwork.com/v2
 url: https://api.chatwork.com/v2/rooms/379549769/files
 headers: {'X-ChatWorkToken': 'fb0410138ee1f4c493b1094f23e310cd'}
2024-12-03 14:04:03,194 - DEBUG - 送信成功
2024-12-03 14:04:25,466 - DEBUG - 
 img_MB_size: 0.1960468292236328
 max_mb_size: 5
2024-12-03 14:04:25,467 - DEBUG - 
 data: {'message': '\n    **Conoha Wing** に **jihnu.com** があることを確認できました！\n\n    詳細はスクリーンショットにてご確認ください。\n    '}
 resize_image_path: /Users/nyanyacyan/Desktop/project_file/domain_search/installer/resultOutput/screenshot/Conoha Wing_jihnu241203_140320.png
 end_point: https://api.chatwork.com/v2
 url: https://api.chatwork.com/v2/rooms/379549769/files
 headers: {'X-ChatWorkToken': 'fb0410138ee1f4c493b1094f23e310cd'}
2024-12-03 14:04:26,274 - DEBUG - 送信成功
2024-12-03 14:04:32,581 - DEBUG - 
 img_MB_size: 0.19380950927734375
 max_mb_size: 5
2024-12-03 14:04:32,581 - DEBUG - 
 data: {'message': '\n    **Conoha Wing** に **jihnu.com** があることを確認できました！\n\n    詳細はスクリーンショットにてご確認ください。\n    '}
 resize_image_path: /Users/nyanyacyan/Desktop/project_file/domain_search/installer/resultOutput/screenshot/Conoha Wing_jihnu241203_140320.png
 end_point: https://api.chatwork.com/v2
 url: https://api.chatwork.com/v2/rooms/379549769/files
 headers: {'X-ChatWorkToken': 'fb0410138ee1f4c493b1094f23e310cd'}
2024-12-03 14:04:33,382 - DEBUG - 送信成功
2024-12-03 14:05:29,175 - DEBUG - 
 img_MB_size: 0.2106313705444336
 max_mb_size: 5
2024-12-03 14:05:29,177 - DEBUG - 
 data: {'message': '\n    **お名前.com** に **jihnu.com** があることを確認できました！\n\n    詳細はスクリーンショットにてご確認ください。\n    '}
 resize_image_path: /Users/nyanyacyan/Desktop/project_file/domain_search/installer/resultOutput/screenshot/お名前.com_jihnu241203_140320.png
 end_point: https://api.chatwork.com/v2
 url: https://api.chatwork.com/v2/rooms/379549769/files
 headers: {'X-ChatWorkToken': 'fb0410138ee1f4c493b1094f23e310cd'}
2024-12-03 14:05:30,055 - DEBUG - 送信成功
2024-12-03 14:06:04,800 - DEBUG - 
 img_MB_size: 0.2106313705444336
 max_mb_size: 5
2024-12-03 14:06:04,800 - DEBUG - 
 data: {'message': '\n    **お名前.com** に **jihnu.com** があることを確認できました！\n\n    詳細はスクリーンショットにてご確認ください。\n    '}
 resize_image_path: /Users/nyanyacyan/Desktop/project_file/domain_search/installer/resultOutput/screenshot/お名前.com_jihnu241203_140320.png
 end_point: https://api.chatwork.com/v2
 url: https://api.chatwork.com/v2/rooms/379549769/files
 headers: {'X-ChatWorkToken': 'fb0410138ee1f4c493b1094f23e310cd'}
2024-12-03 14:06:06,074 - DEBUG - 送信成功
