2024-12-03 01:09:28,537 - INFO - 【存在確認済】テキストファイルに追記の書き込み完了: /Users/nyanyacyan/Desktop/project_file/domain_search/installer/resultOutput/Xserver/False 検知履歴.txt
2024-12-03 01:09:38,318 - INFO - 【存在確認済】テキストファイルに追記の書き込み完了: /Users/nyanyacyan/Desktop/project_file/domain_search/installer/resultOutput/お名前.com/False 検知履歴.txt
2024-12-03 01:10:14,604 - INFO - 【存在確認済】テキストファイルに追記の書き込み完了: /Users/nyanyacyan/Desktop/project_file/domain_search/installer/resultOutput/Xserver/False 検知履歴.txt
2024-12-03 01:11:08,501 - INFO - 【存在確認済】テキストファイルに追記の書き込み完了: /Users/nyanyacyan/Desktop/project_file/domain_search/installer/resultOutput/お名前.com/False 検知履歴.txt
2024-12-03 01:17:20,216 - INFO - 【存在確認済】テキストファイルに追記の書き込み完了: /Users/nyanyacyan/Desktop/project_file/domain_search/installer/resultOutput/Xserver/False 検知履歴.txt
2024-12-03 01:24:29,964 - INFO - 【存在確認済】テキストファイルに追記の書き込み完了: /Users/nyanyacyan/Desktop/project_file/domain_search/installer/resultOutput/Xserver/False 検知履歴.txt
2024-12-03 01:38:14,643 - INFO - 【存在確認済】テキストファイルに追記の書き込み完了: /Users/nyanyacyan/Desktop/project_file/domain_search/installer/resultOutput/Xserver 実施履歴/False 検知履歴.txt
2024-12-03 01:38:50,503 - INFO - 【存在確認済】テキストファイルに追記の書き込み完了: /Users/nyanyacyan/Desktop/project_file/domain_search/installer/resultOutput/お名前.com 実施履歴/False 検知履歴.txt
2024-12-03 01:39:19,447 - INFO - 【存在確認済】テキストファイルに追記の書き込み完了: /Users/nyanyacyan/Desktop/project_file/domain_search/installer/resultOutput/Xserver 実施履歴/False 検知履歴.txt
2024-12-03 01:39:26,346 - INFO - 【存在確認済】テキストファイルに追記の書き込み完了: /Users/nyanyacyan/Desktop/project_file/domain_search/installer/resultOutput/お名前.com 実施履歴/False 検知履歴.txt
2024-12-03 01:40:12,752 - INFO - 【存在確認済】テキストファイルに追記の書き込み完了: /Users/nyanyacyan/Desktop/project_file/domain_search/installer/resultOutput/Xserver 実施履歴/False 検知履歴.txt
2024-12-03 01:40:21,404 - INFO - 【存在確認済】テキストファイルに追記の書き込み完了: /Users/nyanyacyan/Desktop/project_file/domain_search/installer/resultOutput/お名前.com 実施履歴/False 検知履歴.txt
2024-12-03 01:41:43,700 - INFO - 【存在確認済】テキストファイルに追記の書き込み完了: /Users/nyanyacyan/Desktop/project_file/domain_search/installer/resultOutput/Xserver 実施履歴/False 検知履歴.txt
2024-12-03 01:43:37,790 - INFO - 【存在確認済】テキストファイルに追記の書き込み完了: /Users/nyanyacyan/Desktop/project_file/domain_search/installer/resultOutput/Xserver 実施履歴/False 検知履歴.txt
2024-12-03 01:51:46,568 - INFO - 【存在確認済】テキストファイルに追記の書き込み完了: /Users/nyanyacyan/Desktop/project_file/domain_search/installer/resultOutput/Xserver 実施履歴/False 検知履歴.txt
2024-12-03 01:54:42,768 - INFO - 【存在確認済】テキストファイルに追記の書き込み完了: /Users/nyanyacyan/Desktop/project_file/domain_search/installer/resultOutput/Xserver 実施履歴/False 検知履歴.txt
2024-12-03 02:02:42,197 - INFO - 【存在確認済】テキストファイルに追記の書き込み完了: /Users/nyanyacyan/Desktop/project_file/domain_search/installer/resultOutput/Xserver 実施履歴/False 検知履歴.txt
2024-12-03 02:08:07,323 - INFO - 【存在確認済】テキストファイルに追記の書き込み完了: /Users/nyanyacyan/Desktop/project_file/domain_search/installer/resultOutput/Xserver 実施履歴/False 検知履歴.txt
2024-12-03 02:08:40,464 - INFO - 【存在確認済】テキストファイルに追記の書き込み完了: /Users/nyanyacyan/Desktop/project_file/domain_search/installer/resultOutput/Xserver 実施履歴/False 検知履歴.txt
2024-12-03 02:10:03,497 - INFO - 【存在確認済】テキストファイルに追記の書き込み完了: /Users/nyanyacyan/Desktop/project_file/domain_search/installer/resultOutput/お名前.com 実施履歴/False 検知履歴.txt
2024-12-03 02:15:17,623 - INFO - 【存在確認済】テキストファイルに追記の書き込み完了: /Users/nyanyacyan/Desktop/project_file/domain_search/installer/resultOutput/Xserver 実施履歴/False 検知履歴.txt
2024-12-03 04:53:20,275 - INFO - 【存在確認済】テキストファイルに追記の書き込み完了: /Users/nyanyacyan/Desktop/project_file/domain_search/installer/resultOutput/Xserver 実施履歴/False 検知履歴.txt
2024-12-03 04:53:34,750 - INFO - 【存在確認済】テキストファイルに追記の書き込み完了: /Users/nyanyacyan/Desktop/project_file/domain_search/installer/resultOutput/Xserver 実施履歴/False 検知履歴.txt
2024-12-03 04:53:53,720 - INFO - 【存在確認済】テキストファイルに追記の書き込み完了: /Users/nyanyacyan/Desktop/project_file/domain_search/installer/resultOutput/Xserver 実施履歴/False 検知履歴.txt
2024-12-03 04:54:05,744 - INFO - 【存在確認済】テキストファイルに追記の書き込み完了: /Users/nyanyacyan/Desktop/project_file/domain_search/installer/resultOutput/Xserver 実施履歴/True 検知履歴.txt
2024-12-03 04:54:37,496 - INFO - 【存在確認済】テキストファイルに追記の書き込み完了: /Users/nyanyacyan/Desktop/project_file/domain_search/installer/resultOutput/お名前.com 実施履歴/False 検知履歴.txt
2024-12-03 04:55:53,460 - INFO - 【存在確認済】テキストファイルに追記の書き込み完了: /Users/nyanyacyan/Desktop/project_file/domain_search/installer/resultOutput/Xserver 実施履歴/False 検知履歴.txt
2024-12-03 04:55:58,976 - INFO - 【存在確認済】テキストファイルに追記の書き込み完了: /Users/nyanyacyan/Desktop/project_file/domain_search/installer/resultOutput/Xserver 実施履歴/False 検知履歴.txt
2024-12-03 04:56:05,556 - INFO - 【存在確認済】テキストファイルに追記の書き込み完了: /Users/nyanyacyan/Desktop/project_file/domain_search/installer/resultOutput/Xserver 実施履歴/False 検知履歴.txt
2024-12-03 04:56:11,901 - INFO - 【存在確認済】テキストファイルに追記の書き込み完了: /Users/nyanyacyan/Desktop/project_file/domain_search/installer/resultOutput/Xserver 実施履歴/True 検知履歴.txt
2024-12-03 04:57:40,627 - INFO - 【存在確認済】テキストファイルに追記の書き込み完了: /Users/nyanyacyan/Desktop/project_file/domain_search/installer/resultOutput/Xserver 実施履歴/False 検知履歴.txt
2024-12-03 04:57:47,694 - INFO - 【存在確認済】テキストファイルに追記の書き込み完了: /Users/nyanyacyan/Desktop/project_file/domain_search/installer/resultOutput/お名前.com 実施履歴/False 検知履歴.txt
2024-12-03 04:58:01,500 - INFO - 【存在確認済】テキストファイルに追記の書き込み完了: /Users/nyanyacyan/Desktop/project_file/domain_search/installer/resultOutput/お名前.com 実施履歴/False 検知履歴.txt
2024-12-03 04:59:19,579 - INFO - 【存在確認済】テキストファイルに追記の書き込み完了: /Users/nyanyacyan/Desktop/project_file/domain_search/installer/resultOutput/お名前.com 実施履歴/False 検知履歴.txt
2024-12-03 04:59:23,136 - INFO - 【存在確認済】テキストファイルに追記の書き込み完了: /Users/nyanyacyan/Desktop/project_file/domain_search/installer/resultOutput/お名前.com 実施履歴/False 検知履歴.txt
2024-12-03 04:59:27,289 - INFO - 【存在確認済】テキストファイルに追記の書き込み完了: /Users/nyanyacyan/Desktop/project_file/domain_search/installer/resultOutput/お名前.com 実施履歴/False 検知履歴.txt
2024-12-03 05:01:23,955 - INFO - 【存在確認済】テキストファイルに追記の書き込み完了: /Users/nyanyacyan/Desktop/project_file/domain_search/installer/resultOutput/Xserver 実施履歴/False 検知履歴.txt
2024-12-03 05:01:29,512 - INFO - 【存在確認済】テキストファイルに追記の書き込み完了: /Users/nyanyacyan/Desktop/project_file/domain_search/installer/resultOutput/Xserver 実施履歴/False 検知履歴.txt
2024-12-03 05:01:35,894 - INFO - 【存在確認済】テキストファイルに追記の書き込み完了: /Users/nyanyacyan/Desktop/project_file/domain_search/installer/resultOutput/Xserver 実施履歴/False 検知履歴.txt
2024-12-03 05:01:42,160 - INFO - 【存在確認済】テキストファイルに追記の書き込み完了: /Users/nyanyacyan/Desktop/project_file/domain_search/installer/resultOutput/Xserver 実施履歴/True 検知履歴.txt
2024-12-03 05:01:48,529 - INFO - 【存在確認済】テキストファイルに追記の書き込み完了: /Users/nyanyacyan/Desktop/project_file/domain_search/installer/resultOutput/Xserver 実施履歴/False 検知履歴.txt
2024-12-03 05:01:55,530 - INFO - 【存在確認済】テキストファイルに追記の書き込み完了: /Users/nyanyacyan/Desktop/project_file/domain_search/installer/resultOutput/お名前.com 実施履歴/False 検知履歴.txt
2024-12-03 05:01:59,830 - INFO - 【存在確認済】テキストファイルに追記の書き込み完了: /Users/nyanyacyan/Desktop/project_file/domain_search/installer/resultOutput/お名前.com 実施履歴/False 検知履歴.txt
2024-12-03 05:02:03,082 - INFO - 【存在確認済】テキストファイルに追記の書き込み完了: /Users/nyanyacyan/Desktop/project_file/domain_search/installer/resultOutput/お名前.com 実施履歴/False 検知履歴.txt
2024-12-03 05:02:06,723 - INFO - 【存在確認済】テキストファイルに追記の書き込み完了: /Users/nyanyacyan/Desktop/project_file/domain_search/installer/resultOutput/お名前.com 実施履歴/False 検知履歴.txt
2024-12-03 05:02:09,944 - INFO - 【存在確認済】テキストファイルに追記の書き込み完了: /Users/nyanyacyan/Desktop/project_file/domain_search/installer/resultOutput/お名前.com 実施履歴/False 検知履歴.txt
2024-12-03 05:13:06,059 - INFO - 【存在確認済】テキストファイルに追記の書き込み完了: /Users/nyanyacyan/Desktop/project_file/domain_search/installer/resultOutput/Xserver 実施履歴/False 検知履歴.txt
2024-12-03 05:13:11,701 - INFO - 【存在確認済】テキストファイルに追記の書き込み完了: /Users/nyanyacyan/Desktop/project_file/domain_search/installer/resultOutput/Xserver 実施履歴/False 検知履歴.txt
2024-12-03 05:13:17,867 - INFO - 【存在確認済】テキストファイルに追記の書き込み完了: /Users/nyanyacyan/Desktop/project_file/domain_search/installer/resultOutput/Xserver 実施履歴/False 検知履歴.txt
2024-12-03 05:13:23,950 - INFO - 【存在確認済】テキストファイルに追記の書き込み完了: /Users/nyanyacyan/Desktop/project_file/domain_search/installer/resultOutput/Xserver 実施履歴/True 検知履歴.txt
2024-12-03 05:13:30,245 - INFO - 【存在確認済】テキストファイルに追記の書き込み完了: /Users/nyanyacyan/Desktop/project_file/domain_search/installer/resultOutput/Xserver 実施履歴/False 検知履歴.txt
2024-12-03 05:13:37,767 - INFO - 【存在確認済】テキストファイルに追記の書き込み完了: /Users/nyanyacyan/Desktop/project_file/domain_search/installer/resultOutput/Conoha Wing 実施履歴/False 検知履歴.txt
2024-12-03 05:13:50,255 - INFO - 【存在確認済】テキストファイルに追記の書き込み完了: /Users/nyanyacyan/Desktop/project_file/domain_search/installer/resultOutput/お名前.com 実施履歴/False 検知履歴.txt
2024-12-03 05:13:54,847 - INFO - 【存在確認済】テキストファイルに追記の書き込み完了: /Users/nyanyacyan/Desktop/project_file/domain_search/installer/resultOutput/お名前.com 実施履歴/False 検知履歴.txt
2024-12-03 05:13:58,115 - INFO - 【存在確認済】テキストファイルに追記の書き込み完了: /Users/nyanyacyan/Desktop/project_file/domain_search/installer/resultOutput/お名前.com 実施履歴/False 検知履歴.txt
2024-12-03 05:14:02,253 - INFO - 【存在確認済】テキストファイルに追記の書き込み完了: /Users/nyanyacyan/Desktop/project_file/domain_search/installer/resultOutput/お名前.com 実施履歴/False 検知履歴.txt
2024-12-03 05:14:05,818 - INFO - 【存在確認済】テキストファイルに追記の書き込み完了: /Users/nyanyacyan/Desktop/project_file/domain_search/installer/resultOutput/お名前.com 実施履歴/False 検知履歴.txt
2024-12-03 05:15:07,586 - INFO - 【存在確認済】テキストファイルに追記の書き込み完了: /Users/nyanyacyan/Desktop/project_file/domain_search/installer/resultOutput/Xserver 実施履歴/False 検知履歴.txt
2024-12-03 05:15:13,390 - INFO - 【存在確認済】テキストファイルに追記の書き込み完了: /Users/nyanyacyan/Desktop/project_file/domain_search/installer/resultOutput/Xserver 実施履歴/False 検知履歴.txt
2024-12-03 05:15:19,632 - INFO - 【存在確認済】テキストファイルに追記の書き込み完了: /Users/nyanyacyan/Desktop/project_file/domain_search/installer/resultOutput/Xserver 実施履歴/False 検知履歴.txt
2024-12-03 05:15:26,176 - INFO - 【存在確認済】テキストファイルに追記の書き込み完了: /Users/nyanyacyan/Desktop/project_file/domain_search/installer/resultOutput/Xserver 実施履歴/True 検知履歴.txt
2024-12-03 05:15:32,331 - INFO - 【存在確認済】テキストファイルに追記の書き込み完了: /Users/nyanyacyan/Desktop/project_file/domain_search/installer/resultOutput/Xserver 実施履歴/False 検知履歴.txt
2024-12-03 05:15:38,743 - INFO - 【存在確認済】テキストファイルに追記の書き込み完了: /Users/nyanyacyan/Desktop/project_file/domain_search/installer/resultOutput/Conoha Wing 実施履歴/False 検知履歴.txt
2024-12-03 05:15:43,296 - INFO - 【存在確認済】テキストファイルに追記の書き込み完了: /Users/nyanyacyan/Desktop/project_file/domain_search/installer/resultOutput/Conoha Wing 実施履歴/False 検知履歴.txt
2024-12-03 05:15:47,625 - INFO - 【存在確認済】テキストファイルに追記の書き込み完了: /Users/nyanyacyan/Desktop/project_file/domain_search/installer/resultOutput/Conoha Wing 実施履歴/False 検知履歴.txt
2024-12-03 05:15:52,955 - INFO - 【存在確認済】テキストファイルに追記の書き込み完了: /Users/nyanyacyan/Desktop/project_file/domain_search/installer/resultOutput/Conoha Wing 実施履歴/False 検知履歴.txt
2024-12-03 05:15:58,327 - INFO - 【存在確認済】テキストファイルに追記の書き込み完了: /Users/nyanyacyan/Desktop/project_file/domain_search/installer/resultOutput/Conoha Wing 実施履歴/False 検知履歴.txt
2024-12-03 05:16:03,531 - INFO - 【存在確認済】テキストファイルに追記の書き込み完了: /Users/nyanyacyan/Desktop/project_file/domain_search/installer/resultOutput/お名前.com 実施履歴/False 検知履歴.txt
2024-12-03 05:16:08,583 - INFO - 【存在確認済】テキストファイルに追記の書き込み完了: /Users/nyanyacyan/Desktop/project_file/domain_search/installer/resultOutput/お名前.com 実施履歴/False 検知履歴.txt
2024-12-03 05:16:12,893 - INFO - 【存在確認済】テキストファイルに追記の書き込み完了: /Users/nyanyacyan/Desktop/project_file/domain_search/installer/resultOutput/お名前.com 実施履歴/False 検知履歴.txt
2024-12-03 05:16:16,739 - INFO - 【存在確認済】テキストファイルに追記の書き込み完了: /Users/nyanyacyan/Desktop/project_file/domain_search/installer/resultOutput/お名前.com 実施履歴/False 検知履歴.txt
2024-12-03 05:16:20,502 - INFO - 【存在確認済】テキストファイルに追記の書き込み完了: /Users/nyanyacyan/Desktop/project_file/domain_search/installer/resultOutput/お名前.com 実施履歴/False 検知履歴.txt
2024-12-03 05:23:33,348 - INFO - 【存在確認済】テキストファイルに追記の書き込み完了: /Users/nyanyacyan/Desktop/project_file/domain_search/installer/resultOutput/Xserver 実施履歴/False 検知履歴.txt
2024-12-03 05:23:39,628 - INFO - 【存在確認済】テキストファイルに追記の書き込み完了: /Users/nyanyacyan/Desktop/project_file/domain_search/installer/resultOutput/Xserver 実施履歴/False 検知履歴.txt
2024-12-03 05:23:45,032 - INFO - 【存在確認済】テキストファイルに追記の書き込み完了: /Users/nyanyacyan/Desktop/project_file/domain_search/installer/resultOutput/Xserver 実施履歴/False 検知履歴.txt
2024-12-03 05:23:49,812 - INFO - 【存在確認済】テキストファイルに追記の書き込み完了: /Users/nyanyacyan/Desktop/project_file/domain_search/installer/resultOutput/Xserver 実施履歴/False 検知履歴.txt
2024-12-03 05:23:53,558 - INFO - 【存在確認済】テキストファイルに追記の書き込み完了: /Users/nyanyacyan/Desktop/project_file/domain_search/installer/resultOutput/Xserver 実施履歴/False 検知履歴.txt
2024-12-03 05:24:04,026 - INFO - 【存在確認済】テキストファイルに追記の書き込み完了: /Users/nyanyacyan/Desktop/project_file/domain_search/installer/resultOutput/Conoha Wing 実施履歴/False 検知履歴.txt
2024-12-03 05:26:50,281 - INFO - 【存在確認済】テキストファイルに追記の書き込み完了: /Users/nyanyacyan/Desktop/project_file/domain_search/installer/resultOutput/Xserver 実施履歴/False 検知履歴.txt
2024-12-03 05:26:54,150 - INFO - 【存在確認済】テキストファイルに追記の書き込み完了: /Users/nyanyacyan/Desktop/project_file/domain_search/installer/resultOutput/Xserver 実施履歴/False 検知履歴.txt
2024-12-03 05:27:07,444 - INFO - 【存在確認済】テキストファイルに追記の書き込み完了: /Users/nyanyacyan/Desktop/project_file/domain_search/installer/resultOutput/Xserver 実施履歴/False 検知履歴.txt
2024-12-03 05:27:13,222 - INFO - 【存在確認済】テキストファイルに追記の書き込み完了: /Users/nyanyacyan/Desktop/project_file/domain_search/installer/resultOutput/Xserver 実施履歴/False 検知履歴.txt
2024-12-03 05:27:25,768 - INFO - 【存在確認済】テキストファイルに追記の書き込み完了: /Users/nyanyacyan/Desktop/project_file/domain_search/installer/resultOutput/Xserver 実施履歴/False 検知履歴.txt
2024-12-03 05:28:32,356 - INFO - 【存在確認済】テキストファイルに追記の書き込み完了: /Users/nyanyacyan/Desktop/project_file/domain_search/installer/resultOutput/Conoha Wing 実施履歴/False 検知履歴.txt
2024-12-03 05:28:41,781 - INFO - 【存在確認済】テキストファイルに追記の書き込み完了: /Users/nyanyacyan/Desktop/project_file/domain_search/installer/resultOutput/Conoha Wing 実施履歴/False 検知履歴.txt
2024-12-03 05:28:50,653 - INFO - 【存在確認済】テキストファイルに追記の書き込み完了: /Users/nyanyacyan/Desktop/project_file/domain_search/installer/resultOutput/Conoha Wing 実施履歴/False 検知履歴.txt
2024-12-03 05:28:59,763 - INFO - 【存在確認済】テキストファイルに追記の書き込み完了: /Users/nyanyacyan/Desktop/project_file/domain_search/installer/resultOutput/Conoha Wing 実施履歴/False 検知履歴.txt
2024-12-03 05:29:07,919 - INFO - 【存在確認済】テキストファイルに追記の書き込み完了: /Users/nyanyacyan/Desktop/project_file/domain_search/installer/resultOutput/Conoha Wing 実施履歴/False 検知履歴.txt
2024-12-03 05:29:28,675 - INFO - 【存在確認済】テキストファイルに追記の書き込み完了: /Users/nyanyacyan/Desktop/project_file/domain_search/installer/resultOutput/お名前.com 実施履歴/False 検知履歴.txt
2024-12-03 05:29:42,781 - INFO - 【存在確認済】テキストファイルに追記の書き込み完了: /Users/nyanyacyan/Desktop/project_file/domain_search/installer/resultOutput/お名前.com 実施履歴/False 検知履歴.txt
2024-12-03 05:31:00,965 - INFO - 【存在確認済】テキストファイルに追記の書き込み完了: /Users/nyanyacyan/Desktop/project_file/domain_search/installer/resultOutput/お名前.com 実施履歴/False 検知履歴.txt
2024-12-03 05:31:05,678 - INFO - 【存在確認済】テキストファイルに追記の書き込み完了: /Users/nyanyacyan/Desktop/project_file/domain_search/installer/resultOutput/お名前.com 実施履歴/False 検知履歴.txt
2024-12-03 05:31:09,083 - INFO - 【存在確認済】テキストファイルに追記の書き込み完了: /Users/nyanyacyan/Desktop/project_file/domain_search/installer/resultOutput/お名前.com 実施履歴/False 検知履歴.txt
2024-12-03 05:39:17,449 - INFO - 【存在確認済】テキストファイルに追記の書き込み完了: /Users/nyanyacyan/Desktop/project_file/domain_search/installer/resultOutput/Xserver 実施履歴/False 検知履歴.txt
2024-12-03 05:39:25,117 - INFO - 【存在確認済】テキストファイルに追記の書き込み完了: /Users/nyanyacyan/Desktop/project_file/domain_search/installer/resultOutput/Xserver 実施履歴/False 検知履歴.txt
2024-12-03 05:39:29,166 - INFO - 【存在確認済】テキストファイルに追記の書き込み完了: /Users/nyanyacyan/Desktop/project_file/domain_search/installer/resultOutput/Xserver 実施履歴/False 検知履歴.txt
2024-12-03 05:39:42,200 - INFO - 【存在確認済】テキストファイルに追記の書き込み完了: /Users/nyanyacyan/Desktop/project_file/domain_search/installer/resultOutput/Xserver 実施履歴/False 検知履歴.txt
2024-12-03 05:39:47,633 - INFO - 【存在確認済】テキストファイルに追記の書き込み完了: /Users/nyanyacyan/Desktop/project_file/domain_search/installer/resultOutput/Xserver 実施履歴/False 検知履歴.txt
2024-12-03 05:42:13,701 - INFO - 【存在確認済】テキストファイルに追記の書き込み完了: /Users/nyanyacyan/Desktop/project_file/domain_search/installer/resultOutput/Xserver 実施履歴/False 検知履歴.txt
2024-12-03 05:42:21,947 - INFO - 【存在確認済】テキストファイルに追記の書き込み完了: /Users/nyanyacyan/Desktop/project_file/domain_search/installer/resultOutput/Xserver 実施履歴/False 検知履歴.txt
2024-12-03 05:42:29,131 - INFO - 【存在確認済】テキストファイルに追記の書き込み完了: /Users/nyanyacyan/Desktop/project_file/domain_search/installer/resultOutput/Xserver 実施履歴/False 検知履歴.txt
2024-12-03 05:42:35,882 - INFO - 【存在確認済】テキストファイルに追記の書き込み完了: /Users/nyanyacyan/Desktop/project_file/domain_search/installer/resultOutput/Xserver 実施履歴/False 検知履歴.txt
2024-12-03 05:42:42,295 - INFO - 【存在確認済】テキストファイルに追記の書き込み完了: /Users/nyanyacyan/Desktop/project_file/domain_search/installer/resultOutput/Xserver 実施履歴/False 検知履歴.txt
2024-12-03 05:42:57,981 - INFO - 【存在確認済】テキストファイルに追記の書き込み完了: /Users/nyanyacyan/Desktop/project_file/domain_search/installer/resultOutput/Conoha Wing 実施履歴/False 検知履歴.txt
2024-12-03 05:43:08,262 - INFO - 【存在確認済】テキストファイルに追記の書き込み完了: /Users/nyanyacyan/Desktop/project_file/domain_search/installer/resultOutput/Conoha Wing 実施履歴/False 検知履歴.txt
2024-12-03 05:43:17,130 - INFO - 【存在確認済】テキストファイルに追記の書き込み完了: /Users/nyanyacyan/Desktop/project_file/domain_search/installer/resultOutput/Conoha Wing 実施履歴/False 検知履歴.txt
2024-12-03 05:45:11,988 - INFO - 【存在確認済】テキストファイルに追記の書き込み完了: /Users/nyanyacyan/Desktop/project_file/domain_search/installer/resultOutput/Conoha Wing 実施履歴/True 検知履歴.txt
2024-12-03 05:45:47,070 - INFO - 【存在確認済】テキストファイルに追記の書き込み完了: /Users/nyanyacyan/Desktop/project_file/domain_search/installer/resultOutput/Conoha Wing 実施履歴/False 検知履歴.txt
2024-12-03 05:45:51,828 - INFO - 【存在確認済】テキストファイルに追記の書き込み完了: /Users/nyanyacyan/Desktop/project_file/domain_search/installer/resultOutput/お名前.com 実施履歴/False 検知履歴.txt
2024-12-03 05:45:55,989 - INFO - 【存在確認済】テキストファイルに追記の書き込み完了: /Users/nyanyacyan/Desktop/project_file/domain_search/installer/resultOutput/お名前.com 実施履歴/False 検知履歴.txt
2024-12-03 05:45:58,952 - INFO - 【存在確認済】テキストファイルに追記の書き込み完了: /Users/nyanyacyan/Desktop/project_file/domain_search/installer/resultOutput/お名前.com 実施履歴/False 検知履歴.txt
2024-12-03 05:47:16,903 - INFO - 【存在確認済】テキストファイルに追記の書き込み完了: /Users/nyanyacyan/Desktop/project_file/domain_search/installer/resultOutput/お名前.com 実施履歴/False 検知履歴.txt
2024-12-03 05:47:20,672 - INFO - 【存在確認済】テキストファイルに追記の書き込み完了: /Users/nyanyacyan/Desktop/project_file/domain_search/installer/resultOutput/お名前.com 実施履歴/False 検知履歴.txt
2024-12-03 05:48:47,455 - INFO - 【存在確認済】テキストファイルに追記の書き込み完了: /Users/nyanyacyan/Desktop/project_file/domain_search/installer/resultOutput/Xserver 実施履歴/False 検知履歴.txt
2024-12-03 05:48:50,247 - INFO - 【存在確認済】テキストファイルに追記の書き込み完了: /Users/nyanyacyan/Desktop/project_file/domain_search/installer/resultOutput/Xserver 実施履歴/False 検知履歴.txt
2024-12-03 05:48:52,697 - INFO - 【存在確認済】テキストファイルに追記の書き込み完了: /Users/nyanyacyan/Desktop/project_file/domain_search/installer/resultOutput/Xserver 実施履歴/False 検知履歴.txt
2024-12-03 05:48:55,062 - INFO - 【存在確認済】テキストファイルに追記の書き込み完了: /Users/nyanyacyan/Desktop/project_file/domain_search/installer/resultOutput/Xserver 実施履歴/False 検知履歴.txt
2024-12-03 05:48:57,393 - INFO - 【存在確認済】テキストファイルに追記の書き込み完了: /Users/nyanyacyan/Desktop/project_file/domain_search/installer/resultOutput/Xserver 実施履歴/False 検知履歴.txt
2024-12-03 05:49:05,238 - INFO - 【存在確認済】テキストファイルに追記の書き込み完了: /Users/nyanyacyan/Desktop/project_file/domain_search/installer/resultOutput/Conoha Wing 実施履歴/False 検知履歴.txt
2024-12-03 05:56:28,418 - INFO - 【存在確認済】テキストファイルに追記の書き込み完了: /Users/nyanyacyan/Desktop/project_file/domain_search/installer/resultOutput/Xserver 実施履歴/False 検知履歴.txt
2024-12-03 05:56:35,968 - INFO - 【存在確認済】テキストファイルに追記の書き込み完了: /Users/nyanyacyan/Desktop/project_file/domain_search/installer/resultOutput/Xserver 実施履歴/False 検知履歴.txt
2024-12-03 05:56:48,283 - INFO - 【存在確認済】テキストファイルに追記の書き込み完了: /Users/nyanyacyan/Desktop/project_file/domain_search/installer/resultOutput/Xserver 実施履歴/False 検知履歴.txt
2024-12-03 05:56:53,868 - INFO - 【存在確認済】テキストファイルに追記の書き込み完了: /Users/nyanyacyan/Desktop/project_file/domain_search/installer/resultOutput/Xserver 実施履歴/False 検知履歴.txt
2024-12-03 05:56:57,898 - INFO - 【存在確認済】テキストファイルに追記の書き込み完了: /Users/nyanyacyan/Desktop/project_file/domain_search/installer/resultOutput/Xserver 実施履歴/False 検知履歴.txt
2024-12-03 06:03:07,281 - INFO - 【存在確認済】テキストファイルに追記の書き込み完了: /Users/nyanyacyan/Desktop/project_file/domain_search/installer/resultOutput/Xserver 実施履歴/False 検知履歴.txt
2024-12-03 06:03:13,566 - INFO - 【存在確認済】テキストファイルに追記の書き込み完了: /Users/nyanyacyan/Desktop/project_file/domain_search/installer/resultOutput/Xserver 実施履歴/False 検知履歴.txt
2024-12-03 06:03:22,298 - INFO - 【存在確認済】テキストファイルに追記の書き込み完了: /Users/nyanyacyan/Desktop/project_file/domain_search/installer/resultOutput/Xserver 実施履歴/False 検知履歴.txt
2024-12-03 06:03:25,948 - INFO - 【存在確認済】テキストファイルに追記の書き込み完了: /Users/nyanyacyan/Desktop/project_file/domain_search/installer/resultOutput/Xserver 実施履歴/False 検知履歴.txt
2024-12-03 06:03:31,280 - INFO - 【存在確認済】テキストファイルに追記の書き込み完了: /Users/nyanyacyan/Desktop/project_file/domain_search/installer/resultOutput/Xserver 実施履歴/False 検知履歴.txt
2024-12-03 06:05:01,657 - INFO - 【存在確認済】テキストファイルに追記の書き込み完了: /Users/nyanyacyan/Desktop/project_file/domain_search/installer/resultOutput/Conoha Wing 実施履歴/False 検知履歴.txt
2024-12-03 06:05:14,141 - INFO - 【存在確認済】テキストファイルに追記の書き込み完了: /Users/nyanyacyan/Desktop/project_file/domain_search/installer/resultOutput/Conoha Wing 実施履歴/False 検知履歴.txt
2024-12-03 06:05:17,666 - INFO - 【存在確認済】テキストファイルに追記の書き込み完了: /Users/nyanyacyan/Desktop/project_file/domain_search/installer/resultOutput/Conoha Wing 実施履歴/False 検知履歴.txt
2024-12-03 06:05:21,334 - INFO - 【存在確認済】テキストファイルに追記の書き込み完了: /Users/nyanyacyan/Desktop/project_file/domain_search/installer/resultOutput/Conoha Wing 実施履歴/False 検知履歴.txt
2024-12-03 06:05:24,738 - INFO - 【存在確認済】テキストファイルに追記の書き込み完了: /Users/nyanyacyan/Desktop/project_file/domain_search/installer/resultOutput/Conoha Wing 実施履歴/False 検知履歴.txt
2024-12-03 06:05:28,638 - INFO - 【存在確認済】テキストファイルに追記の書き込み完了: /Users/nyanyacyan/Desktop/project_file/domain_search/installer/resultOutput/お名前.com 実施履歴/False 検知履歴.txt
2024-12-03 06:05:32,972 - INFO - 【存在確認済】テキストファイルに追記の書き込み完了: /Users/nyanyacyan/Desktop/project_file/domain_search/installer/resultOutput/お名前.com 実施履歴/False 検知履歴.txt
2024-12-03 06:05:36,496 - INFO - 【存在確認済】テキストファイルに追記の書き込み完了: /Users/nyanyacyan/Desktop/project_file/domain_search/installer/resultOutput/お名前.com 実施履歴/False 検知履歴.txt
2024-12-03 06:06:54,313 - INFO - 【存在確認済】テキストファイルに追記の書き込み完了: /Users/nyanyacyan/Desktop/project_file/domain_search/installer/resultOutput/お名前.com 実施履歴/False 検知履歴.txt
2024-12-03 06:06:58,034 - INFO - 【存在確認済】テキストファイルに追記の書き込み完了: /Users/nyanyacyan/Desktop/project_file/domain_search/installer/resultOutput/お名前.com 実施履歴/False 検知履歴.txt
2024-12-03 06:08:47,113 - INFO - 【存在確認済】テキストファイルに追記の書き込み完了: /Users/nyanyacyan/Desktop/project_file/domain_search/installer/resultOutput/Xserver 実施履歴/False 検知履歴.txt
2024-12-03 06:08:54,816 - INFO - 【存在確認済】テキストファイルに追記の書き込み完了: /Users/nyanyacyan/Desktop/project_file/domain_search/installer/resultOutput/Xserver 実施履歴/False 検知履歴.txt
2024-12-03 06:09:00,083 - INFO - 【存在確認済】テキストファイルに追記の書き込み完了: /Users/nyanyacyan/Desktop/project_file/domain_search/installer/resultOutput/Xserver 実施履歴/False 検知履歴.txt
2024-12-03 06:09:04,648 - INFO - 【存在確認済】テキストファイルに追記の書き込み完了: /Users/nyanyacyan/Desktop/project_file/domain_search/installer/resultOutput/Xserver 実施履歴/False 検知履歴.txt
2024-12-03 06:09:12,550 - INFO - 【存在確認済】テキストファイルに追記の書き込み完了: /Users/nyanyacyan/Desktop/project_file/domain_search/installer/resultOutput/Xserver 実施履歴/False 検知履歴.txt
2024-12-03 06:09:22,232 - INFO - 【存在確認済】テキストファイルに追記の書き込み完了: /Users/nyanyacyan/Desktop/project_file/domain_search/installer/resultOutput/Conoha Wing 実施履歴/False 検知履歴.txt
2024-12-03 06:09:33,386 - INFO - 【存在確認済】テキストファイルに追記の書き込み完了: /Users/nyanyacyan/Desktop/project_file/domain_search/installer/resultOutput/Conoha Wing 実施履歴/False 検知履歴.txt
2024-12-03 06:09:42,263 - INFO - 【存在確認済】テキストファイルに追記の書き込み完了: /Users/nyanyacyan/Desktop/project_file/domain_search/installer/resultOutput/Conoha Wing 実施履歴/False 検知履歴.txt
2024-12-03 06:09:49,361 - INFO - 【存在確認済】テキストファイルに追記の書き込み完了: /Users/nyanyacyan/Desktop/project_file/domain_search/installer/resultOutput/Conoha Wing 実施履歴/False 検知履歴.txt
2024-12-03 06:10:02,681 - INFO - 【存在確認済】テキストファイルに追記の書き込み完了: /Users/nyanyacyan/Desktop/project_file/domain_search/installer/resultOutput/Conoha Wing 実施履歴/False 検知履歴.txt
2024-12-03 06:14:03,964 - INFO - 【存在確認済】テキストファイルに追記の書き込み完了: /Users/nyanyacyan/Desktop/project_file/domain_search/installer/resultOutput/お名前.com 実施履歴/False 検知履歴.txt
2024-12-03 06:17:55,365 - INFO - 【存在確認済】テキストファイルに追記の書き込み完了: /Users/nyanyacyan/Desktop/project_file/domain_search/installer/resultOutput/お名前.com 実施履歴/False 検知履歴.txt
2024-12-03 06:18:42,681 - INFO - 【存在確認済】テキストファイルに追記の書き込み完了: /Users/nyanyacyan/Desktop/project_file/domain_search/installer/resultOutput/お名前.com 実施履歴/False 検知履歴.txt
2024-12-03 06:19:01,664 - INFO - 【存在確認済】テキストファイルに追記の書き込み完了: /Users/nyanyacyan/Desktop/project_file/domain_search/installer/resultOutput/お名前.com 実施履歴/False 検知履歴.txt
2024-12-03 06:19:26,973 - INFO - 【存在確認済】テキストファイルに追記の書き込み完了: /Users/nyanyacyan/Desktop/project_file/domain_search/installer/resultOutput/お名前.com 実施履歴/False 検知履歴.txt
2024-12-03 06:20:43,280 - INFO - 【存在確認済】テキストファイルに追記の書き込み完了: /Users/nyanyacyan/Desktop/project_file/domain_search/installer/resultOutput/Xserver 実施履歴/False 検知履歴.txt
2024-12-03 06:20:45,793 - INFO - 【存在確認済】テキストファイルに追記の書き込み完了: /Users/nyanyacyan/Desktop/project_file/domain_search/installer/resultOutput/Xserver 実施履歴/False 検知履歴.txt
2024-12-03 06:20:48,205 - INFO - 【存在確認済】テキストファイルに追記の書き込み完了: /Users/nyanyacyan/Desktop/project_file/domain_search/installer/resultOutput/Xserver 実施履歴/False 検知履歴.txt
2024-12-03 06:20:51,124 - INFO - 【存在確認済】テキストファイルに追記の書き込み完了: /Users/nyanyacyan/Desktop/project_file/domain_search/installer/resultOutput/Xserver 実施履歴/False 検知履歴.txt
2024-12-03 06:20:53,475 - INFO - 【存在確認済】テキストファイルに追記の書き込み完了: /Users/nyanyacyan/Desktop/project_file/domain_search/installer/resultOutput/Xserver 実施履歴/False 検知履歴.txt
2024-12-03 06:21:01,260 - INFO - 【存在確認済】テキストファイルに追記の書き込み完了: /Users/nyanyacyan/Desktop/project_file/domain_search/installer/resultOutput/Conoha Wing 実施履歴/False 検知履歴.txt
2024-12-03 06:21:05,053 - INFO - 【存在確認済】テキストファイルに追記の書き込み完了: /Users/nyanyacyan/Desktop/project_file/domain_search/installer/resultOutput/Conoha Wing 実施履歴/False 検知履歴.txt
2024-12-03 06:21:09,724 - INFO - 【存在確認済】テキストファイルに追記の書き込み完了: /Users/nyanyacyan/Desktop/project_file/domain_search/installer/resultOutput/Conoha Wing 実施履歴/False 検知履歴.txt
2024-12-03 06:21:14,454 - INFO - 【存在確認済】テキストファイルに追記の書き込み完了: /Users/nyanyacyan/Desktop/project_file/domain_search/installer/resultOutput/Conoha Wing 実施履歴/False 検知履歴.txt
2024-12-03 06:21:17,830 - INFO - 【存在確認済】テキストファイルに追記の書き込み完了: /Users/nyanyacyan/Desktop/project_file/domain_search/installer/resultOutput/Conoha Wing 実施履歴/False 検知履歴.txt
2024-12-03 06:21:22,309 - INFO - 【存在確認済】テキストファイルに追記の書き込み完了: /Users/nyanyacyan/Desktop/project_file/domain_search/installer/resultOutput/お名前.com 実施履歴/False 検知履歴.txt
2024-12-03 06:21:26,666 - INFO - 【存在確認済】テキストファイルに追記の書き込み完了: /Users/nyanyacyan/Desktop/project_file/domain_search/installer/resultOutput/お名前.com 実施履歴/False 検知履歴.txt
2024-12-03 06:21:30,144 - INFO - 【存在確認済】テキストファイルに追記の書き込み完了: /Users/nyanyacyan/Desktop/project_file/domain_search/installer/resultOutput/お名前.com 実施履歴/False 検知履歴.txt
2024-12-03 06:21:33,321 - INFO - 【存在確認済】テキストファイルに追記の書き込み完了: /Users/nyanyacyan/Desktop/project_file/domain_search/installer/resultOutput/お名前.com 実施履歴/False 検知履歴.txt
2024-12-03 06:21:36,658 - INFO - 【存在確認済】テキストファイルに追記の書き込み完了: /Users/nyanyacyan/Desktop/project_file/domain_search/installer/resultOutput/お名前.com 実施履歴/False 検知履歴.txt
2024-12-03 06:33:00,850 - INFO - 【存在確認済】テキストファイルに追記の書き込み完了: /Users/nyanyacyan/Desktop/project_file/domain_search/installer/resultOutput/Xserver 実施履歴/False 検知履歴.txt
2024-12-03 06:33:02,863 - INFO - 【存在確認済】テキストファイルに追記の書き込み完了: /Users/nyanyacyan/Desktop/project_file/domain_search/installer/resultOutput/Xserver 実施履歴/False 検知履歴.txt
2024-12-03 06:33:04,391 - INFO - 【存在確認済】テキストファイルに追記の書き込み完了: /Users/nyanyacyan/Desktop/project_file/domain_search/installer/resultOutput/Xserver 実施履歴/False 検知履歴.txt
2024-12-03 06:33:06,023 - INFO - 【存在確認済】テキストファイルに追記の書き込み完了: /Users/nyanyacyan/Desktop/project_file/domain_search/installer/resultOutput/Xserver 実施履歴/False 検知履歴.txt
2024-12-03 06:33:07,714 - INFO - 【存在確認済】テキストファイルに追記の書き込み完了: /Users/nyanyacyan/Desktop/project_file/domain_search/installer/resultOutput/Xserver 実施履歴/False 検知履歴.txt
2024-12-03 06:33:14,316 - INFO - 【存在確認済】テキストファイルに追記の書き込み完了: /Users/nyanyacyan/Desktop/project_file/domain_search/installer/resultOutput/Conoha Wing 実施履歴/False 検知履歴.txt
2024-12-03 06:33:18,053 - INFO - 【存在確認済】テキストファイルに追記の書き込み完了: /Users/nyanyacyan/Desktop/project_file/domain_search/installer/resultOutput/Conoha Wing 実施履歴/False 検知履歴.txt
2024-12-03 06:33:22,765 - INFO - 【存在確認済】テキストファイルに追記の書き込み完了: /Users/nyanyacyan/Desktop/project_file/domain_search/installer/resultOutput/Conoha Wing 実施履歴/False 検知履歴.txt
2024-12-03 06:33:27,193 - INFO - 【存在確認済】テキストファイルに追記の書き込み完了: /Users/nyanyacyan/Desktop/project_file/domain_search/installer/resultOutput/Conoha Wing 実施履歴/False 検知履歴.txt
2024-12-03 06:33:30,628 - INFO - 【存在確認済】テキストファイルに追記の書き込み完了: /Users/nyanyacyan/Desktop/project_file/domain_search/installer/resultOutput/Conoha Wing 実施履歴/False 検知履歴.txt
2024-12-03 06:41:06,920 - INFO - 【存在確認済】テキストファイルに追記の書き込み完了: /Users/nyanyacyan/Desktop/project_file/domain_search/installer/resultOutput/Xserver 実施履歴/False 検知履歴.txt
2024-12-03 06:41:08,738 - INFO - 【存在確認済】テキストファイルに追記の書き込み完了: /Users/nyanyacyan/Desktop/project_file/domain_search/installer/resultOutput/Xserver 実施履歴/False 検知履歴.txt
2024-12-03 06:41:10,792 - INFO - 【存在確認済】テキストファイルに追記の書き込み完了: /Users/nyanyacyan/Desktop/project_file/domain_search/installer/resultOutput/Xserver 実施履歴/False 検知履歴.txt
2024-12-03 06:41:12,821 - INFO - 【存在確認済】テキストファイルに追記の書き込み完了: /Users/nyanyacyan/Desktop/project_file/domain_search/installer/resultOutput/Xserver 実施履歴/False 検知履歴.txt
2024-12-03 06:41:14,823 - INFO - 【存在確認済】テキストファイルに追記の書き込み完了: /Users/nyanyacyan/Desktop/project_file/domain_search/installer/resultOutput/Xserver 実施履歴/False 検知履歴.txt
2024-12-03 06:41:20,911 - INFO - 【存在確認済】テキストファイルに追記の書き込み完了: /Users/nyanyacyan/Desktop/project_file/domain_search/installer/resultOutput/Conoha Wing 実施履歴/False 検知履歴.txt
2024-12-03 06:41:24,352 - INFO - 【存在確認済】テキストファイルに追記の書き込み完了: /Users/nyanyacyan/Desktop/project_file/domain_search/installer/resultOutput/Conoha Wing 実施履歴/False 検知履歴.txt
2024-12-03 06:41:28,007 - INFO - 【存在確認済】テキストファイルに追記の書き込み完了: /Users/nyanyacyan/Desktop/project_file/domain_search/installer/resultOutput/Conoha Wing 実施履歴/False 検知履歴.txt
2024-12-03 06:41:31,412 - INFO - 【存在確認済】テキストファイルに追記の書き込み完了: /Users/nyanyacyan/Desktop/project_file/domain_search/installer/resultOutput/Conoha Wing 実施履歴/False 検知履歴.txt
2024-12-03 06:41:34,917 - INFO - 【存在確認済】テキストファイルに追記の書き込み完了: /Users/nyanyacyan/Desktop/project_file/domain_search/installer/resultOutput/Conoha Wing 実施履歴/False 検知履歴.txt
2024-12-03 06:48:53,298 - INFO - 【存在確認済】テキストファイルに追記の書き込み完了: /Users/nyanyacyan/Desktop/project_file/domain_search/installer/resultOutput/Xserver 実施履歴/False 検知履歴.txt
2024-12-03 06:48:54,956 - INFO - 【存在確認済】テキストファイルに追記の書き込み完了: /Users/nyanyacyan/Desktop/project_file/domain_search/installer/resultOutput/Xserver 実施履歴/False 検知履歴.txt
2024-12-03 06:48:56,572 - INFO - 【存在確認済】テキストファイルに追記の書き込み完了: /Users/nyanyacyan/Desktop/project_file/domain_search/installer/resultOutput/Xserver 実施履歴/False 検知履歴.txt
2024-12-03 06:48:58,056 - INFO - 【存在確認済】テキストファイルに追記の書き込み完了: /Users/nyanyacyan/Desktop/project_file/domain_search/installer/resultOutput/Xserver 実施履歴/False 検知履歴.txt
2024-12-03 06:48:59,838 - INFO - 【存在確認済】テキストファイルに追記の書き込み完了: /Users/nyanyacyan/Desktop/project_file/domain_search/installer/resultOutput/Xserver 実施履歴/False 検知履歴.txt
2024-12-03 06:49:06,260 - INFO - 【存在確認済】テキストファイルに追記の書き込み完了: /Users/nyanyacyan/Desktop/project_file/domain_search/installer/resultOutput/Conoha Wing 実施履歴/False 検知履歴.txt
2024-12-03 06:49:11,411 - INFO - 【存在確認済】テキストファイルに追記の書き込み完了: /Users/nyanyacyan/Desktop/project_file/domain_search/installer/resultOutput/Conoha Wing 実施履歴/False 検知履歴.txt
2024-12-03 06:49:15,012 - INFO - 【存在確認済】テキストファイルに追記の書き込み完了: /Users/nyanyacyan/Desktop/project_file/domain_search/installer/resultOutput/Conoha Wing 実施履歴/False 検知履歴.txt
2024-12-03 06:49:19,647 - INFO - 【存在確認済】テキストファイルに追記の書き込み完了: /Users/nyanyacyan/Desktop/project_file/domain_search/installer/resultOutput/Conoha Wing 実施履歴/False 検知履歴.txt
2024-12-03 06:49:24,230 - INFO - 【存在確認済】テキストファイルに追記の書き込み完了: /Users/nyanyacyan/Desktop/project_file/domain_search/installer/resultOutput/Conoha Wing 実施履歴/False 検知履歴.txt
2024-12-03 06:51:17,448 - INFO - 【存在確認済】テキストファイルに追記の書き込み完了: /Users/nyanyacyan/Desktop/project_file/domain_search/installer/resultOutput/Xserver 実施履歴/False 検知履歴.txt
2024-12-03 06:51:20,242 - INFO - 【存在確認済】テキストファイルに追記の書き込み完了: /Users/nyanyacyan/Desktop/project_file/domain_search/installer/resultOutput/Xserver 実施履歴/False 検知履歴.txt
2024-12-03 06:51:22,408 - INFO - 【存在確認済】テキストファイルに追記の書き込み完了: /Users/nyanyacyan/Desktop/project_file/domain_search/installer/resultOutput/Xserver 実施履歴/False 検知履歴.txt
2024-12-03 06:51:24,102 - INFO - 【存在確認済】テキストファイルに追記の書き込み完了: /Users/nyanyacyan/Desktop/project_file/domain_search/installer/resultOutput/Xserver 実施履歴/False 検知履歴.txt
2024-12-03 06:51:26,318 - INFO - 【存在確認済】テキストファイルに追記の書き込み完了: /Users/nyanyacyan/Desktop/project_file/domain_search/installer/resultOutput/Xserver 実施履歴/False 検知履歴.txt
2024-12-03 06:51:32,979 - INFO - 【存在確認済】テキストファイルに追記の書き込み完了: /Users/nyanyacyan/Desktop/project_file/domain_search/installer/resultOutput/Conoha Wing 実施履歴/False 検知履歴.txt
2024-12-03 06:51:36,778 - INFO - 【存在確認済】テキストファイルに追記の書き込み完了: /Users/nyanyacyan/Desktop/project_file/domain_search/installer/resultOutput/Conoha Wing 実施履歴/False 検知履歴.txt
2024-12-03 06:51:40,554 - INFO - 【存在確認済】テキストファイルに追記の書き込み完了: /Users/nyanyacyan/Desktop/project_file/domain_search/installer/resultOutput/Conoha Wing 実施履歴/False 検知履歴.txt
2024-12-03 06:51:45,454 - INFO - 【存在確認済】テキストファイルに追記の書き込み完了: /Users/nyanyacyan/Desktop/project_file/domain_search/installer/resultOutput/Conoha Wing 実施履歴/False 検知履歴.txt
2024-12-03 06:51:49,131 - INFO - 【存在確認済】テキストファイルに追記の書き込み完了: /Users/nyanyacyan/Desktop/project_file/domain_search/installer/resultOutput/Conoha Wing 実施履歴/False 検知履歴.txt
2024-12-03 06:52:15,789 - INFO - 【存在確認済】テキストファイルに追記の書き込み完了: /Users/nyanyacyan/Desktop/project_file/domain_search/installer/resultOutput/お名前.com 実施履歴/False 検知履歴.txt
2024-12-03 06:52:39,509 - INFO - 【存在確認済】テキストファイルに追記の書き込み完了: /Users/nyanyacyan/Desktop/project_file/domain_search/installer/resultOutput/お名前.com 実施履歴/False 検知履歴.txt
2024-12-03 06:53:07,725 - INFO - 【存在確認済】テキストファイルに追記の書き込み完了: /Users/nyanyacyan/Desktop/project_file/domain_search/installer/resultOutput/お名前.com 実施履歴/False 検知履歴.txt
2024-12-03 06:53:31,032 - INFO - 【存在確認済】テキストファイルに追記の書き込み完了: /Users/nyanyacyan/Desktop/project_file/domain_search/installer/resultOutput/お名前.com 実施履歴/False 検知履歴.txt
2024-12-03 06:53:58,158 - INFO - 【存在確認済】テキストファイルに追記の書き込み完了: /Users/nyanyacyan/Desktop/project_file/domain_search/installer/resultOutput/お名前.com 実施履歴/False 検知履歴.txt
2024-12-03 07:01:42,315 - INFO - 【存在確認済】テキストファイルに追記の書き込み完了: /Users/nyanyacyan/Desktop/project_file/domain_search/installer/resultOutput/Xserver 実施履歴/False 検知履歴.txt
2024-12-03 07:01:44,020 - INFO - 【存在確認済】テキストファイルに追記の書き込み完了: /Users/nyanyacyan/Desktop/project_file/domain_search/installer/resultOutput/Xserver 実施履歴/False 検知履歴.txt
2024-12-03 07:01:46,089 - INFO - 【存在確認済】テキストファイルに追記の書き込み完了: /Users/nyanyacyan/Desktop/project_file/domain_search/installer/resultOutput/Xserver 実施履歴/False 検知履歴.txt
2024-12-03 07:01:47,902 - INFO - 【存在確認済】テキストファイルに追記の書き込み完了: /Users/nyanyacyan/Desktop/project_file/domain_search/installer/resultOutput/Xserver 実施履歴/False 検知履歴.txt
2024-12-03 07:01:49,682 - INFO - 【存在確認済】テキストファイルに追記の書き込み完了: /Users/nyanyacyan/Desktop/project_file/domain_search/installer/resultOutput/Xserver 実施履歴/False 検知履歴.txt
2024-12-03 07:01:56,086 - INFO - 【存在確認済】テキストファイルに追記の書き込み完了: /Users/nyanyacyan/Desktop/project_file/domain_search/installer/resultOutput/Conoha Wing 実施履歴/True 検知履歴.txt
2024-12-03 07:02:02,443 - INFO - 【存在確認済】テキストファイルに追記の書き込み完了: /Users/nyanyacyan/Desktop/project_file/domain_search/installer/resultOutput/Conoha Wing 実施履歴/True 検知履歴.txt
2024-12-03 07:02:07,902 - INFO - 【存在確認済】テキストファイルに追記の書き込み完了: /Users/nyanyacyan/Desktop/project_file/domain_search/installer/resultOutput/Conoha Wing 実施履歴/False 検知履歴.txt
2024-12-03 07:02:11,367 - INFO - 【存在確認済】テキストファイルに追記の書き込み完了: /Users/nyanyacyan/Desktop/project_file/domain_search/installer/resultOutput/Conoha Wing 実施履歴/False 検知履歴.txt
2024-12-03 07:02:15,977 - INFO - 【存在確認済】テキストファイルに追記の書き込み完了: /Users/nyanyacyan/Desktop/project_file/domain_search/installer/resultOutput/Conoha Wing 実施履歴/False 検知履歴.txt
2024-12-03 07:02:40,385 - INFO - 【存在確認済】テキストファイルに追記の書き込み完了: /Users/nyanyacyan/Desktop/project_file/domain_search/installer/resultOutput/お名前.com 実施履歴/False 検知履歴.txt
2024-12-03 07:03:08,569 - INFO - 【存在確認済】テキストファイルに追記の書き込み完了: /Users/nyanyacyan/Desktop/project_file/domain_search/installer/resultOutput/お名前.com 実施履歴/False 検知履歴.txt
2024-12-03 07:09:04,235 - INFO - 【存在確認済】テキストファイルに追記の書き込み完了: /Users/nyanyacyan/Desktop/project_file/domain_search/installer/resultOutput/Xserver 実施履歴/False 検知履歴.txt
2024-12-03 07:09:08,652 - INFO - 【存在確認済】テキストファイルに追記の書き込み完了: /Users/nyanyacyan/Desktop/project_file/domain_search/installer/resultOutput/Xserver 実施履歴/False 検知履歴.txt
2024-12-03 07:09:16,082 - INFO - 【存在確認済】テキストファイルに追記の書き込み完了: /Users/nyanyacyan/Desktop/project_file/domain_search/installer/resultOutput/Xserver 実施履歴/False 検知履歴.txt
2024-12-03 07:09:19,364 - INFO - 【存在確認済】テキストファイルに追記の書き込み完了: /Users/nyanyacyan/Desktop/project_file/domain_search/installer/resultOutput/Xserver 実施履歴/False 検知履歴.txt
2024-12-03 07:09:23,764 - INFO - 【存在確認済】テキストファイルに追記の書き込み完了: /Users/nyanyacyan/Desktop/project_file/domain_search/installer/resultOutput/Xserver 実施履歴/False 検知履歴.txt
2024-12-03 07:09:40,815 - INFO - 【存在確認済】テキストファイルに追記の書き込み完了: /Users/nyanyacyan/Desktop/project_file/domain_search/installer/resultOutput/Conoha Wing 実施履歴/True 検知履歴.txt
2024-12-03 07:09:47,847 - INFO - 【存在確認済】テキストファイルに追記の書き込み完了: /Users/nyanyacyan/Desktop/project_file/domain_search/installer/resultOutput/Conoha Wing 実施履歴/True 検知履歴.txt
2024-12-03 07:09:52,923 - INFO - 【存在確認済】テキストファイルに追記の書き込み完了: /Users/nyanyacyan/Desktop/project_file/domain_search/installer/resultOutput/Conoha Wing 実施履歴/False 検知履歴.txt
2024-12-03 07:09:58,112 - INFO - 【存在確認済】テキストファイルに追記の書き込み完了: /Users/nyanyacyan/Desktop/project_file/domain_search/installer/resultOutput/Conoha Wing 実施履歴/False 検知履歴.txt
2024-12-03 07:10:06,949 - INFO - 【存在確認済】テキストファイルに追記の書き込み完了: /Users/nyanyacyan/Desktop/project_file/domain_search/installer/resultOutput/Conoha Wing 実施履歴/False 検知履歴.txt
2024-12-03 07:10:58,932 - INFO - 【存在確認済】テキストファイルに追記の書き込み完了: /Users/nyanyacyan/Desktop/project_file/domain_search/installer/resultOutput/お名前.com 実施履歴/True 検知履歴.txt
2024-12-03 07:11:43,947 - INFO - 【存在確認済】テキストファイルに追記の書き込み完了: /Users/nyanyacyan/Desktop/project_file/domain_search/installer/resultOutput/お名前.com 実施履歴/True 検知履歴.txt
2024-12-03 07:12:16,149 - INFO - 【存在確認済】テキストファイルに追記の書き込み完了: /Users/nyanyacyan/Desktop/project_file/domain_search/installer/resultOutput/お名前.com 実施履歴/False 検知履歴.txt
2024-12-03 07:13:12,370 - INFO - 【存在確認済】テキストファイルに追記の書き込み完了: /Users/nyanyacyan/Desktop/project_file/domain_search/installer/resultOutput/お名前.com 実施履歴/False 検知履歴.txt
2024-12-03 07:13:46,784 - INFO - 【存在確認済】テキストファイルに追記の書き込み完了: /Users/nyanyacyan/Desktop/project_file/domain_search/installer/resultOutput/お名前.com 実施履歴/False 検知履歴.txt
2024-12-03 08:44:30,900 - INFO - 【存在確認済】テキストファイルに追記の書き込み完了: /Users/nyanyacyan/Desktop/project_file/domain_search/installer/resultOutput/Xserver 実施履歴/False 検知履歴.txt
2024-12-03 08:44:37,364 - INFO - 【存在確認済】テキストファイルに追記の書き込み完了: /Users/nyanyacyan/Desktop/project_file/domain_search/installer/resultOutput/Xserver 実施履歴/False 検知履歴.txt
2024-12-03 08:44:44,424 - INFO - 【存在確認済】テキストファイルに追記の書き込み完了: /Users/nyanyacyan/Desktop/project_file/domain_search/installer/resultOutput/Xserver 実施履歴/False 検知履歴.txt
2024-12-03 08:44:50,902 - INFO - 【存在確認済】テキストファイルに追記の書き込み完了: /Users/nyanyacyan/Desktop/project_file/domain_search/installer/resultOutput/Xserver 実施履歴/True 検知履歴.txt
2024-12-03 08:45:00,180 - INFO - 【存在確認済】テキストファイルに追記の書き込み完了: /Users/nyanyacyan/Desktop/project_file/domain_search/installer/resultOutput/Xserver 実施履歴/False 検知履歴.txt
2024-12-03 08:45:06,224 - INFO - 【存在確認済】テキストファイルに追記の書き込み完了: /Users/nyanyacyan/Desktop/project_file/domain_search/installer/resultOutput/Conoha Wing 実施履歴/True 検知履歴.txt
2024-12-03 08:45:11,648 - INFO - 【存在確認済】テキストファイルに追記の書き込み完了: /Users/nyanyacyan/Desktop/project_file/domain_search/installer/resultOutput/Conoha Wing 実施履歴/True 検知履歴.txt
2024-12-03 08:45:16,066 - INFO - 【存在確認済】テキストファイルに追記の書き込み完了: /Users/nyanyacyan/Desktop/project_file/domain_search/installer/resultOutput/Conoha Wing 実施履歴/False 検知履歴.txt
2024-12-03 08:45:19,727 - INFO - 【存在確認済】テキストファイルに追記の書き込み完了: /Users/nyanyacyan/Desktop/project_file/domain_search/installer/resultOutput/Conoha Wing 実施履歴/False 検知履歴.txt
2024-12-03 08:45:23,909 - INFO - 【存在確認済】テキストファイルに追記の書き込み完了: /Users/nyanyacyan/Desktop/project_file/domain_search/installer/resultOutput/Conoha Wing 実施履歴/False 検知履歴.txt
2024-12-03 08:45:52,677 - INFO - 【存在確認済】テキストファイルに追記の書き込み完了: /Users/nyanyacyan/Desktop/project_file/domain_search/installer/resultOutput/お名前.com 実施履歴/True 検知履歴.txt
2024-12-03 08:46:22,399 - INFO - 【存在確認済】テキストファイルに追記の書き込み完了: /Users/nyanyacyan/Desktop/project_file/domain_search/installer/resultOutput/お名前.com 実施履歴/True 検知履歴.txt
2024-12-03 08:46:51,197 - INFO - 【存在確認済】テキストファイルに追記の書き込み完了: /Users/nyanyacyan/Desktop/project_file/domain_search/installer/resultOutput/お名前.com 実施履歴/False 検知履歴.txt
2024-12-03 08:47:19,053 - INFO - 【存在確認済】テキストファイルに追記の書き込み完了: /Users/nyanyacyan/Desktop/project_file/domain_search/installer/resultOutput/お名前.com 実施履歴/False 検知履歴.txt
2024-12-03 08:47:46,600 - INFO - 【存在確認済】テキストファイルに追記の書き込み完了: /Users/nyanyacyan/Desktop/project_file/domain_search/installer/resultOutput/お名前.com 実施履歴/False 検知履歴.txt
2024-12-03 11:15:17,820 - INFO - 【存在確認済】テキストファイルに追記の書き込み完了: /Users/nyanyacyan/Desktop/project_file/domain_search/installer/resultOutput/Xserver 実施履歴/False 検知履歴.txt
2024-12-03 11:15:24,596 - INFO - 【存在確認済】テキストファイルに追記の書き込み完了: /Users/nyanyacyan/Desktop/project_file/domain_search/installer/resultOutput/Xserver 実施履歴/False 検知履歴.txt
2024-12-03 11:15:30,991 - INFO - 【存在確認済】テキストファイルに追記の書き込み完了: /Users/nyanyacyan/Desktop/project_file/domain_search/installer/resultOutput/Xserver 実施履歴/False 検知履歴.txt
2024-12-03 11:15:43,474 - INFO - 【存在確認済】テキストファイルに追記の書き込み完了: /Users/nyanyacyan/Desktop/project_file/domain_search/installer/resultOutput/Xserver 実施履歴/True 検知履歴.txt
2024-12-03 11:15:52,259 - INFO - 【存在確認済】テキストファイルに追記の書き込み完了: /Users/nyanyacyan/Desktop/project_file/domain_search/installer/resultOutput/Xserver 実施履歴/False 検知履歴.txt
2024-12-03 11:15:58,911 - INFO - 【存在確認済】テキストファイルに追記の書き込み完了: /Users/nyanyacyan/Desktop/project_file/domain_search/installer/resultOutput/Conoha Wing 実施履歴/True 検知履歴.txt
2024-12-03 11:16:03,652 - INFO - 【存在確認済】テキストファイルに追記の書き込み完了: /Users/nyanyacyan/Desktop/project_file/domain_search/installer/resultOutput/Conoha Wing 実施履歴/True 検知履歴.txt
2024-12-03 11:16:07,867 - INFO - 【存在確認済】テキストファイルに追記の書き込み完了: /Users/nyanyacyan/Desktop/project_file/domain_search/installer/resultOutput/Conoha Wing 実施履歴/False 検知履歴.txt
2024-12-03 11:16:11,311 - INFO - 【存在確認済】テキストファイルに追記の書き込み完了: /Users/nyanyacyan/Desktop/project_file/domain_search/installer/resultOutput/Conoha Wing 実施履歴/False 検知履歴.txt
2024-12-03 11:16:21,633 - INFO - 【存在確認済】テキストファイルに追記の書き込み完了: /Users/nyanyacyan/Desktop/project_file/domain_search/installer/resultOutput/Conoha Wing 実施履歴/False 検知履歴.txt
2024-12-03 11:16:50,826 - INFO - 【存在確認済】テキストファイルに追記の書き込み完了: /Users/nyanyacyan/Desktop/project_file/domain_search/installer/resultOutput/お名前.com 実施履歴/True 検知履歴.txt
2024-12-03 11:17:20,389 - INFO - 【存在確認済】テキストファイルに追記の書き込み完了: /Users/nyanyacyan/Desktop/project_file/domain_search/installer/resultOutput/お名前.com 実施履歴/True 検知履歴.txt
2024-12-03 11:17:49,514 - INFO - 【存在確認済】テキストファイルに追記の書き込み完了: /Users/nyanyacyan/Desktop/project_file/domain_search/installer/resultOutput/お名前.com 実施履歴/False 検知履歴.txt
2024-12-03 11:18:17,684 - INFO - 【存在確認済】テキストファイルに追記の書き込み完了: /Users/nyanyacyan/Desktop/project_file/domain_search/installer/resultOutput/お名前.com 実施履歴/False 検知履歴.txt
2024-12-03 11:18:45,565 - INFO - 【存在確認済】テキストファイルに追記の書き込み完了: /Users/nyanyacyan/Desktop/project_file/domain_search/installer/resultOutput/お名前.com 実施履歴/False 検知履歴.txt
2024-12-03 14:03:34,894 - INFO - 【存在確認済】テキストファイルに追記の書き込み完了: /Users/nyanyacyan/Desktop/project_file/domain_search/installer/resultOutput/Xserver 実施履歴/False 検知履歴.txt
2024-12-03 14:03:44,773 - INFO - 【存在確認済】テキストファイルに追記の書き込み完了: /Users/nyanyacyan/Desktop/project_file/domain_search/installer/resultOutput/Xserver 実施履歴/False 検知履歴.txt
2024-12-03 14:03:53,091 - INFO - 【存在確認済】テキストファイルに追記の書き込み完了: /Users/nyanyacyan/Desktop/project_file/domain_search/installer/resultOutput/Xserver 実施履歴/False 検知履歴.txt
2024-12-03 14:04:01,715 - INFO - 【存在確認済】テキストファイルに追記の書き込み完了: /Users/nyanyacyan/Desktop/project_file/domain_search/installer/resultOutput/Xserver 実施履歴/True 検知履歴.txt
2024-12-03 14:04:11,387 - INFO - 【存在確認済】テキストファイルに追記の書き込み完了: /Users/nyanyacyan/Desktop/project_file/domain_search/installer/resultOutput/Xserver 実施履歴/False 検知履歴.txt
2024-12-03 14:04:25,004 - INFO - 【存在確認済】テキストファイルに追記の書き込み完了: /Users/nyanyacyan/Desktop/project_file/domain_search/installer/resultOutput/Conoha Wing 実施履歴/True 検知履歴.txt
2024-12-03 14:04:32,321 - INFO - 【存在確認済】テキストファイルに追記の書き込み完了: /Users/nyanyacyan/Desktop/project_file/domain_search/installer/resultOutput/Conoha Wing 実施履歴/True 検知履歴.txt
2024-12-03 14:04:37,980 - INFO - 【存在確認済】テキストファイルに追記の書き込み完了: /Users/nyanyacyan/Desktop/project_file/domain_search/installer/resultOutput/Conoha Wing 実施履歴/False 検知履歴.txt
2024-12-03 14:04:44,837 - INFO - 【存在確認済】テキストファイルに追記の書き込み完了: /Users/nyanyacyan/Desktop/project_file/domain_search/installer/resultOutput/Conoha Wing 実施履歴/False 検知履歴.txt
2024-12-03 14:04:51,880 - INFO - 【存在確認済】テキストファイルに追記の書き込み完了: /Users/nyanyacyan/Desktop/project_file/domain_search/installer/resultOutput/Conoha Wing 実施履歴/False 検知履歴.txt
2024-12-03 14:05:28,816 - INFO - 【存在確認済】テキストファイルに追記の書き込み完了: /Users/nyanyacyan/Desktop/project_file/domain_search/installer/resultOutput/お名前.com 実施履歴/True 検知履歴.txt
2024-12-03 14:06:04,573 - INFO - 【存在確認済】テキストファイルに追記の書き込み完了: /Users/nyanyacyan/Desktop/project_file/domain_search/installer/resultOutput/お名前.com 実施履歴/True 検知履歴.txt
2024-12-03 14:06:39,899 - INFO - 【存在確認済】テキストファイルに追記の書き込み完了: /Users/nyanyacyan/Desktop/project_file/domain_search/installer/resultOutput/お名前.com 実施履歴/False 検知履歴.txt
2024-12-03 14:07:12,880 - INFO - 【存在確認済】テキストファイルに追記の書き込み完了: /Users/nyanyacyan/Desktop/project_file/domain_search/installer/resultOutput/お名前.com 実施履歴/False 検知履歴.txt
2024-12-03 14:07:44,989 - INFO - 【存在確認済】テキストファイルに追記の書き込み完了: /Users/nyanyacyan/Desktop/project_file/domain_search/installer/resultOutput/お名前.com 実施履歴/False 検知履歴.txt
