2024-12-04 05:51:09,475 - DEBUG - url: https://www.xdomain.ne.jp/
2024-12-04 05:51:21,040 - DEBUG - url: https://www.xdomain.ne.jp/
2024-12-04 05:51:30,791 - DEBUG - url: https://www.xdomain.ne.jp/
2024-12-04 05:51:37,750 - DEBUG - url: https://www.xdomain.ne.jp/
2024-12-04 05:51:46,217 - DEBUG - full_path: /Users/nyanyacyan/Desktop/project_file/domain_search/installer/resultOutput/screenshot/Xserver_jihnu241204_055108.png
2024-12-04 05:51:46,218 - INFO - 【存在確認済】テキストファイル書き込み完了: /Users/nyanyacyan/Desktop/project_file/domain_search/installer/resultOutput/screenshot/Xserver_jihnu241204_055108.png
2024-12-04 05:51:46,225 - INFO - 3つ以上のファイルを検知: /Users/nyanyacyan/Desktop/project_file/domain_search/installer/resultOutput/screenshot/Xserver_jihnu241203_140320.png を削除
2024-12-04 05:51:47,212 - DEBUG - url: https://www.xdomain.ne.jp/
2024-12-04 05:51:54,601 - DEBUG - url: https://www.conoha.jp/wing/domain/
2024-12-04 05:52:04,830 - DEBUG - full_path: /Users/nyanyacyan/Desktop/project_file/domain_search/installer/resultOutput/screenshot/Conoha Wing_jihnu241204_055108.png
2024-12-04 05:52:04,832 - INFO - 【存在確認済】テキストファイル書き込み完了: /Users/nyanyacyan/Desktop/project_file/domain_search/installer/resultOutput/screenshot/Conoha Wing_jihnu241204_055108.png
2024-12-04 05:52:04,838 - INFO - 3つ以上のファイルを検知: /Users/nyanyacyan/Desktop/project_file/domain_search/installer/resultOutput/screenshot/Conoha Wing_jihnu241203_140320.png を削除
2024-12-04 05:52:05,656 - DEBUG - url: https://www.conoha.jp/wing/domain/
2024-12-04 05:52:10,289 - DEBUG - full_path: /Users/nyanyacyan/Desktop/project_file/domain_search/installer/resultOutput/screenshot/Conoha Wing_jihnu241204_055108.png
2024-12-04 05:52:10,289 - INFO - 【存在確認済】テキストファイル書き込み完了: /Users/nyanyacyan/Desktop/project_file/domain_search/installer/resultOutput/screenshot/Conoha Wing_jihnu241204_055108.png
2024-12-04 05:52:11,310 - DEBUG - url: https://www.conoha.jp/wing/domain/
2024-12-04 05:52:17,217 - DEBUG - url: https://www.conoha.jp/wing/domain/
2024-12-04 05:52:21,125 - DEBUG - url: https://www.conoha.jp/wing/domain/
2024-12-04 05:52:26,422 - DEBUG - url: https://www.onamae.com/service/domainregist/
2024-12-04 05:53:02,000 - DEBUG - full_path: /Users/nyanyacyan/Desktop/project_file/domain_search/installer/resultOutput/screenshot/お名前.com_jihnu241204_055108.png
2024-12-04 05:53:02,001 - INFO - 【存在確認済】テキストファイル書き込み完了: /Users/nyanyacyan/Desktop/project_file/domain_search/installer/resultOutput/screenshot/お名前.com_jihnu241204_055108.png
2024-12-04 05:53:02,003 - INFO - 3つ以上のファイルを検知: /Users/nyanyacyan/Desktop/project_file/domain_search/installer/resultOutput/screenshot/お名前.com_jihnu241203_140320.png を削除
2024-12-04 05:53:02,774 - DEBUG - url: https://www.onamae.com/service/domainregist/
2024-12-04 05:53:32,729 - DEBUG - full_path: /Users/nyanyacyan/Desktop/project_file/domain_search/installer/resultOutput/screenshot/お名前.com_jihnu241204_055108.png
2024-12-04 05:53:32,729 - INFO - 【存在確認済】テキストファイル書き込み完了: /Users/nyanyacyan/Desktop/project_file/domain_search/installer/resultOutput/screenshot/お名前.com_jihnu241204_055108.png
2024-12-04 05:53:33,885 - DEBUG - url: https://www.onamae.com/service/domainregist/
2024-12-04 05:54:06,968 - DEBUG - url: https://www.onamae.com/service/domainregist/
2024-12-04 05:54:40,465 - DEBUG - url: https://www.onamae.com/service/domainregist/
