2024-12-04 05:51:09,473 - DEBUG - 0 個目のtaskを追加
2024-12-04 05:51:09,473 - DEBUG - 1 個目のtaskを追加
2024-12-04 05:51:09,473 - DEBUG - 2 個目のtaskを追加
2024-12-04 05:51:09,473 - DEBUG - tasks: [<coroutine object GssToNotify.row_process at 0x1163c8640>, <coroutine object GssToNotify.row_process at 0x1163c87c0>, <coroutine object GssToNotify.row_process at 0x1163c8940>]
2024-12-04 05:51:09,475 - DEBUG - 
domain_list: ['netz-okhotsk.jp', 'chuou-niimura.jp', 'kk-seh.com', 'jihnu.com', 'blog.tokyo']
search_xpath_list: ["//div[@class='search-domain__flex']//input[@type='text']", "//div[@class='search-domain__send']//input[@type='submit']"]
true_xpath_list: ['//p[@class="domain__only century" and contains(text(), "{extension}")]/ancestor::li//p[@class="text true" and contains(text(), "取得可能です")]']
false_xpath_list: ['//p[@class="domain__only century" and contains(text(), "{extension}")]/ancestor::li//p[@class="text true" and contains(text(), "取得できません")]']
2024-12-04 05:51:09,475 - DEBUG - 
search_input_element: //div[@class='search-domain__flex']//input[@type='text']
search_bar_element: //div[@class='search-domain__send']//input[@type='submit']
2024-12-04 05:51:09,475 - DEBUG - 
 site_name: Xserver
 onamae_name: お名前.com
2024-12-04 05:51:09,475 - DEBUG - domain_extension: .jp
2024-12-04 05:51:09,475 - DEBUG - 
url: https://www.xdomain.ne.jp/
id: site_A
site_name: Xserver
domain: netz-okhotsk.jp
2024-12-04 05:51:21,022 - DEBUG - element_xpath: //p[@class="domain__only century" and contains(text(), ".jp")]/ancestor::li//p[@class="text true" and contains(text(), "取得可能です")]
2024-12-04 05:51:21,022 - DEBUG - 
 site_name: Xserver
 onamae_name: お名前.com
2024-12-04 05:51:21,032 - WARNING - 指定した要素はありませんでした: //p[@class="domain__only century" and contains(text(), ".jp")]/ancestor::li//p[@class="text true" and contains(text(), "取得可能です")]
2024-12-04 05:51:21,032 - DEBUG - elements: []
2024-12-04 05:51:21,032 - DEBUG - element_xpath: //p[@class="domain__only century" and contains(text(), ".jp")]/ancestor::li//p[@class="text true" and contains(text(), "取得できません")]
2024-12-04 05:51:21,032 - DEBUG - 
 site_name: Xserver
 onamae_name: お名前.com
2024-12-04 05:51:21,038 - DEBUG - elements: [<selenium.webdriver.remote.webelement.WebElement (session="09d84c548b2c252d58a4f5f738a29460", element="f.55620DBC5A58C67336E1452DC50005F0.d.8B07B29400299C019B1AB868C1285573.e.375")>]
2024-12-04 05:51:21,038 - DEBUG - 
true_elements: []
false_elements: [<selenium.webdriver.remote.webelement.WebElement (session="09d84c548b2c252d58a4f5f738a29460", element="f.55620DBC5A58C67336E1452DC50005F0.d.8B07B29400299C019B1AB868C1285573.e.375")>]
2024-12-04 05:51:21,038 - DEBUG - false_comment: 【FalseElement発見】241204_055108 : Xserver に netz-okhotsk.jp はありません。


2024-12-04 05:51:21,040 - INFO - 探しているドメインは site_A Xserver サイトにはありませんでした: netz-okhotsk.jp
2024-12-04 05:51:21,040 - DEBUG - 
 site_name: Xserver
 onamae_name: お名前.com
2024-12-04 05:51:21,040 - DEBUG - domain_extension: .jp
2024-12-04 05:51:21,040 - DEBUG - 
url: https://www.xdomain.ne.jp/
id: site_A
site_name: Xserver
domain: chuou-niimura.jp
2024-12-04 05:51:30,770 - DEBUG - element_xpath: //p[@class="domain__only century" and contains(text(), ".jp")]/ancestor::li//p[@class="text true" and contains(text(), "取得可能です")]
2024-12-04 05:51:30,770 - DEBUG - 
 site_name: Xserver
 onamae_name: お名前.com
2024-12-04 05:51:30,778 - WARNING - 指定した要素はありませんでした: //p[@class="domain__only century" and contains(text(), ".jp")]/ancestor::li//p[@class="text true" and contains(text(), "取得可能です")]
2024-12-04 05:51:30,779 - DEBUG - elements: []
2024-12-04 05:51:30,779 - DEBUG - element_xpath: //p[@class="domain__only century" and contains(text(), ".jp")]/ancestor::li//p[@class="text true" and contains(text(), "取得できません")]
2024-12-04 05:51:30,779 - DEBUG - 
 site_name: Xserver
 onamae_name: お名前.com
2024-12-04 05:51:30,787 - DEBUG - elements: [<selenium.webdriver.remote.webelement.WebElement (session="09d84c548b2c252d58a4f5f738a29460", element="f.55620DBC5A58C67336E1452DC50005F0.d.082DC6FDED40315FE68C8262DA3EA94B.e.1192")>]
2024-12-04 05:51:30,787 - DEBUG - 
true_elements: []
false_elements: [<selenium.webdriver.remote.webelement.WebElement (session="09d84c548b2c252d58a4f5f738a29460", element="f.55620DBC5A58C67336E1452DC50005F0.d.082DC6FDED40315FE68C8262DA3EA94B.e.1192")>]
2024-12-04 05:51:30,787 - DEBUG - false_comment: 【FalseElement発見】241204_055108 : Xserver に chuou-niimura.jp はありません。


2024-12-04 05:51:30,791 - INFO - 探しているドメインは site_A Xserver サイトにはありませんでした: chuou-niimura.jp
2024-12-04 05:51:30,791 - DEBUG - 
 site_name: Xserver
 onamae_name: お名前.com
2024-12-04 05:51:30,791 - DEBUG - domain_extension: .com
2024-12-04 05:51:30,791 - DEBUG - 
url: https://www.xdomain.ne.jp/
id: site_A
site_name: Xserver
domain: kk-seh.com
2024-12-04 05:51:37,728 - DEBUG - element_xpath: //p[@class="domain__only century" and contains(text(), ".com")]/ancestor::li//p[@class="text true" and contains(text(), "取得可能です")]
2024-12-04 05:51:37,728 - DEBUG - 
 site_name: Xserver
 onamae_name: お名前.com
2024-12-04 05:51:37,739 - WARNING - 指定した要素はありませんでした: //p[@class="domain__only century" and contains(text(), ".com")]/ancestor::li//p[@class="text true" and contains(text(), "取得可能です")]
2024-12-04 05:51:37,739 - DEBUG - elements: []
2024-12-04 05:51:37,739 - DEBUG - element_xpath: //p[@class="domain__only century" and contains(text(), ".com")]/ancestor::li//p[@class="text true" and contains(text(), "取得できません")]
2024-12-04 05:51:37,739 - DEBUG - 
 site_name: Xserver
 onamae_name: お名前.com
2024-12-04 05:51:37,748 - DEBUG - elements: [<selenium.webdriver.remote.webelement.WebElement (session="09d84c548b2c252d58a4f5f738a29460", element="f.55620DBC5A58C67336E1452DC50005F0.d.62F56D2A64F0E6996C83C706A0D779DE.e.792")>]
2024-12-04 05:51:37,748 - DEBUG - 
true_elements: []
false_elements: [<selenium.webdriver.remote.webelement.WebElement (session="09d84c548b2c252d58a4f5f738a29460", element="f.55620DBC5A58C67336E1452DC50005F0.d.62F56D2A64F0E6996C83C706A0D779DE.e.792")>]
2024-12-04 05:51:37,748 - DEBUG - false_comment: 【FalseElement発見】241204_055108 : Xserver に kk-seh.com はありません。


2024-12-04 05:51:37,750 - INFO - 探しているドメインは site_A Xserver サイトにはありませんでした: kk-seh.com
2024-12-04 05:51:37,750 - DEBUG - 
 site_name: Xserver
 onamae_name: お名前.com
2024-12-04 05:51:37,750 - DEBUG - domain_extension: .com
2024-12-04 05:51:37,750 - DEBUG - 
url: https://www.xdomain.ne.jp/
id: site_A
site_name: Xserver
domain: jihnu.com
2024-12-04 05:51:45,817 - DEBUG - element_xpath: //p[@class="domain__only century" and contains(text(), ".com")]/ancestor::li//p[@class="text true" and contains(text(), "取得可能です")]
2024-12-04 05:51:45,818 - DEBUG - 
 site_name: Xserver
 onamae_name: お名前.com
2024-12-04 05:51:45,874 - DEBUG - elements: [<selenium.webdriver.remote.webelement.WebElement (session="09d84c548b2c252d58a4f5f738a29460", element="f.55620DBC5A58C67336E1452DC50005F0.d.BE66D16FCFB7E9F669881087F0BC0186.e.1060")>]
2024-12-04 05:51:45,874 - DEBUG - element_xpath: //p[@class="domain__only century" and contains(text(), ".com")]/ancestor::li//p[@class="text true" and contains(text(), "取得できません")]
2024-12-04 05:51:45,874 - DEBUG - 
 site_name: Xserver
 onamae_name: お名前.com
2024-12-04 05:51:45,882 - WARNING - 指定した要素はありませんでした: //p[@class="domain__only century" and contains(text(), ".com")]/ancestor::li//p[@class="text true" and contains(text(), "取得できません")]
2024-12-04 05:51:45,882 - DEBUG - elements: []
2024-12-04 05:51:45,882 - DEBUG - 
true_elements: [<selenium.webdriver.remote.webelement.WebElement (session="09d84c548b2c252d58a4f5f738a29460", element="f.55620DBC5A58C67336E1452DC50005F0.d.BE66D16FCFB7E9F669881087F0BC0186.e.1060")>]
false_elements: []
2024-12-04 05:51:45,883 - DEBUG - true_comment: 【TrueElement発見】241204_055108: Xserver に jihnu.com にあることを検知しました


2024-12-04 05:51:45,890 - DEBUG - domain_name: jihnu
2024-12-04 05:51:45,890 - DEBUG - 
photo_name: Xserver_jihnu
message: 
    **Xserver** に **jihnu.com** があることを確認できました！

    詳細はスクリーンショットにてご確認ください。
    
2024-12-04 05:51:47,212 - DEBUG - 
 site_name: Xserver
 onamae_name: お名前.com
2024-12-04 05:51:47,212 - DEBUG - domain_extension: .tokyo
2024-12-04 05:51:47,212 - DEBUG - 
url: https://www.xdomain.ne.jp/
id: site_A
site_name: Xserver
domain: blog.tokyo
2024-12-04 05:51:54,573 - DEBUG - element_xpath: //p[@class="domain__only century" and contains(text(), ".tokyo")]/ancestor::li//p[@class="text true" and contains(text(), "取得可能です")]
2024-12-04 05:51:54,574 - DEBUG - 
 site_name: Xserver
 onamae_name: お名前.com
2024-12-04 05:51:54,584 - WARNING - 指定した要素はありませんでした: //p[@class="domain__only century" and contains(text(), ".tokyo")]/ancestor::li//p[@class="text true" and contains(text(), "取得可能です")]
2024-12-04 05:51:54,584 - DEBUG - elements: []
2024-12-04 05:51:54,584 - DEBUG - element_xpath: //p[@class="domain__only century" and contains(text(), ".tokyo")]/ancestor::li//p[@class="text true" and contains(text(), "取得できません")]
2024-12-04 05:51:54,584 - DEBUG - 
 site_name: Xserver
 onamae_name: お名前.com
2024-12-04 05:51:54,592 - WARNING - 指定した要素はありませんでした: //p[@class="domain__only century" and contains(text(), ".tokyo")]/ancestor::li//p[@class="text true" and contains(text(), "取得できません")]
2024-12-04 05:51:54,592 - DEBUG - elements: []
2024-12-04 05:51:54,592 - DEBUG - 
true_elements: []
false_elements: []
2024-12-04 05:51:54,594 - INFO - 探しているドメインは site_A Xserver サイトにはありませんでした: blog.tokyo
2024-12-04 05:51:54,601 - DEBUG - 
domain_list: ['jihnu.com', 'jihnu.com', 'blog.com', 'blog.tokyo', 'blog.tokyo']
search_xpath_list: ["//div[@class='boxDomainForm_input']//input[@type='text']", "//div[@class='boxDomainForm_submit']//button[@type='submit']"]
true_xpath_list: ['//strong[text()="{extension}"]/ancestor::div[@class="resultsUnit"]/descendant::span[@class="buttonApply_title textWeight-bold" and text()="選択"]']
false_xpath_list: ['//li[.//strong[contains(text(), "{extension}")]]//div[@class="resultsUnitButton_disabled" and contains(text(), "取得できません")]']
2024-12-04 05:51:54,601 - DEBUG - 
search_input_element: //div[@class='boxDomainForm_input']//input[@type='text']
search_bar_element: //div[@class='boxDomainForm_submit']//button[@type='submit']
2024-12-04 05:51:54,601 - DEBUG - 
 site_name: Conoha Wing
 onamae_name: お名前.com
2024-12-04 05:51:54,601 - DEBUG - domain_extension: .com
2024-12-04 05:51:54,601 - DEBUG - 
url: https://www.conoha.jp/wing/domain/
id: site_B
site_name: Conoha Wing
domain: jihnu.com
2024-12-04 05:52:04,486 - DEBUG - element_xpath: //strong[text()=".com"]/ancestor::div[@class="resultsUnit"]/descendant::span[@class="buttonApply_title textWeight-bold" and text()="選択"]
2024-12-04 05:52:04,487 - DEBUG - 
 site_name: Conoha Wing
 onamae_name: お名前.com
2024-12-04 05:52:04,496 - DEBUG - elements: [<selenium.webdriver.remote.webelement.WebElement (session="09d84c548b2c252d58a4f5f738a29460", element="f.55620DBC5A58C67336E1452DC50005F0.d.9E3648083FF34AE894764E633B2FC802.e.3395")>]
2024-12-04 05:52:04,496 - DEBUG - element_xpath: //li[.//strong[contains(text(), ".com")]]//div[@class="resultsUnitButton_disabled" and contains(text(), "取得できません")]
2024-12-04 05:52:04,496 - DEBUG - 
 site_name: Conoha Wing
 onamae_name: お名前.com
2024-12-04 05:52:04,503 - WARNING - 指定した要素はありませんでした: //li[.//strong[contains(text(), ".com")]]//div[@class="resultsUnitButton_disabled" and contains(text(), "取得できません")]
2024-12-04 05:52:04,503 - DEBUG - elements: []
2024-12-04 05:52:04,503 - DEBUG - 
true_elements: [<selenium.webdriver.remote.webelement.WebElement (session="09d84c548b2c252d58a4f5f738a29460", element="f.55620DBC5A58C67336E1452DC50005F0.d.9E3648083FF34AE894764E633B2FC802.e.3395")>]
false_elements: []
2024-12-04 05:52:04,503 - DEBUG - true_comment: 【TrueElement発見】241204_055108: Conoha Wing に jihnu.com にあることを検知しました


2024-12-04 05:52:04,505 - DEBUG - domain_name: jihnu
2024-12-04 05:52:04,505 - DEBUG - 
photo_name: Conoha Wing_jihnu
message: 
    **Conoha Wing** に **jihnu.com** があることを確認できました！

    詳細はスクリーンショットにてご確認ください。
    
2024-12-04 05:52:05,656 - DEBUG - 
 site_name: Conoha Wing
 onamae_name: お名前.com
2024-12-04 05:52:05,656 - DEBUG - domain_extension: .com
2024-12-04 05:52:05,656 - DEBUG - 
url: https://www.conoha.jp/wing/domain/
id: site_B
site_name: Conoha Wing
domain: jihnu.com
2024-12-04 05:52:10,106 - DEBUG - element_xpath: //strong[text()=".com"]/ancestor::div[@class="resultsUnit"]/descendant::span[@class="buttonApply_title textWeight-bold" and text()="選択"]
2024-12-04 05:52:10,106 - DEBUG - 
 site_name: Conoha Wing
 onamae_name: お名前.com
2024-12-04 05:52:10,110 - DEBUG - elements: [<selenium.webdriver.remote.webelement.WebElement (session="09d84c548b2c252d58a4f5f738a29460", element="f.55620DBC5A58C67336E1452DC50005F0.d.6AFE8EB00A86E16444C21DBB6C812B7C.e.7895")>]
2024-12-04 05:52:10,110 - DEBUG - element_xpath: //li[.//strong[contains(text(), ".com")]]//div[@class="resultsUnitButton_disabled" and contains(text(), "取得できません")]
2024-12-04 05:52:10,110 - DEBUG - 
 site_name: Conoha Wing
 onamae_name: お名前.com
2024-12-04 05:52:10,118 - WARNING - 指定した要素はありませんでした: //li[.//strong[contains(text(), ".com")]]//div[@class="resultsUnitButton_disabled" and contains(text(), "取得できません")]
2024-12-04 05:52:10,118 - DEBUG - elements: []
2024-12-04 05:52:10,118 - DEBUG - 
true_elements: [<selenium.webdriver.remote.webelement.WebElement (session="09d84c548b2c252d58a4f5f738a29460", element="f.55620DBC5A58C67336E1452DC50005F0.d.6AFE8EB00A86E16444C21DBB6C812B7C.e.7895")>]
false_elements: []
2024-12-04 05:52:10,118 - DEBUG - true_comment: 【TrueElement発見】241204_055108: Conoha Wing に jihnu.com にあることを検知しました


2024-12-04 05:52:10,119 - DEBUG - domain_name: jihnu
2024-12-04 05:52:10,119 - DEBUG - 
photo_name: Conoha Wing_jihnu
message: 
    **Conoha Wing** に **jihnu.com** があることを確認できました！

    詳細はスクリーンショットにてご確認ください。
    
2024-12-04 05:52:11,309 - DEBUG - 
 site_name: Conoha Wing
 onamae_name: お名前.com
2024-12-04 05:52:11,310 - DEBUG - domain_extension: .com
2024-12-04 05:52:11,310 - DEBUG - 
url: https://www.conoha.jp/wing/domain/
id: site_B
site_name: Conoha Wing
domain: blog.com
2024-12-04 05:52:17,202 - DEBUG - element_xpath: //strong[text()=".com"]/ancestor::div[@class="resultsUnit"]/descendant::span[@class="buttonApply_title textWeight-bold" and text()="選択"]
2024-12-04 05:52:17,202 - DEBUG - 
 site_name: Conoha Wing
 onamae_name: お名前.com
2024-12-04 05:52:17,209 - WARNING - 指定した要素はありませんでした: //strong[text()=".com"]/ancestor::div[@class="resultsUnit"]/descendant::span[@class="buttonApply_title textWeight-bold" and text()="選択"]
2024-12-04 05:52:17,209 - DEBUG - elements: []
2024-12-04 05:52:17,209 - DEBUG - element_xpath: //li[.//strong[contains(text(), ".com")]]//div[@class="resultsUnitButton_disabled" and contains(text(), "取得できません")]
2024-12-04 05:52:17,209 - DEBUG - 
 site_name: Conoha Wing
 onamae_name: お名前.com
2024-12-04 05:52:17,215 - DEBUG - elements: [<selenium.webdriver.remote.webelement.WebElement (session="09d84c548b2c252d58a4f5f738a29460", element="f.55620DBC5A58C67336E1452DC50005F0.d.B4F0B4973D99DA451361CC6B1A22D788.e.12383")>]
2024-12-04 05:52:17,215 - DEBUG - 
true_elements: []
false_elements: [<selenium.webdriver.remote.webelement.WebElement (session="09d84c548b2c252d58a4f5f738a29460", element="f.55620DBC5A58C67336E1452DC50005F0.d.B4F0B4973D99DA451361CC6B1A22D788.e.12383")>]
2024-12-04 05:52:17,216 - DEBUG - false_comment: 【FalseElement発見】241204_055108 : Conoha Wing に blog.com はありません。


2024-12-04 05:52:17,217 - INFO - 探しているドメインは site_B Conoha Wing サイトにはありませんでした: blog.com
2024-12-04 05:52:17,217 - DEBUG - 
 site_name: Conoha Wing
 onamae_name: お名前.com
2024-12-04 05:52:17,217 - DEBUG - domain_extension: .tokyo
2024-12-04 05:52:17,217 - DEBUG - 
url: https://www.conoha.jp/wing/domain/
id: site_B
site_name: Conoha Wing
domain: blog.tokyo
2024-12-04 05:52:21,106 - DEBUG - element_xpath: //strong[text()=".tokyo"]/ancestor::div[@class="resultsUnit"]/descendant::span[@class="buttonApply_title textWeight-bold" and text()="選択"]
2024-12-04 05:52:21,106 - DEBUG - 
 site_name: Conoha Wing
 onamae_name: お名前.com
2024-12-04 05:52:21,117 - WARNING - 指定した要素はありませんでした: //strong[text()=".tokyo"]/ancestor::div[@class="resultsUnit"]/descendant::span[@class="buttonApply_title textWeight-bold" and text()="選択"]
2024-12-04 05:52:21,117 - DEBUG - elements: []
2024-12-04 05:52:21,117 - DEBUG - element_xpath: //li[.//strong[contains(text(), ".tokyo")]]//div[@class="resultsUnitButton_disabled" and contains(text(), "取得できません")]
2024-12-04 05:52:21,117 - DEBUG - 
 site_name: Conoha Wing
 onamae_name: お名前.com
2024-12-04 05:52:21,123 - DEBUG - elements: [<selenium.webdriver.remote.webelement.WebElement (session="09d84c548b2c252d58a4f5f738a29460", element="f.55620DBC5A58C67336E1452DC50005F0.d.2637323F3D16646622C9E191A401265C.e.16927")>]
2024-12-04 05:52:21,123 - DEBUG - 
true_elements: []
false_elements: [<selenium.webdriver.remote.webelement.WebElement (session="09d84c548b2c252d58a4f5f738a29460", element="f.55620DBC5A58C67336E1452DC50005F0.d.2637323F3D16646622C9E191A401265C.e.16927")>]
2024-12-04 05:52:21,123 - DEBUG - false_comment: 【FalseElement発見】241204_055108 : Conoha Wing に blog.tokyo はありません。


2024-12-04 05:52:21,125 - INFO - 探しているドメインは site_B Conoha Wing サイトにはありませんでした: blog.tokyo
2024-12-04 05:52:21,125 - DEBUG - 
 site_name: Conoha Wing
 onamae_name: お名前.com
2024-12-04 05:52:21,125 - DEBUG - domain_extension: .tokyo
2024-12-04 05:52:21,125 - DEBUG - 
url: https://www.conoha.jp/wing/domain/
id: site_B
site_name: Conoha Wing
domain: blog.tokyo
2024-12-04 05:52:26,403 - DEBUG - element_xpath: //strong[text()=".tokyo"]/ancestor::div[@class="resultsUnit"]/descendant::span[@class="buttonApply_title textWeight-bold" and text()="選択"]
2024-12-04 05:52:26,403 - DEBUG - 
 site_name: Conoha Wing
 onamae_name: お名前.com
2024-12-04 05:52:26,408 - WARNING - 指定した要素はありませんでした: //strong[text()=".tokyo"]/ancestor::div[@class="resultsUnit"]/descendant::span[@class="buttonApply_title textWeight-bold" and text()="選択"]
2024-12-04 05:52:26,408 - DEBUG - elements: []
2024-12-04 05:52:26,408 - DEBUG - element_xpath: //li[.//strong[contains(text(), ".tokyo")]]//div[@class="resultsUnitButton_disabled" and contains(text(), "取得できません")]
2024-12-04 05:52:26,408 - DEBUG - 
 site_name: Conoha Wing
 onamae_name: お名前.com
2024-12-04 05:52:26,414 - DEBUG - elements: [<selenium.webdriver.remote.webelement.WebElement (session="09d84c548b2c252d58a4f5f738a29460", element="f.55620DBC5A58C67336E1452DC50005F0.d.51860A7C089273DAEA68D416BDA53B7B.e.21232")>]
2024-12-04 05:52:26,414 - DEBUG - 
true_elements: []
false_elements: [<selenium.webdriver.remote.webelement.WebElement (session="09d84c548b2c252d58a4f5f738a29460", element="f.55620DBC5A58C67336E1452DC50005F0.d.51860A7C089273DAEA68D416BDA53B7B.e.21232")>]
2024-12-04 05:52:26,414 - DEBUG - false_comment: 【FalseElement発見】241204_055108 : Conoha Wing に blog.tokyo はありません。


2024-12-04 05:52:26,416 - INFO - 探しているドメインは site_B Conoha Wing サイトにはありませんでした: blog.tokyo
2024-12-04 05:52:26,422 - DEBUG - 
domain_list: ['jihnu.com', 'jihnu.com', 'netz-okhotsk.jp', 'netz-okhotsk.jp', 'blog.tokyo']
search_xpath_list: ["//div[@class='searchWithoutPulldown']//input[@type='text']", "//div[@class='searchWithoutPulldown']//button[@type='submit']"]
true_xpath_list: ['//td[@data-tld="{extension}"]/descendant::span[@class="search-result-item__name__icon is-border-search-checkbox" and text()="プレミアムドメイン"]', '//td[@data-tld="{extension}"]/descendant::span[@class="search-result-item__name__icon is-border-search-checkbox" and text()="可能性あり"]', '//td[@data-tld="{extension}"]/descendant::span[@class="search-result-item__name__icon is-border-search-checkbox" and text()="通常"]']
false_xpath_list: ['//tbody[contains(@class, \'result-ribon-desired-domain-table\')]/tr/td[@data-tld="{extension}"]/descendant::span[@class="search-result-item__name__icon is-border-search-checkbox" and text()="メール通知"]', '//tbody[contains(@class, \'result-ribon-desired-domain-table\')]/tr//td[@data-tld="{extension}"]/descendant::span[@class="search-result-item__name__icon" and text()="登録不可"]']
2024-12-04 05:52:26,422 - DEBUG - 
search_input_element: //div[@class='searchWithoutPulldown']//input[@type='text']
search_bar_element: //div[@class='searchWithoutPulldown']//button[@type='submit']
2024-12-04 05:52:26,422 - DEBUG - 
 site_name: お名前.com
 onamae_name: お名前.com
2024-12-04 05:52:26,422 - DEBUG - お名前ドットコムのドメイン: com
2024-12-04 05:52:26,422 - DEBUG - 
url: https://www.onamae.com/service/domainregist/
id: site_C
site_name: お名前.com
domain: jihnu.com
2024-12-04 05:52:36,680 - DEBUG - element_xpath: //td[@data-tld="com"]/descendant::span[@class="search-result-item__name__icon is-border-search-checkbox" and text()="プレミアムドメイン"]
2024-12-04 05:52:36,680 - DEBUG - 
 site_name: お名前.com
 onamae_name: お名前.com
2024-12-04 05:52:41,694 - WARNING - 指定した要素はありませんでした: //td[@data-tld="com"]/descendant::span[@class="search-result-item__name__icon is-border-search-checkbox" and text()="プレミアムドメイン"]
2024-12-04 05:52:41,694 - DEBUG - element_xpath: //td[@data-tld="com"]/descendant::span[@class="search-result-item__name__icon is-border-search-checkbox" and text()="可能性あり"]
2024-12-04 05:52:41,694 - DEBUG - 
 site_name: お名前.com
 onamae_name: お名前.com
2024-12-04 05:52:46,710 - WARNING - 指定した要素はありませんでした: //td[@data-tld="com"]/descendant::span[@class="search-result-item__name__icon is-border-search-checkbox" and text()="可能性あり"]
2024-12-04 05:52:46,711 - DEBUG - element_xpath: //td[@data-tld="com"]/descendant::span[@class="search-result-item__name__icon is-border-search-checkbox" and text()="通常"]
2024-12-04 05:52:46,713 - DEBUG - 
 site_name: お名前.com
 onamae_name: お名前.com
2024-12-04 05:52:51,724 - DEBUG - elements: [<selenium.webdriver.remote.webelement.WebElement (session="09d84c548b2c252d58a4f5f738a29460", element="f.55620DBC5A58C67336E1452DC50005F0.d.1EF330E978A377044799AD8706176ACA.e.8552")>]
2024-12-04 05:52:51,724 - DEBUG - element_xpath: //tbody[contains(@class, 'result-ribon-desired-domain-table')]/tr/td[@data-tld="com"]/descendant::span[@class="search-result-item__name__icon is-border-search-checkbox" and text()="メール通知"]
2024-12-04 05:52:51,724 - DEBUG - 
 site_name: お名前.com
 onamae_name: お名前.com
2024-12-04 05:52:56,739 - WARNING - 指定した要素はありませんでした: //tbody[contains(@class, 'result-ribon-desired-domain-table')]/tr/td[@data-tld="com"]/descendant::span[@class="search-result-item__name__icon is-border-search-checkbox" and text()="メール通知"]
2024-12-04 05:52:56,739 - DEBUG - element_xpath: //tbody[contains(@class, 'result-ribon-desired-domain-table')]/tr//td[@data-tld="com"]/descendant::span[@class="search-result-item__name__icon" and text()="登録不可"]
2024-12-04 05:52:56,739 - DEBUG - 
 site_name: お名前.com
 onamae_name: お名前.com
2024-12-04 05:53:01,753 - WARNING - 指定した要素はありませんでした: //tbody[contains(@class, 'result-ribon-desired-domain-table')]/tr//td[@data-tld="com"]/descendant::span[@class="search-result-item__name__icon" and text()="登録不可"]
2024-12-04 05:53:01,753 - DEBUG - elements: []
2024-12-04 05:53:01,753 - DEBUG - 
true_elements: [<selenium.webdriver.remote.webelement.WebElement (session="09d84c548b2c252d58a4f5f738a29460", element="f.55620DBC5A58C67336E1452DC50005F0.d.1EF330E978A377044799AD8706176ACA.e.8552")>]
false_elements: []
2024-12-04 05:53:01,753 - DEBUG - true_comment: 【TrueElement発見】241204_055108: お名前.com に jihnu.com にあることを検知しました


2024-12-04 05:53:01,755 - DEBUG - domain_name: jihnu
2024-12-04 05:53:01,755 - DEBUG - 
photo_name: お名前.com_jihnu
message: 
    **お名前.com** に **jihnu.com** があることを確認できました！

    詳細はスクリーンショットにてご確認ください。
    
2024-12-04 05:53:02,774 - DEBUG - 
 site_name: お名前.com
 onamae_name: お名前.com
2024-12-04 05:53:02,774 - DEBUG - お名前ドットコムのドメイン: com
2024-12-04 05:53:02,774 - DEBUG - 
url: https://www.onamae.com/service/domainregist/
id: site_C
site_name: お名前.com
domain: jihnu.com
2024-12-04 05:53:07,453 - DEBUG - element_xpath: //td[@data-tld="com"]/descendant::span[@class="search-result-item__name__icon is-border-search-checkbox" and text()="プレミアムドメイン"]
2024-12-04 05:53:07,453 - DEBUG - 
 site_name: お名前.com
 onamae_name: お名前.com
2024-12-04 05:53:12,468 - WARNING - 指定した要素はありませんでした: //td[@data-tld="com"]/descendant::span[@class="search-result-item__name__icon is-border-search-checkbox" and text()="プレミアムドメイン"]
2024-12-04 05:53:12,471 - DEBUG - element_xpath: //td[@data-tld="com"]/descendant::span[@class="search-result-item__name__icon is-border-search-checkbox" and text()="可能性あり"]
2024-12-04 05:53:12,471 - DEBUG - 
 site_name: お名前.com
 onamae_name: お名前.com
2024-12-04 05:53:17,480 - WARNING - 指定した要素はありませんでした: //td[@data-tld="com"]/descendant::span[@class="search-result-item__name__icon is-border-search-checkbox" and text()="可能性あり"]
2024-12-04 05:53:17,480 - DEBUG - element_xpath: //td[@data-tld="com"]/descendant::span[@class="search-result-item__name__icon is-border-search-checkbox" and text()="通常"]
2024-12-04 05:53:17,480 - DEBUG - 
 site_name: お名前.com
 onamae_name: お名前.com
2024-12-04 05:53:22,490 - DEBUG - elements: [<selenium.webdriver.remote.webelement.WebElement (session="09d84c548b2c252d58a4f5f738a29460", element="f.55620DBC5A58C67336E1452DC50005F0.d.4B88A5D5D197122185042EDF51DADF4D.e.17148")>]
2024-12-04 05:53:22,490 - DEBUG - element_xpath: //tbody[contains(@class, 'result-ribon-desired-domain-table')]/tr/td[@data-tld="com"]/descendant::span[@class="search-result-item__name__icon is-border-search-checkbox" and text()="メール通知"]
2024-12-04 05:53:22,491 - DEBUG - 
 site_name: お名前.com
 onamae_name: お名前.com
2024-12-04 05:53:27,503 - WARNING - 指定した要素はありませんでした: //tbody[contains(@class, 'result-ribon-desired-domain-table')]/tr/td[@data-tld="com"]/descendant::span[@class="search-result-item__name__icon is-border-search-checkbox" and text()="メール通知"]
2024-12-04 05:53:27,503 - DEBUG - element_xpath: //tbody[contains(@class, 'result-ribon-desired-domain-table')]/tr//td[@data-tld="com"]/descendant::span[@class="search-result-item__name__icon" and text()="登録不可"]
2024-12-04 05:53:27,503 - DEBUG - 
 site_name: お名前.com
 onamae_name: お名前.com
2024-12-04 05:53:32,520 - WARNING - 指定した要素はありませんでした: //tbody[contains(@class, 'result-ribon-desired-domain-table')]/tr//td[@data-tld="com"]/descendant::span[@class="search-result-item__name__icon" and text()="登録不可"]
2024-12-04 05:53:32,521 - DEBUG - elements: []
2024-12-04 05:53:32,522 - DEBUG - 
true_elements: [<selenium.webdriver.remote.webelement.WebElement (session="09d84c548b2c252d58a4f5f738a29460", element="f.55620DBC5A58C67336E1452DC50005F0.d.4B88A5D5D197122185042EDF51DADF4D.e.17148")>]
false_elements: []
2024-12-04 05:53:32,522 - DEBUG - true_comment: 【TrueElement発見】241204_055108: お名前.com に jihnu.com にあることを検知しました


2024-12-04 05:53:32,528 - DEBUG - domain_name: jihnu
2024-12-04 05:53:32,528 - DEBUG - 
photo_name: お名前.com_jihnu
message: 
    **お名前.com** に **jihnu.com** があることを確認できました！

    詳細はスクリーンショットにてご確認ください。
    
2024-12-04 05:53:33,884 - DEBUG - 
 site_name: お名前.com
 onamae_name: お名前.com
2024-12-04 05:53:33,885 - DEBUG - お名前ドットコムのドメイン: jp
2024-12-04 05:53:33,885 - DEBUG - 
url: https://www.onamae.com/service/domainregist/
id: site_C
site_name: お名前.com
domain: netz-okhotsk.jp
2024-12-04 05:53:41,897 - DEBUG - element_xpath: //td[@data-tld="jp"]/descendant::span[@class="search-result-item__name__icon is-border-search-checkbox" and text()="プレミアムドメイン"]
2024-12-04 05:53:41,898 - DEBUG - 
 site_name: お名前.com
 onamae_name: お名前.com
2024-12-04 05:53:46,915 - WARNING - 指定した要素はありませんでした: //td[@data-tld="jp"]/descendant::span[@class="search-result-item__name__icon is-border-search-checkbox" and text()="プレミアムドメイン"]
2024-12-04 05:53:46,915 - DEBUG - element_xpath: //td[@data-tld="jp"]/descendant::span[@class="search-result-item__name__icon is-border-search-checkbox" and text()="可能性あり"]
2024-12-04 05:53:46,915 - DEBUG - 
 site_name: お名前.com
 onamae_name: お名前.com
2024-12-04 05:53:51,926 - WARNING - 指定した要素はありませんでした: //td[@data-tld="jp"]/descendant::span[@class="search-result-item__name__icon is-border-search-checkbox" and text()="可能性あり"]
2024-12-04 05:53:51,926 - DEBUG - element_xpath: //td[@data-tld="jp"]/descendant::span[@class="search-result-item__name__icon is-border-search-checkbox" and text()="通常"]
2024-12-04 05:53:51,927 - DEBUG - 
 site_name: お名前.com
 onamae_name: お名前.com
2024-12-04 05:53:56,940 - WARNING - 指定した要素はありませんでした: //td[@data-tld="jp"]/descendant::span[@class="search-result-item__name__icon is-border-search-checkbox" and text()="通常"]
2024-12-04 05:53:56,940 - DEBUG - elements: []
2024-12-04 05:53:56,940 - DEBUG - element_xpath: //tbody[contains(@class, 'result-ribon-desired-domain-table')]/tr/td[@data-tld="jp"]/descendant::span[@class="search-result-item__name__icon is-border-search-checkbox" and text()="メール通知"]
2024-12-04 05:53:56,940 - DEBUG - 
 site_name: お名前.com
 onamae_name: お名前.com
2024-12-04 05:54:01,954 - DEBUG - element_xpath: //tbody[contains(@class, 'result-ribon-desired-domain-table')]/tr//td[@data-tld="jp"]/descendant::span[@class="search-result-item__name__icon" and text()="登録不可"]
2024-12-04 05:54:01,954 - DEBUG - 
 site_name: お名前.com
 onamae_name: お名前.com
2024-12-04 05:54:06,966 - WARNING - 指定した要素はありませんでした: //tbody[contains(@class, 'result-ribon-desired-domain-table')]/tr//td[@data-tld="jp"]/descendant::span[@class="search-result-item__name__icon" and text()="登録不可"]
2024-12-04 05:54:06,966 - DEBUG - elements: [<selenium.webdriver.remote.webelement.WebElement (session="09d84c548b2c252d58a4f5f738a29460", element="f.55620DBC5A58C67336E1452DC50005F0.d.42A4413E9A6FBCCC8FADF476095132F3.e.25738")>]
2024-12-04 05:54:06,966 - DEBUG - 
true_elements: []
false_elements: [<selenium.webdriver.remote.webelement.WebElement (session="09d84c548b2c252d58a4f5f738a29460", element="f.55620DBC5A58C67336E1452DC50005F0.d.42A4413E9A6FBCCC8FADF476095132F3.e.25738")>]
2024-12-04 05:54:06,966 - DEBUG - false_comment: 【FalseElement発見】241204_055108 : お名前.com に netz-okhotsk.jp はありません。


2024-12-04 05:54:06,968 - INFO - 探しているドメインは site_C お名前.com サイトにはありませんでした: netz-okhotsk.jp
2024-12-04 05:54:06,968 - DEBUG - 
 site_name: お名前.com
 onamae_name: お名前.com
2024-12-04 05:54:06,968 - DEBUG - お名前ドットコムのドメイン: jp
2024-12-04 05:54:06,968 - DEBUG - 
url: https://www.onamae.com/service/domainregist/
id: site_C
site_name: お名前.com
domain: netz-okhotsk.jp
2024-12-04 05:54:15,391 - DEBUG - element_xpath: //td[@data-tld="jp"]/descendant::span[@class="search-result-item__name__icon is-border-search-checkbox" and text()="プレミアムドメイン"]
2024-12-04 05:54:15,391 - DEBUG - 
 site_name: お名前.com
 onamae_name: お名前.com
2024-12-04 05:54:20,407 - WARNING - 指定した要素はありませんでした: //td[@data-tld="jp"]/descendant::span[@class="search-result-item__name__icon is-border-search-checkbox" and text()="プレミアムドメイン"]
2024-12-04 05:54:20,407 - DEBUG - element_xpath: //td[@data-tld="jp"]/descendant::span[@class="search-result-item__name__icon is-border-search-checkbox" and text()="可能性あり"]
2024-12-04 05:54:20,407 - DEBUG - 
 site_name: お名前.com
 onamae_name: お名前.com
2024-12-04 05:54:25,417 - WARNING - 指定した要素はありませんでした: //td[@data-tld="jp"]/descendant::span[@class="search-result-item__name__icon is-border-search-checkbox" and text()="可能性あり"]
2024-12-04 05:54:25,418 - DEBUG - element_xpath: //td[@data-tld="jp"]/descendant::span[@class="search-result-item__name__icon is-border-search-checkbox" and text()="通常"]
2024-12-04 05:54:25,418 - DEBUG - 
 site_name: お名前.com
 onamae_name: お名前.com
2024-12-04 05:54:30,436 - WARNING - 指定した要素はありませんでした: //td[@data-tld="jp"]/descendant::span[@class="search-result-item__name__icon is-border-search-checkbox" and text()="通常"]
2024-12-04 05:54:30,436 - DEBUG - elements: []
2024-12-04 05:54:30,436 - DEBUG - element_xpath: //tbody[contains(@class, 'result-ribon-desired-domain-table')]/tr/td[@data-tld="jp"]/descendant::span[@class="search-result-item__name__icon is-border-search-checkbox" and text()="メール通知"]
2024-12-04 05:54:30,436 - DEBUG - 
 site_name: お名前.com
 onamae_name: お名前.com
2024-12-04 05:54:35,446 - DEBUG - element_xpath: //tbody[contains(@class, 'result-ribon-desired-domain-table')]/tr//td[@data-tld="jp"]/descendant::span[@class="search-result-item__name__icon" and text()="登録不可"]
2024-12-04 05:54:35,446 - DEBUG - 
 site_name: お名前.com
 onamae_name: お名前.com
2024-12-04 05:54:40,462 - WARNING - 指定した要素はありませんでした: //tbody[contains(@class, 'result-ribon-desired-domain-table')]/tr//td[@data-tld="jp"]/descendant::span[@class="search-result-item__name__icon" and text()="登録不可"]
2024-12-04 05:54:40,463 - DEBUG - elements: [<selenium.webdriver.remote.webelement.WebElement (session="09d84c548b2c252d58a4f5f738a29460", element="f.55620DBC5A58C67336E1452DC50005F0.d.6FCBDA2B7A86719A85DD654FD03E7BE4.e.34559")>]
2024-12-04 05:54:40,463 - DEBUG - 
true_elements: []
false_elements: [<selenium.webdriver.remote.webelement.WebElement (session="09d84c548b2c252d58a4f5f738a29460", element="f.55620DBC5A58C67336E1452DC50005F0.d.6FCBDA2B7A86719A85DD654FD03E7BE4.e.34559")>]
2024-12-04 05:54:40,463 - DEBUG - false_comment: 【FalseElement発見】241204_055108 : お名前.com に netz-okhotsk.jp はありません。


2024-12-04 05:54:40,465 - INFO - 探しているドメインは site_C お名前.com サイトにはありませんでした: netz-okhotsk.jp
2024-12-04 05:54:40,465 - DEBUG - 
 site_name: お名前.com
 onamae_name: お名前.com
2024-12-04 05:54:40,465 - DEBUG - お名前ドットコムのドメイン: tokyo
2024-12-04 05:54:40,465 - DEBUG - 
url: https://www.onamae.com/service/domainregist/
id: site_C
site_name: お名前.com
domain: blog.tokyo
2024-12-04 05:54:47,665 - DEBUG - element_xpath: //td[@data-tld="tokyo"]/descendant::span[@class="search-result-item__name__icon is-border-search-checkbox" and text()="プレミアムドメイン"]
2024-12-04 05:54:47,666 - DEBUG - 
 site_name: お名前.com
 onamae_name: お名前.com
2024-12-04 05:54:52,680 - WARNING - 指定した要素はありませんでした: //td[@data-tld="tokyo"]/descendant::span[@class="search-result-item__name__icon is-border-search-checkbox" and text()="プレミアムドメイン"]
2024-12-04 05:54:52,680 - DEBUG - element_xpath: //td[@data-tld="tokyo"]/descendant::span[@class="search-result-item__name__icon is-border-search-checkbox" and text()="可能性あり"]
2024-12-04 05:54:52,680 - DEBUG - 
 site_name: お名前.com
 onamae_name: お名前.com
2024-12-04 05:54:57,706 - WARNING - 指定した要素はありませんでした: //td[@data-tld="tokyo"]/descendant::span[@class="search-result-item__name__icon is-border-search-checkbox" and text()="可能性あり"]
2024-12-04 05:54:57,706 - DEBUG - element_xpath: //td[@data-tld="tokyo"]/descendant::span[@class="search-result-item__name__icon is-border-search-checkbox" and text()="通常"]
2024-12-04 05:54:57,706 - DEBUG - 
 site_name: お名前.com
 onamae_name: お名前.com
2024-12-04 05:55:02,721 - WARNING - 指定した要素はありませんでした: //td[@data-tld="tokyo"]/descendant::span[@class="search-result-item__name__icon is-border-search-checkbox" and text()="通常"]
2024-12-04 05:55:02,721 - DEBUG - elements: []
2024-12-04 05:55:02,722 - DEBUG - element_xpath: //tbody[contains(@class, 'result-ribon-desired-domain-table')]/tr/td[@data-tld="tokyo"]/descendant::span[@class="search-result-item__name__icon is-border-search-checkbox" and text()="メール通知"]
2024-12-04 05:55:02,722 - DEBUG - 
 site_name: お名前.com
 onamae_name: お名前.com
2024-12-04 05:55:07,735 - WARNING - 指定した要素はありませんでした: //tbody[contains(@class, 'result-ribon-desired-domain-table')]/tr/td[@data-tld="tokyo"]/descendant::span[@class="search-result-item__name__icon is-border-search-checkbox" and text()="メール通知"]
2024-12-04 05:55:07,736 - DEBUG - element_xpath: //tbody[contains(@class, 'result-ribon-desired-domain-table')]/tr//td[@data-tld="tokyo"]/descendant::span[@class="search-result-item__name__icon" and text()="登録不可"]
2024-12-04 05:55:07,736 - DEBUG - 
 site_name: お名前.com
 onamae_name: お名前.com
2024-12-04 05:55:12,755 - DEBUG - elements: [<selenium.webdriver.remote.webelement.WebElement (session="09d84c548b2c252d58a4f5f738a29460", element="f.55620DBC5A58C67336E1452DC50005F0.d.651ABDA8FAE02D025FFE1B06632E05B5.e.43157")>]
2024-12-04 05:55:12,755 - DEBUG - 
true_elements: []
false_elements: [<selenium.webdriver.remote.webelement.WebElement (session="09d84c548b2c252d58a4f5f738a29460", element="f.55620DBC5A58C67336E1452DC50005F0.d.651ABDA8FAE02D025FFE1B06632E05B5.e.43157")>]
2024-12-04 05:55:12,755 - DEBUG - false_comment: 【FalseElement発見】241204_055108 : お名前.com に blog.tokyo はありません。


2024-12-04 05:55:12,758 - INFO - 探しているドメインは site_C お名前.com サイトにはありませんでした: blog.tokyo
